# JRE version: OpenJDK Runtime Environment (8.0_312-b07) (build 1.8.0_312-b07)
# Java VM: OpenJDK 64-Bit Server VM (25.312-b07 mixed mode linux-amd64 compressed oops)
Heap:
 def new generation   total 17920K, used 0K [0x00000000e0000000, 0x00000000e1370000, 0x00000000eaaa0000)
  eden space 15936K,   0% used [0x00000000e0000000, 0x00000000e0000000, 0x00000000e0f90000)
  from space 1984K,   0% used [0x00000000e0f90000, 0x00000000e0f90000, 0x00000000e1180000)
  to   space 1984K,   0% used [0x00000000e1180000, 0x00000000e1180000, 0x00000000e1370000)
 tenured generation   total 39908K, used 33641K [0x00000000eaaa0000, 0x00000000ed199000, 0x0000000100000000)
   the space 39908K,  84% used [0x00000000eaaa0000, 0x00000000ecb7a540, 0x00000000ecb7a600, 0x00000000ed199000)
 Metaspace       used 67465K, capacity 72036K, committed 72064K, reserved 1112064K
  class space    used 9361K, capacity 10102K, committed 10112K, reserved 1048576K
GC Heap History (250 events):
Event: 3.382 GC heap after
Heap after GC invocations=33 (full 1):
 def new generation   total 4992K, used 422K [0x00000000e0000000, 0x00000000e0560000, 0x00000000eaaa0000)
  eden space 4480K,   0% used [0x00000000e0000000, 0x00000000e0000000, 0x00000000e0460000)
  from space 512K,  82% used [0x00000000e0460000, 0x00000000e04c9930, 0x00000000e04e0000)
  to   space 512K,   0% used [0x00000000e04e0000, 0x00000000e04e0000, 0x00000000e0560000)
 tenured generation   total 10944K, used 6707K [0x00000000eaaa0000, 0x00000000eb550000, 0x0000000100000000)
   the space 10944K,  61% used [0x00000000eaaa0000, 0x00000000eb12cd40, 0x00000000eb12ce00, 0x00000000eb550000)
 Metaspace       used 20940K, capacity 22530K, committed 22656K, reserved 1069056K
  class space    used 2756K, capacity 3085K, committed 3200K, reserved 1048576K
}
Event: 3.424 GC heap before
{Heap before GC invocations=33 (full 1):
 def new generation   total 4992K, used 4902K [0x00000000e0000000, 0x00000000e0560000, 0x00000000eaaa0000)
  eden space 4480K, 100% used [0x00000000e0000000, 0x00000000e0460000, 0x00000000e0460000)
  from space 512K,  82% used [0x00000000e0460000, 0x00000000e04c9930, 0x00000000e04e0000)
  to   space 512K,   0% used [0x00000000e04e0000, 0x00000000e04e0000, 0x00000000e0560000)
 tenured generation   total 10944K, used 6707K [0x00000000eaaa0000, 0x00000000eb550000, 0x0000000100000000)
   the space 10944K,  61% used [0x00000000eaaa0000, 0x00000000eb12cd40, 0x00000000eb12ce00, 0x00000000eb550000)
 Metaspace       used 21096K, capacity 22658K, committed 22912K, reserved 1069056K
  class space    used 2768K, capacity 3085K, committed 3200K, reserved 1048576K
Event: 3.426 GC heap after
Heap after GC invocations=34 (full 1):
 def new generation   total 4992K, used 374K [0x00000000e0000000, 0x00000000e0560000, 0x00000000eaaa0000)
  eden space 4480K,   0% used [0x00000000e0000000, 0x00000000e0000000, 0x00000000e0460000)
  from space 512K,  73% used [0x00000000e04e0000, 0x00000000e053dbf0, 0x00000000e0560000)
  to   space 512K,   0% used [0x00000000e0460000, 0x00000000e0460000, 0x00000000e04e0000)
 tenured generation   total 10944K, used 6953K [0x00000000eaaa0000, 0x00000000eb550000, 0x0000000100000000)
   the space 10944K,  63% used [0x00000000eaaa0000, 0x00000000eb16a450, 0x00000000eb16a600, 0x00000000eb550000)
 Metaspace       used 21096K, capacity 22658K, committed 22912K, reserved 1069056K
  class space    used 2768K, capacity 3085K, committed 3200K, reserved 1048576K
}
Event: 3.512 GC heap before
{Heap before GC invocations=34 (full 1):
 def new generation   total 4992K, used 4854K [0x00000000e0000000, 0x00000000e0560000, 0x00000000eaaa0000)
  eden space 4480K, 100% used [0x00000000e0000000, 0x00000000e0460000, 0x00000000e0460000)
  from space 512K,  73% used [0x00000000e04e0000, 0x00000000e053dbf0, 0x00000000e0560000)
  to   space 512K,   0% used [0x00000000e0460000, 0x00000000e0460000, 0x00000000e04e0000)
 tenured generation   total 10944K, used 6953K [0x00000000eaaa0000, 0x00000000eb550000, 0x0000000100000000)
   the space 10944K,  63% used [0x00000000eaaa0000, 0x00000000eb16a450, 0x00000000eb16a600, 0x00000000eb550000)
 Metaspace       used 21300K, capacity 22850K, committed 23168K, reserved 1069056K
  class space    used 2797K, capacity 3123K, committed 3200K, reserved 1048576K
Event: 3.514 GC heap after
Heap after GC invocations=35 (full 1):
 def new generation   total 4992K, used 512K [0x00000000e0000000, 0x00000000e0560000, 0x00000000eaaa0000)
  eden space 4480K,   0% used [0x00000000e0000000, 0x00000000e0000000, 0x00000000e0460000)
  from space 512K, 100% used [0x00000000e0460000, 0x00000000e04e0000, 0x00000000e04e0000)
  to   space 512K,   0% used [0x00000000e04e0000, 0x00000000e04e0000, 0x00000000e0560000)
 tenured generation   total 10944K, used 7163K [0x00000000eaaa0000, 0x00000000eb550000, 0x0000000100000000)
   the space 10944K,  65% used [0x00000000eaaa0000, 0x00000000eb19ef90, 0x00000000eb19f000, 0x00000000eb550000)
 Metaspace       used 21300K, capacity 22850K, committed 23168K, reserved 1069056K
  class space    used 2797K, capacity 3123K, committed 3200K, reserved 1048576K
}
Event: 3.556 GC heap before
{Heap before GC invocations=35 (full 1):
 def new generation   total 4992K, used 4992K [0x00000000e0000000, 0x00000000e0560000, 0x00000000eaaa0000)
  eden space 4480K, 100% used [0x00000000e0000000, 0x00000000e0460000, 0x00000000e0460000)
  from space 512K, 100% used [0x00000000e0460000, 0x00000000e04e0000, 0x00000000e04e0000)
  to   space 512K,   0% used [0x00000000e04e0000, 0x00000000e04e0000, 0x00000000e0560000)
 tenured generation   total 10944K, used 7163K [0x00000000eaaa0000, 0x00000000eb550000, 0x0000000100000000)
   the space 10944K,  65% used [0x00000000eaaa0000, 0x00000000eb19ef90, 0x00000000eb19f000, 0x00000000eb550000)
 Metaspace       used 21571K, capacity 23106K, committed 23424K, reserved 1069056K
  class space    used 2818K, capacity 3123K, committed 3200K, reserved 1048576K
Event: 3.558 GC heap after
Heap after GC invocations=36 (full 1):
 def new generation   total 4992K, used 303K [0x00000000e0000000, 0x00000000e0560000, 0x00000000eaaa0000)
  eden space 4480K,   0% used [0x00000000e0000000, 0x00000000e0000000, 0x00000000e0460000)
  from space 512K,  59% used [0x00000000e04e0000, 0x00000000e052be48, 0x00000000e0560000)
  to   space 512K,   0% used [0x00000000e0460000, 0x00000000e0460000, 0x00000000e04e0000)
 tenured generation   total 10944K, used 7560K [0x00000000eaaa0000, 0x00000000eb550000, 0x0000000100000000)
   the space 10944K,  69% used [0x00000000eaaa0000, 0x00000000eb202128, 0x00000000eb202200, 0x00000000eb550000)
 Metaspace       used 21571K, capacity 23106K, committed 23424K, reserved 1069056K
  class space    used 2818K, capacity 3123K, committed 3200K, reserved 1048576K
}
Event: 3.560 GC heap before
{Heap before GC invocations=36 (full 1):
 def new generation   total 4992K, used 4780K [0x00000000e0000000, 0x00000000e0560000, 0x00000000eaaa0000)
  eden space 4480K,  99% used [0x00000000e0000000, 0x00000000e045f1c8, 0x00000000e0460000)
  from space 512K,  59% used [0x00000000e04e0000, 0x00000000e052be48, 0x00000000e0560000)
  to   space 512K,   0% used [0x00000000e0460000, 0x00000000e0460000, 0x00000000e04e0000)
 tenured generation   total 10944K, used 7560K [0x00000000eaaa0000, 0x00000000eb550000, 0x0000000100000000)
   the space 10944K,  69% used [0x00000000eaaa0000, 0x00000000eb202128, 0x00000000eb202200, 0x00000000eb550000)
 Metaspace       used 21584K, capacity 23106K, committed 23424K, reserved 1069056K
  class space    used 2819K, capacity 3123K, committed 3200K, reserved 1048576K
Event: 3.561 GC heap after
Heap after GC invocations=37 (full 1):
 def new generation   total 4992K, used 62K [0x00000000e0000000, 0x00000000e0560000, 0x00000000eaaa0000)
  eden space 4480K,   0% used [0x00000000e0000000, 0x00000000e0000000, 0x00000000e0460000)
  from space 512K,  12% used [0x00000000e0460000, 0x00000000e046fa38, 0x00000000e04e0000)
  to   space 512K,   0% used [0x00000000e04e0000, 0x00000000e04e0000, 0x00000000e0560000)
 tenured generation   total 10944K, used 7664K [0x00000000eaaa0000, 0x00000000eb550000, 0x0000000100000000)
   the space 10944K,  70% used [0x00000000eaaa0000, 0x00000000eb21c0c8, 0x00000000eb21c200, 0x00000000eb550000)
 Metaspace       used 21584K, capacity 23106K, committed 23424K, reserved 1069056K
  class space    used 2819K, capacity 3123K, committed 3200K, reserved 1048576K
}
Event: 3.562 GC heap before
{Heap before GC invocations=37 (full 1):
 def new generation   total 4992K, used 4513K [0x00000000e0000000, 0x00000000e0560000, 0x00000000eaaa0000)
  eden space 4480K,  99% used [0x00000000e0000000, 0x00000000e0458a10, 0x00000000e0460000)
  from space 512K,  12% used [0x00000000e0460000, 0x00000000e046fa38, 0x00000000e04e0000)
  to   space 512K,   0% used [0x00000000e04e0000, 0x00000000e04e0000, 0x00000000e0560000)
 tenured generation   total 10944K, used 7664K [0x00000000eaaa0000, 0x00000000eb550000, 0x0000000100000000)
   the space 10944K,  70% used [0x00000000eaaa0000, 0x00000000eb21c0c8, 0x00000000eb21c200, 0x00000000eb550000)
 Metaspace       used 21584K, capacity 23106K, committed 23424K, reserved 1069056K
  class space    used 2819K, capacity 3123K, committed 3200K, reserved 1048576K
Event: 3.562 GC heap after
Heap after GC invocations=38 (full 1):
 def new generation   total 4992K, used 60K [0x00000000e0000000, 0x00000000e0560000, 0x00000000eaaa0000)
  eden space 4480K,   0% used [0x00000000e0000000, 0x00000000e0000000, 0x00000000e0460000)
  from space 512K,  11% used [0x00000000e04e0000, 0x00000000e04ef3d0, 0x00000000e0560000)
  to   space 512K,   0% used [0x00000000e0460000, 0x00000000e0460000, 0x00000000e04e0000)
 tenured generation   total 10944K, used 7664K [0x00000000eaaa0000, 0x00000000eb550000, 0x0000000100000000)
   the space 10944K,  70% used [0x00000000eaaa0000, 0x00000000eb21c0c8, 0x00000000eb21c200, 0x00000000eb550000)
 Metaspace       used 21584K, capacity 23106K, committed 23424K, reserved 1069056K
  class space    used 2819K, capacity 3123K, committed 3200K, reserved 1048576K
}
Event: 3.563 GC heap before
{Heap before GC invocations=38 (full 1):
 def new generation   total 4992K, used 4536K [0x00000000e0000000, 0x00000000e0560000, 0x00000000eaaa0000)
  eden space 4480K,  99% used [0x00000000e0000000, 0x00000000e045ecb8, 0x00000000e0460000)
  from space 512K,  11% used [0x00000000e04e0000, 0x00000000e04ef3d0, 0x00000000e0560000)
  to   space 512K,   0% used [0x00000000e0460000, 0x00000000e0460000, 0x00000000e04e0000)
 tenured generation   total 10944K, used 7664K [0x00000000eaaa0000, 0x00000000eb550000, 0x0000000100000000)
   the space 10944K,  70% used [0x00000000eaaa0000, 0x00000000eb21c0c8, 0x00000000eb21c200, 0x00000000eb550000)
 Metaspace       used 21584K, capacity 23106K, committed 23424K, reserved 1069056K
  class space    used 2819K, capacity 3123K, committed 3200K, reserved 1048576K
Event: 3.564 GC heap after
Heap after GC invocations=39 (full 1):
 def new generation   total 4992K, used 68K [0x00000000e0000000, 0x00000000e0560000, 0x00000000eaaa0000)
  eden space 4480K,   0% used [0x00000000e0000000, 0x00000000e0000000, 0x00000000e0460000)
  from space 512K,  13% used [0x00000000e0460000, 0x00000000e0471358, 0x00000000e04e0000)
  to   space 512K,   0% used [0x00000000e04e0000, 0x00000000e04e0000, 0x00000000e0560000)
 tenured generation   total 10944K, used 7664K [0x00000000eaaa0000, 0x00000000eb550000, 0x0000000100000000)
   the space 10944K,  70% used [0x00000000eaaa0000, 0x00000000eb21c0c8, 0x00000000eb21c200, 0x00000000eb550000)
 Metaspace       used 21584K, capacity 23106K, committed 23424K, reserved 1069056K
  class space    used 2819K, capacity 3123K, committed 3200K, reserved 1048576K
}
Event: 3.564 GC heap before
{Heap before GC invocations=39 (full 1):
 def new generation   total 4992K, used 4514K [0x00000000e0000000, 0x00000000e0560000, 0x00000000eaaa0000)
  eden space 4480K,  99% used [0x00000000e0000000, 0x00000000e04577f8, 0x00000000e0460000)
  from space 512K,  13% used [0x00000000e0460000, 0x00000000e0471358, 0x00000000e04e0000)
  to   space 512K,   0% used [0x00000000e04e0000, 0x00000000e04e0000, 0x00000000e0560000)
 tenured generation   total 10944K, used 7664K [0x00000000eaaa0000, 0x00000000eb550000, 0x0000000100000000)
   the space 10944K,  70% used [0x00000000eaaa0000, 0x00000000eb21c0c8, 0x00000000eb21c200, 0x00000000eb550000)
 Metaspace       used 21584K, capacity 23106K, committed 23424K, reserved 1069056K
  class space    used 2819K, capacity 3123K, committed 3200K, reserved 1048576K
Event: 3.565 GC heap after
Heap after GC invocations=40 (full 1):
 def new generation   total 4992K, used 75K [0x00000000e0000000, 0x00000000e0560000, 0x00000000eaaa0000)
  eden space 4480K,   0% used [0x00000000e0000000, 0x00000000e0000000, 0x00000000e0460000)
  from space 512K,  14% used [0x00000000e04e0000, 0x00000000e04f2dc0, 0x00000000e0560000)
  to   space 512K,   0% used [0x00000000e0460000, 0x00000000e0460000, 0x00000000e04e0000)
 tenured generation   total 10944K, used 7664K [0x00000000eaaa0000, 0x00000000eb550000, 0x0000000100000000)
   the space 10944K,  70% used [0x00000000eaaa0000, 0x00000000eb21c0c8, 0x00000000eb21c200, 0x00000000eb550000)
 Metaspace       used 21584K, capacity 23106K, committed 23424K, reserved 1069056K
  class space    used 2819K, capacity 3123K, committed 3200K, reserved 1048576K
}
Event: 3.567 GC heap before
{Heap before GC invocations=40 (full 1):
 def new generation   total 4992K, used 4546K [0x00000000e0000000, 0x00000000e0560000, 0x00000000eaaa0000)
  eden space 4480K,  99% used [0x00000000e0000000, 0x00000000e045dbc8, 0x00000000e0460000)
  from space 512K,  14% used [0x00000000e04e0000, 0x00000000e04f2dc0, 0x00000000e0560000)
  to   space 512K,   0% used [0x00000000e0460000, 0x00000000e0460000, 0x00000000e04e0000)
 tenured generation   total 10944K, used 7664K [0x00000000eaaa0000, 0x00000000eb550000, 0x0000000100000000)
   the space 10944K,  70% used [0x00000000eaaa0000, 0x00000000eb21c0c8, 0x00000000eb21c200, 0x00000000eb550000)
 Metaspace       used 21584K, capacity 23106K, committed 23424K, reserved 1069056K
  class space    used 2819K, capacity 3123K, committed 3200K, reserved 1048576K
Event: 3.567 GC heap after
Heap after GC invocations=41 (full 1):
 def new generation   total 4992K, used 81K [0x00000000e0000000, 0x00000000e0560000, 0x00000000eaaa0000)
  eden space 4480K,   0% used [0x00000000e0000000, 0x00000000e0000000, 0x00000000e0460000)
  from space 512K,  15% used [0x00000000e0460000, 0x00000000e04744f0, 0x00000000e04e0000)
  to   space 512K,   0% used [0x00000000e04e0000, 0x00000000e04e0000, 0x00000000e0560000)
 tenured generation   total 10944K, used 7664K [0x00000000eaaa0000, 0x00000000eb550000, 0x0000000100000000)
   the space 10944K,  70% used [0x00000000eaaa0000, 0x00000000eb21c0c8, 0x00000000eb21c200, 0x00000000eb550000)
 Metaspace       used 21584K, capacity 23106K, committed 23424K, reserved 1069056K
  class space    used 2819K, capacity 3123K, committed 3200K, reserved 1048576K
}
Event: 3.568 GC heap before
{Heap before GC invocations=41 (full 1):
 def new generation   total 4992K, used 4505K [0x00000000e0000000, 0x00000000e0560000, 0x00000000eaaa0000)
  eden space 4480K,  98% used [0x00000000e0000000, 0x00000000e04521f8, 0x00000000e0460000)
  from space 512K,  15% used [0x00000000e0460000, 0x00000000e04744f0, 0x00000000e04e0000)
  to   space 512K,   0% used [0x00000000e04e0000, 0x00000000e04e0000, 0x00000000e0560000)
 tenured generation   total 10944K, used 7664K [0x00000000eaaa0000, 0x00000000eb550000, 0x0000000100000000)
   the space 10944K,  70% used [0x00000000eaaa0000, 0x00000000eb21c0c8, 0x00000000eb21c200, 0x00000000eb550000)
 Metaspace       used 21584K, capacity 23106K, committed 23424K, reserved 1069056K
  class space    used 2819K, capacity 3123K, committed 3200K, reserved 1048576K
Event: 3.569 GC heap after
Heap after GC invocations=42 (full 1):
 def new generation   total 4992K, used 86K [0x00000000e0000000, 0x00000000e0560000, 0x00000000eaaa0000)
  eden space 4480K,   0% used [0x00000000e0000000, 0x00000000e0000000, 0x00000000e0460000)
  from space 512K,  16% used [0x00000000e04e0000, 0x00000000e04f59b0, 0x00000000e0560000)
  to   space 512K,   0% used [0x00000000e0460000, 0x00000000e0460000, 0x00000000e04e0000)
 tenured generation   total 10944K, used 7664K [0x00000000eaaa0000, 0x00000000eb550000, 0x0000000100000000)
   the space 10944K,  70% used [0x00000000eaaa0000, 0x00000000eb21c0c8, 0x00000000eb21c200, 0x00000000eb550000)
 Metaspace       used 21584K, capacity 23106K, committed 23424K, reserved 1069056K
  class space    used 2819K, capacity 3123K, committed 3200K, reserved 1048576K
}
Event: 3.576 GC heap before
{Heap before GC invocations=42 (full 1):
 def new generation   total 4992K, used 4517K [0x00000000e0000000, 0x00000000e0560000, 0x00000000eaaa0000)
  eden space 4480K,  98% used [0x00000000e0000000, 0x00000000e0453c78, 0x00000000e0460000)
  from space 512K,  16% used [0x00000000e04e0000, 0x00000000e04f59b0, 0x00000000e0560000)
  to   space 512K,   0% used [0x00000000e0460000, 0x00000000e0460000, 0x00000000e04e0000)
 tenured generation   total 10944K, used 7664K [0x00000000eaaa0000, 0x00000000eb550000, 0x0000000100000000)
   the space 10944K,  70% used [0x00000000eaaa0000, 0x00000000eb21c0c8, 0x00000000eb21c200, 0x00000000eb550000)
 Metaspace       used 21584K, capacity 23106K, committed 23424K, reserved 1069056K
  class space    used 2819K, capacity 3123K, committed 3200K, reserved 1048576K
Event: 3.576 GC heap after
Heap after GC invocations=43 (full 1):
 def new generation   total 4992K, used 91K [0x00000000e0000000, 0x00000000e0560000, 0x00000000eaaa0000)
  eden space 4480K,   0% used [0x00000000e0000000, 0x00000000e0000000, 0x00000000e0460000)
  from space 512K,  17% used [0x00000000e0460000, 0x00000000e0476cd0, 0x00000000e04e0000)
  to   space 512K,   0% used [0x00000000e04e0000, 0x00000000e04e0000, 0x00000000e0560000)
 tenured generation   total 10944K, used 7664K [0x00000000eaaa0000, 0x00000000eb550000, 0x0000000100000000)
   the space 10944K,  70% used [0x00000000eaaa0000, 0x00000000eb21c0c8, 0x00000000eb21c200, 0x00000000eb550000)
 Metaspace       used 21584K, capacity 23106K, committed 23424K, reserved 1069056K
  class space    used 2819K, capacity 3123K, committed 3200K, reserved 1048576K
}
Event: 3.577 GC heap before
{Heap before GC invocations=43 (full 1):
 def new generation   total 4992K, used 4571K [0x00000000e0000000, 0x00000000e0560000, 0x00000000eaaa0000)
  eden space 4480K, 100% used [0x00000000e0000000, 0x00000000e0460000, 0x00000000e0460000)
  from space 512K,  17% used [0x00000000e0460000, 0x00000000e0476cd0, 0x00000000e04e0000)
  to   space 512K,   0% used [0x00000000e04e0000, 0x00000000e04e0000, 0x00000000e0560000)
 tenured generation   total 10944K, used 7664K [0x00000000eaaa0000, 0x00000000eb550000, 0x0000000100000000)
   the space 10944K,  70% used [0x00000000eaaa0000, 0x00000000eb21c0c8, 0x00000000eb21c200, 0x00000000eb550000)
 Metaspace       used 21584K, capacity 23106K, committed 23424K, reserved 1069056K
  class space    used 2819K, capacity 3123K, committed 3200K, reserved 1048576K
Event: 3.578 GC heap after
Heap after GC invocations=44 (full 1):
 def new generation   total 4992K, used 176K [0x00000000e0000000, 0x00000000e0560000, 0x00000000eaaa0000)
  eden space 4480K,   0% used [0x00000000e0000000, 0x00000000e0000000, 0x00000000e0460000)
  from space 512K,  34% used [0x00000000e04e0000, 0x00000000e050c3d8, 0x00000000e0560000)
  to   space 512K,   0% used [0x00000000e0460000, 0x00000000e0460000, 0x00000000e04e0000)
 tenured generation   total 10944K, used 7664K [0x00000000eaaa0000, 0x00000000eb550000, 0x0000000100000000)
   the space 10944K,  70% used [0x00000000eaaa0000, 0x00000000eb21c0c8, 0x00000000eb21c200, 0x00000000eb550000)
 Metaspace       used 21584K, capacity 23106K, committed 23424K, reserved 1069056K
  class space    used 2819K, capacity 3123K, committed 3200K, reserved 1048576K
}
Event: 3.624 GC heap before
{Heap before GC invocations=44 (full 1):
 def new generation   total 4992K, used 4656K [0x00000000e0000000, 0x00000000e0560000, 0x00000000eaaa0000)
  eden space 4480K, 100% used [0x00000000e0000000, 0x00000000e0460000, 0x00000000e0460000)
  from space 512K,  34% used [0x00000000e04e0000, 0x00000000e050c3d8, 0x00000000e0560000)
  to   space 512K,   0% used [0x00000000e0460000, 0x00000000e0460000, 0x00000000e04e0000)
 tenured generation   total 10944K, used 7664K [0x00000000eaaa0000, 0x00000000eb550000, 0x0000000100000000)
   the space 10944K,  70% used [0x00000000eaaa0000, 0x00000000eb21c0c8, 0x00000000eb21c200, 0x00000000eb550000)
 Metaspace       used 21919K, capacity 23458K, committed 23680K, reserved 1069056K
  class space    used 2849K, capacity 3155K, committed 3200K, reserved 1048576K
Event: 3.625 GC heap after
Heap after GC invocations=45 (full 1):
 def new generation   total 4992K, used 461K [0x00000000e0000000, 0x00000000e0560000, 0x00000000eaaa0000)
  eden space 4480K,   0% used [0x00000000e0000000, 0x00000000e0000000, 0x00000000e0460000)
  from space 512K,  90% used [0x00000000e0460000, 0x00000000e04d34f8, 0x00000000e04e0000)
  to   space 512K,   0% used [0x00000000e04e0000, 0x00000000e04e0000, 0x00000000e0560000)
 tenured generation   total 10944K, used 7664K [0x00000000eaaa0000, 0x00000000eb550000, 0x0000000100000000)
   the space 10944K,  70% used [0x00000000eaaa0000, 0x00000000eb21c0c8, 0x00000000eb21c200, 0x00000000eb550000)
 Metaspace       used 21919K, capacity 23458K, committed 23680K, reserved 1069056K
  class space    used 2849K, capacity 3155K, committed 3200K, reserved 1048576K
}
Event: 3.722 GC heap before
{Heap before GC invocations=45 (full 1):
 def new generation   total 4992K, used 4941K [0x00000000e0000000, 0x00000000e0560000, 0x00000000eaaa0000)
  eden space 4480K, 100% used [0x00000000e0000000, 0x00000000e0460000, 0x00000000e0460000)
  from space 512K,  90% used [0x00000000e0460000, 0x00000000e04d34f8, 0x00000000e04e0000)
  to   space 512K,   0% used [0x00000000e04e0000, 0x00000000e04e0000, 0x00000000e0560000)
 tenured generation   total 10944K, used 7664K [0x00000000eaaa0000, 0x00000000eb550000, 0x0000000100000000)
   the space 10944K,  70% used [0x00000000eaaa0000, 0x00000000eb21c0c8, 0x00000000eb21c200, 0x00000000eb550000)
 Metaspace       used 22091K, capacity 23748K, committed 24064K, reserved 1071104K
  class space    used 2881K, capacity 3206K, committed 3328K, reserved 1048576K
Event: 3.725 GC heap after
Heap after GC invocations=46 (full 1):
 def new generation   total 4992K, used 511K [0x00000000e0000000, 0x00000000e0560000, 0x00000000eaaa0000)
  eden space 4480K,   0% used [0x00000000e0000000, 0x00000000e0000000, 0x00000000e0460000)
  from space 512K,  99% used [0x00000000e04e0000, 0x00000000e055fff8, 0x00000000e0560000)
  to   space 512K,   0% used [0x00000000e0460000, 0x00000000e0460000, 0x00000000e04e0000)
 tenured generation   total 10944K, used 8015K [0x00000000eaaa0000, 0x00000000eb550000, 0x0000000100000000)
   the space 10944K,  73% used [0x00000000eaaa0000, 0x00000000eb273df8, 0x00000000eb273e00, 0x00000000eb550000)
 Metaspace       used 22091K, capacity 23748K, committed 24064K, reserved 1071104K
  class space    used 2881K, capacity 3206K, committed 3328K, reserved 1048576K
}
Event: 3.792 GC heap before
{Heap before GC invocations=46 (full 1):
 def new generation   total 4992K, used 4991K [0x00000000e0000000, 0x00000000e0560000, 0x00000000eaaa0000)
  eden space 4480K, 100% used [0x00000000e0000000, 0x00000000e0460000, 0x00000000e0460000)
  from space 512K,  99% used [0x00000000e04e0000, 0x00000000e055fff8, 0x00000000e0560000)
  to   space 512K,   0% used [0x00000000e0460000, 0x00000000e0460000, 0x00000000e04e0000)
 tenured generation   total 10944K, used 8015K [0x00000000eaaa0000, 0x00000000eb550000, 0x0000000100000000)
   the space 10944K,  73% used [0x00000000eaaa0000, 0x00000000eb273df8, 0x00000000eb273e00, 0x00000000eb550000)
 Metaspace       used 22251K, capacity 23898K, committed 24064K, reserved 1071104K
  class space    used 2898K, capacity 3209K, committed 3328K, reserved 1048576K
Event: 3.794 GC heap after
Heap after GC invocations=47 (full 1):
 def new generation   total 4992K, used 360K [0x00000000e0000000, 0x00000000e0560000, 0x00000000eaaa0000)
  eden space 4480K,   0% used [0x00000000e0000000, 0x00000000e0000000, 0x00000000e0460000)
  from space 512K,  70% used [0x00000000e0460000, 0x00000000e04ba380, 0x00000000e04e0000)
  to   space 512K,   0% used [0x00000000e04e0000, 0x00000000e04e0000, 0x00000000e0560000)
 tenured generation   total 10944K, used 8480K [0x00000000eaaa0000, 0x00000000eb550000, 0x0000000100000000)
   the space 10944K,  77% used [0x00000000eaaa0000, 0x00000000eb2e83b0, 0x00000000eb2e8400, 0x00000000eb550000)
 Metaspace       used 22251K, capacity 23898K, committed 24064K, reserved 1071104K
  class space    used 2898K, capacity 3209K, committed 3328K, reserved 1048576K
}
Event: 3.875 GC heap before
{Heap before GC invocations=47 (full 1):
 def new generation   total 4992K, used 4840K [0x00000000e0000000, 0x00000000e0560000, 0x00000000eaaa0000)
  eden space 4480K, 100% used [0x00000000e0000000, 0x00000000e0460000, 0x00000000e0460000)
  from space 512K,  70% used [0x00000000e0460000, 0x00000000e04ba380, 0x00000000e04e0000)
  to   space 512K,   0% used [0x00000000e04e0000, 0x00000000e04e0000, 0x00000000e0560000)
 tenured generation   total 10944K, used 8480K [0x00000000eaaa0000, 0x00000000eb550000, 0x0000000100000000)
   the space 10944K,  77% used [0x00000000eaaa0000, 0x00000000eb2e83b0, 0x00000000eb2e8400, 0x00000000eb550000)
 Metaspace       used 22434K, capacity 24092K, committed 24320K, reserved 1071104K
  class space    used 2930K, capacity 3268K, committed 3328K, reserved 1048576K
Event: 3.877 GC heap after
Heap after GC invocations=48 (full 1):
 def new generation   total 4992K, used 423K [0x00000000e0000000, 0x00000000e0560000, 0x00000000eaaa0000)
  eden space 4480K,   0% used [0x00000000e0000000, 0x00000000e0000000, 0x00000000e0460000)
  from space 512K,  82% used [0x00000000e04e0000, 0x00000000e0549f98, 0x00000000e0560000)
  to   space 512K,   0% used [0x00000000e0460000, 0x00000000e0460000, 0x00000000e04e0000)
 tenured generation   total 10944K, used 8637K [0x00000000eaaa0000, 0x00000000eb550000, 0x0000000100000000)
   the space 10944K,  78% used [0x00000000eaaa0000, 0x00000000eb30f558, 0x00000000eb30f600, 0x00000000eb550000)
 Metaspace       used 22434K, capacity 24092K, committed 24320K, reserved 1071104K
  class space    used 2930K, capacity 3268K, committed 3328K, reserved 1048576K
}
Event: 3.960 GC heap before
{Heap before GC invocations=48 (full 1):
 def new generation   total 4992K, used 4903K [0x00000000e0000000, 0x00000000e0560000, 0x00000000eaaa0000)
  eden space 4480K, 100% used [0x00000000e0000000, 0x00000000e0460000, 0x00000000e0460000)
  from space 512K,  82% used [0x00000000e04e0000, 0x00000000e0549f98, 0x00000000e0560000)
  to   space 512K,   0% used [0x00000000e0460000, 0x00000000e0460000, 0x00000000e04e0000)
 tenured generation   total 10944K, used 8637K [0x00000000eaaa0000, 0x00000000eb550000, 0x0000000100000000)
   the space 10944K,  78% used [0x00000000eaaa0000, 0x00000000eb30f558, 0x00000000eb30f600, 0x00000000eb550000)
 Metaspace       used 22730K, capacity 24420K, committed 24576K, reserved 1071104K
  class space    used 2966K, capacity 3310K, committed 3328K, reserved 1048576K
Event: 3.962 GC heap after
Heap after GC invocations=49 (full 1):
 def new generation   total 4992K, used 368K [0x00000000e0000000, 0x00000000e0560000, 0x00000000eaaa0000)
  eden space 4480K,   0% used [0x00000000e0000000, 0x00000000e0000000, 0x00000000e0460000)
  from space 512K,  71% used [0x00000000e0460000, 0x00000000e04bc118, 0x00000000e04e0000)
  to   space 512K,   0% used [0x00000000e04e0000, 0x00000000e04e0000, 0x00000000e0560000)
 tenured generation   total 10944K, used 8842K [0x00000000eaaa0000, 0x00000000eb550000, 0x0000000100000000)
   the space 10944K,  80% used [0x00000000eaaa0000, 0x00000000eb3428a0, 0x00000000eb342a00, 0x00000000eb550000)
 Metaspace       used 22730K, capacity 24420K, committed 24576K, reserved 1071104K
  class space    used 2966K, capacity 3310K, committed 3328K, reserved 1048576K
}
Event: 4.033 GC heap before
{Heap before GC invocations=49 (full 1):
 def new generation   total 4992K, used 4848K [0x00000000e0000000, 0x00000000e0560000, 0x00000000eaaa0000)
  eden space 4480K, 100% used [0x00000000e0000000, 0x00000000e0460000, 0x00000000e0460000)
  from space 512K,  71% used [0x00000000e0460000, 0x00000000e04bc118, 0x00000000e04e0000)
  to   space 512K,   0% used [0x00000000e04e0000, 0x00000000e04e0000, 0x00000000e0560000)
 tenured generation   total 10944K, used 8842K [0x00000000eaaa0000, 0x00000000eb550000, 0x0000000100000000)
   the space 10944K,  80% used [0x00000000eaaa0000, 0x00000000eb3428a0, 0x00000000eb342a00, 0x00000000eb550000)
 Metaspace       used 22817K, capacity 24560K, committed 24576K, reserved 1071104K
  class space    used 2975K, capacity 3312K, committed 3328K, reserved 1048576K
Event: 4.035 GC heap after
Heap after GC invocations=50 (full 1):
 def new generation   total 4992K, used 287K [0x00000000e0000000, 0x00000000e0560000, 0x00000000eaaa0000)
  eden space 4480K,   0% used [0x00000000e0000000, 0x00000000e0000000, 0x00000000e0460000)
  from space 512K,  56% used [0x00000000e04e0000, 0x00000000e0527d78, 0x00000000e0560000)
  to   space 512K,   0% used [0x00000000e0460000, 0x00000000e0460000, 0x00000000e04e0000)
 tenured generation   total 10944K, used 8967K [0x00000000eaaa0000, 0x00000000eb550000, 0x0000000100000000)
   the space 10944K,  81% used [0x00000000eaaa0000, 0x00000000eb361e50, 0x00000000eb362000, 0x00000000eb550000)
 Metaspace       used 22817K, capacity 24560K, committed 24576K, reserved 1071104K
  class space    used 2975K, capacity 3312K, committed 3328K, reserved 1048576K
}
Event: 4.097 GC heap before
{Heap before GC invocations=50 (full 1):
 def new generation   total 4992K, used 4767K [0x00000000e0000000, 0x00000000e0560000, 0x00000000eaaa0000)
  eden space 4480K, 100% used [0x00000000e0000000, 0x00000000e0460000, 0x00000000e0460000)
  from space 512K,  56% used [0x00000000e04e0000, 0x00000000e0527d78, 0x00000000e0560000)
  to   space 512K,   0% used [0x00000000e0460000, 0x00000000e0460000, 0x00000000e04e0000)
 tenured generation   total 10944K, used 8967K [0x00000000eaaa0000, 0x00000000eb550000, 0x0000000100000000)
   the space 10944K,  81% used [0x00000000eaaa0000, 0x00000000eb361e50, 0x00000000eb362000, 0x00000000eb550000)
 Metaspace       used 22980K, capacity 24712K, committed 24832K, reserved 1071104K
  class space    used 2989K, capacity 3314K, committed 3328K, reserved 1048576K
Event: 4.099 GC heap after
Heap after GC invocations=51 (full 1):
 def new generation   total 4992K, used 358K [0x00000000e0000000, 0x00000000e0560000, 0x00000000eaaa0000)
  eden space 4480K,   0% used [0x00000000e0000000, 0x00000000e0000000, 0x00000000e0460000)
  from space 512K,  70% used [0x00000000e0460000, 0x00000000e04b9af0, 0x00000000e04e0000)
  to   space 512K,   0% used [0x00000000e04e0000, 0x00000000e04e0000, 0x00000000e0560000)
 tenured generation   total 10944K, used 9078K [0x00000000eaaa0000, 0x00000000eb550000, 0x0000000100000000)
   the space 10944K,  82% used [0x00000000eaaa0000, 0x00000000eb37d820, 0x00000000eb37da00, 0x00000000eb550000)
 Metaspace       used 22980K, capacity 24712K, committed 24832K, reserved 1071104K
  class space    used 2989K, capacity 3314K, committed 3328K, reserved 1048576K
}
Event: 4.189 GC heap before
{Heap before GC invocations=51 (full 1):
 def new generation   total 4992K, used 4838K [0x00000000e0000000, 0x00000000e0560000, 0x00000000eaaa0000)
  eden space 4480K, 100% used [0x00000000e0000000, 0x00000000e0460000, 0x00000000e0460000)
  from space 512K,  70% used [0x00000000e0460000, 0x00000000e04b9af0, 0x00000000e04e0000)
  to   space 512K,   0% used [0x00000000e04e0000, 0x00000000e04e0000, 0x00000000e0560000)
 tenured generation   total 10944K, used 9078K [0x00000000eaaa0000, 0x00000000eb550000, 0x0000000100000000)
   the space 10944K,  82% used [0x00000000eaaa0000, 0x00000000eb37d820, 0x00000000eb37da00, 0x00000000eb550000)
 Metaspace       used 23103K, capacity 24856K, committed 24960K, reserved 1071104K
  class space    used 3013K, capacity 3358K, committed 3456K, reserved 1048576K
Event: 4.191 GC heap after
Heap after GC invocations=52 (full 1):
 def new generation   total 4992K, used 304K [0x00000000e0000000, 0x00000000e0560000, 0x00000000eaaa0000)
  eden space 4480K,   0% used [0x00000000e0000000, 0x00000000e0000000, 0x00000000e0460000)
  from space 512K,  59% used [0x00000000e04e0000, 0x00000000e052c0f0, 0x00000000e0560000)
  to   space 512K,   0% used [0x00000000e0460000, 0x00000000e0460000, 0x00000000e04e0000)
 tenured generation   total 10944K, used 9206K [0x00000000eaaa0000, 0x00000000eb550000, 0x0000000100000000)
   the space 10944K,  84% used [0x00000000eaaa0000, 0x00000000eb39d9d8, 0x00000000eb39da00, 0x00000000eb550000)
 Metaspace       used 23103K, capacity 24856K, committed 24960K, reserved 1071104K
  class space    used 3013K, capacity 3358K, committed 3456K, reserved 1048576K
}
Event: 4.241 GC heap before
{Heap before GC invocations=52 (full 1):
 def new generation   total 4992K, used 4784K [0x00000000e0000000, 0x00000000e0560000, 0x00000000eaaa0000)
  eden space 4480K, 100% used [0x00000000e0000000, 0x00000000e0460000, 0x00000000e0460000)
  from space 512K,  59% used [0x00000000e04e0000, 0x00000000e052c0f0, 0x00000000e0560000)
  to   space 512K,   0% used [0x00000000e0460000, 0x00000000e0460000, 0x00000000e04e0000)
 tenured generation   total 10944K, used 9206K [0x00000000eaaa0000, 0x00000000eb550000, 0x0000000100000000)
   the space 10944K,  84% used [0x00000000eaaa0000, 0x00000000eb39d9d8, 0x00000000eb39da00, 0x00000000eb550000)
 Metaspace       used 23208K, capacity 24946K, committed 25216K, reserved 1071104K
  class space    used 3028K, capacity 3363K, committed 3456K, reserved 1048576K
Event: 4.243 GC heap after
Heap after GC invocations=53 (full 1):
 def new generation   total 4992K, used 291K [0x00000000e0000000, 0x00000000e0560000, 0x00000000eaaa0000)
  eden space 4480K,   0% used [0x00000000e0000000, 0x00000000e0000000, 0x00000000e0460000)
  from space 512K,  56% used [0x00000000e0460000, 0x00000000e04a8e10, 0x00000000e04e0000)
  to   space 512K,   0% used [0x00000000e04e0000, 0x00000000e04e0000, 0x00000000e0560000)
 tenured generation   total 10944K, used 9352K [0x00000000eaaa0000, 0x00000000eb550000, 0x0000000100000000)
   the space 10944K,  85% used [0x00000000eaaa0000, 0x00000000eb3c2310, 0x00000000eb3c2400, 0x00000000eb550000)
 Metaspace       used 23208K, capacity 24946K, committed 25216K, reserved 1071104K
  class space    used 3028K, capacity 3363K, committed 3456K, reserved 1048576K
}
Event: 4.308 GC heap before
{Heap before GC invocations=53 (full 1):
 def new generation   total 4992K, used 4771K [0x00000000e0000000, 0x00000000e0560000, 0x00000000eaaa0000)
  eden space 4480K, 100% used [0x00000000e0000000, 0x00000000e0460000, 0x00000000e0460000)
  from space 512K,  56% used [0x00000000e0460000, 0x00000000e04a8e10, 0x00000000e04e0000)
  to   space 512K,   0% used [0x00000000e04e0000, 0x00000000e04e0000, 0x00000000e0560000)
 tenured generation   total 10944K, used 9352K [0x00000000eaaa0000, 0x00000000eb550000, 0x0000000100000000)
   the space 10944K,  85% used [0x00000000eaaa0000, 0x00000000eb3c2310, 0x00000000eb3c2400, 0x00000000eb550000)
 Metaspace       used 23372K, capacity 25116K, committed 25216K, reserved 1071104K
  class space    used 3054K, capacity 3372K, committed 3456K, reserved 1048576K
Event: 4.310 GC heap after
Heap after GC invocations=54 (full 1):
 def new generation   total 4992K, used 327K [0x00000000e0000000, 0x00000000e0560000, 0x00000000eaaa0000)
  eden space 4480K,   0% used [0x00000000e0000000, 0x00000000e0000000, 0x00000000e0460000)
  from space 512K,  63% used [0x00000000e04e0000, 0x00000000e0531e50, 0x00000000e0560000)
  to   space 512K,   0% used [0x00000000e0460000, 0x00000000e0460000, 0x00000000e04e0000)
 tenured generation   total 10944K, used 9477K [0x00000000eaaa0000, 0x00000000eb550000, 0x0000000100000000)
   the space 10944K,  86% used [0x00000000eaaa0000, 0x00000000eb3e1540, 0x00000000eb3e1600, 0x00000000eb550000)
 Metaspace       used 23372K, capacity 25116K, committed 25216K, reserved 1071104K
  class space    used 3054K, capacity 3372K, committed 3456K, reserved 1048576K
}
Event: 4.377 GC heap before
{Heap before GC invocations=54 (full 1):
 def new generation   total 4992K, used 4807K [0x00000000e0000000, 0x00000000e0560000, 0x00000000eaaa0000)
  eden space 4480K, 100% used [0x00000000e0000000, 0x00000000e0460000, 0x00000000e0460000)
  from space 512K,  63% used [0x00000000e04e0000, 0x00000000e0531e50, 0x00000000e0560000)
  to   space 512K,   0% used [0x00000000e0460000, 0x00000000e0460000, 0x00000000e04e0000)
 tenured generation   total 10944K, used 9477K [0x00000000eaaa0000, 0x00000000eb550000, 0x0000000100000000)
   the space 10944K,  86% used [0x00000000eaaa0000, 0x00000000eb3e1540, 0x00000000eb3e1600, 0x00000000eb550000)
 Metaspace       used 23631K, capacity 25436K, committed 25600K, reserved 1071104K
  class space    used 3102K, capacity 3474K, committed 3584K, reserved 1048576K
Event: 4.379 GC heap after
Heap after GC invocations=55 (full 1):
 def new generation   total 4992K, used 440K [0x00000000e0000000, 0x00000000e0560000, 0x00000000eaaa0000)
  eden space 4480K,   0% used [0x00000000e0000000, 0x00000000e0000000, 0x00000000e0460000)
  from space 512K,  86% used [0x00000000e0460000, 0x00000000e04ce298, 0x00000000e04e0000)
  to   space 512K,   0% used [0x00000000e04e0000, 0x00000000e04e0000, 0x00000000e0560000)
 tenured generation   total 10944K, used 9641K [0x00000000eaaa0000, 0x00000000eb550000, 0x0000000100000000)
   the space 10944K,  88% used [0x00000000eaaa0000, 0x00000000eb40a7a0, 0x00000000eb40a800, 0x00000000eb550000)
 Metaspace       used 23631K, capacity 25436K, committed 25600K, reserved 1071104K
  class space    used 3102K, capacity 3474K, committed 3584K, reserved 1048576K
}
Event: 4.449 GC heap before
{Heap before GC invocations=55 (full 1):
 def new generation   total 4992K, used 4920K [0x00000000e0000000, 0x00000000e0560000, 0x00000000eaaa0000)
  eden space 4480K, 100% used [0x00000000e0000000, 0x00000000e0460000, 0x00000000e0460000)
  from space 512K,  86% used [0x00000000e0460000, 0x00000000e04ce298, 0x00000000e04e0000)
  to   space 512K,   0% used [0x00000000e04e0000, 0x00000000e04e0000, 0x00000000e0560000)
 tenured generation   total 10944K, used 9641K [0x00000000eaaa0000, 0x00000000eb550000, 0x0000000100000000)
   the space 10944K,  88% used [0x00000000eaaa0000, 0x00000000eb40a7a0, 0x00000000eb40a800, 0x00000000eb550000)
 Metaspace       used 23988K, capacity 25794K, committed 25856K, reserved 1071104K
  class space    used 3153K, capacity 3523K, committed 3584K, reserved 1048576K
Event: 4.452 GC heap after
Heap after GC invocations=56 (full 1):
 def new generation   total 4992K, used 511K [0x00000000e0000000, 0x00000000e0560000, 0x00000000eaaa0000)
  eden space 4480K,   0% used [0x00000000e0000000, 0x00000000e0000000, 0x00000000e0460000)
  from space 512K,  99% used [0x00000000e04e0000, 0x00000000e055ff08, 0x00000000e0560000)
  to   space 512K,   0% used [0x00000000e0460000, 0x00000000e0460000, 0x00000000e04e0000)
 tenured generation   total 10944K, used 9835K [0x00000000eaaa0000, 0x00000000eb550000, 0x0000000100000000)
   the space 10944K,  89% used [0x00000000eaaa0000, 0x00000000eb43afd0, 0x00000000eb43b000, 0x00000000eb550000)
 Metaspace       used 23988K, capacity 25794K, committed 25856K, reserved 1071104K
  class space    used 3153K, capacity 3523K, committed 3584K, reserved 1048576K
}
Event: 4.514 GC heap before
{Heap before GC invocations=56 (full 1):
 def new generation   total 4992K, used 4991K [0x00000000e0000000, 0x00000000e0560000, 0x00000000eaaa0000)
  eden space 4480K, 100% used [0x00000000e0000000, 0x00000000e0460000, 0x00000000e0460000)
  from space 512K,  99% used [0x00000000e04e0000, 0x00000000e055ff08, 0x00000000e0560000)
  to   space 512K,   0% used [0x00000000e0460000, 0x00000000e0460000, 0x00000000e04e0000)
 tenured generation   total 10944K, used 9835K [0x00000000eaaa0000, 0x00000000eb550000, 0x0000000100000000)
   the space 10944K,  89% used [0x00000000eaaa0000, 0x00000000eb43afd0, 0x00000000eb43b000, 0x00000000eb550000)
 Metaspace       used 24390K, capacity 26216K, committed 26368K, reserved 1073152K
  class space    used 3200K, capacity 3556K, committed 3584K, reserved 1048576K
Event: 4.516 GC heap after
Heap after GC invocations=57 (full 1):
 def new generation   total 4992K, used 511K [0x00000000e0000000, 0x00000000e0560000, 0x00000000eaaa0000)
  eden space 4480K,   0% used [0x00000000e0000000, 0x00000000e0000000, 0x00000000e0460000)
  from space 512K,  99% used [0x00000000e0460000, 0x00000000e04dfff8, 0x00000000e04e0000)
  to   space 512K,   0% used [0x00000000e04e0000, 0x00000000e04e0000, 0x00000000e0560000)
 tenured generation   total 10944K, used 10090K [0x00000000eaaa0000, 0x00000000eb550000, 0x0000000100000000)
   the space 10944K,  92% used [0x00000000eaaa0000, 0x00000000eb47aa80, 0x00000000eb47ac00, 0x00000000eb550000)
 Metaspace       used 24390K, capacity 26216K, committed 26368K, reserved 1073152K
  class space    used 3200K, capacity 3556K, committed 3584K, reserved 1048576K
}
Event: 4.621 GC heap before
{Heap before GC invocations=57 (full 1):
 def new generation   total 4992K, used 4991K [0x00000000e0000000, 0x00000000e0560000, 0x00000000eaaa0000)
  eden space 4480K, 100% used [0x00000000e0000000, 0x00000000e0460000, 0x00000000e0460000)
  from space 512K,  99% used [0x00000000e0460000, 0x00000000e04dfff8, 0x00000000e04e0000)
  to   space 512K,   0% used [0x00000000e04e0000, 0x00000000e04e0000, 0x00000000e0560000)
 tenured generation   total 10944K, used 10090K [0x00000000eaaa0000, 0x00000000eb550000, 0x0000000100000000)
   the space 10944K,  92% used [0x00000000eaaa0000, 0x00000000eb47aa80, 0x00000000eb47ac00, 0x00000000eb550000)
 Metaspace       used 24656K, capacity 26598K, committed 26752K, reserved 1073152K
  class space    used 3245K, capacity 3629K, committed 3712K, reserved 1048576K
Event: 4.623 GC heap after
Heap after GC invocations=58 (full 1):
 def new generation   total 4992K, used 401K [0x00000000e0000000, 0x00000000e0560000, 0x00000000eaaa0000)
  eden space 4480K,   0% used [0x00000000e0000000, 0x00000000e0000000, 0x00000000e0460000)
  from space 512K,  78% used [0x00000000e04e0000, 0x00000000e0544728, 0x00000000e0560000)
  to   space 512K,   0% used [0x00000000e0460000, 0x00000000e0460000, 0x00000000e04e0000)
 tenured generation   total 10944K, used 10215K [0x00000000eaaa0000, 0x00000000eb550000, 0x0000000100000000)
   the space 10944K,  93% used [0x00000000eaaa0000, 0x00000000eb499fa8, 0x00000000eb49a000, 0x00000000eb550000)
 Metaspace       used 24656K, capacity 26598K, committed 26752K, reserved 1073152K
  class space    used 3245K, capacity 3629K, committed 3712K, reserved 1048576K
}
Event: 4.717 GC heap before
{Heap before GC invocations=58 (full 1):
 def new generation   total 4992K, used 4881K [0x00000000e0000000, 0x00000000e0560000, 0x00000000eaaa0000)
  eden space 4480K, 100% used [0x00000000e0000000, 0x00000000e0460000, 0x00000000e0460000)
  from space 512K,  78% used [0x00000000e04e0000, 0x00000000e0544728, 0x00000000e0560000)
  to   space 512K,   0% used [0x00000000e0460000, 0x00000000e0460000, 0x00000000e04e0000)
 tenured generation   total 10944K, used 10215K [0x00000000eaaa0000, 0x00000000eb550000, 0x0000000100000000)
   the space 10944K,  93% used [0x00000000eaaa0000, 0x00000000eb499fa8, 0x00000000eb49a000, 0x00000000eb550000)
 Metaspace       used 24954K, capacity 26944K, committed 27008K, reserved 1073152K
  class space    used 3288K, capacity 3674K, committed 3712K, reserved 1048576K
Event: 4.720 GC heap after
Heap after GC invocations=59 (full 1):
 def new generation   total 4992K, used 465K [0x00000000e0000000, 0x00000000e0560000, 0x00000000eaaa0000)
  eden space 4480K,   0% used [0x00000000e0000000, 0x00000000e0000000, 0x00000000e0460000)
  from space 512K,  90% used [0x00000000e0460000, 0x00000000e04d4470, 0x00000000e04e0000)
  to   space 512K,   0% used [0x00000000e04e0000, 0x00000000e04e0000, 0x00000000e0560000)
 tenured generation   total 10944K, used 10375K [0x00000000eaaa0000, 0x00000000eb550000, 0x0000000100000000)
   the space 10944K,  94% used [0x00000000eaaa0000, 0x00000000eb4c1c40, 0x00000000eb4c1e00, 0x00000000eb550000)
 Metaspace       used 24954K, capacity 26944K, committed 27008K, reserved 1073152K
  class space    used 3288K, capacity 3674K, committed 3712K, reserved 1048576K
}
Event: 4.801 GC heap before
{Heap before GC invocations=59 (full 1):
 def new generation   total 4992K, used 4945K [0x00000000e0000000, 0x00000000e0560000, 0x00000000eaaa0000)
  eden space 4480K, 100% used [0x00000000e0000000, 0x00000000e0460000, 0x00000000e0460000)
  from space 512K,  90% used [0x00000000e0460000, 0x00000000e04d4470, 0x00000000e04e0000)
  to   space 512K,   0% used [0x00000000e04e0000, 0x00000000e04e0000, 0x00000000e0560000)
 tenured generation   total 10944K, used 10375K [0x00000000eaaa0000, 0x00000000eb550000, 0x0000000100000000)
   the space 10944K,  94% used [0x00000000eaaa0000, 0x00000000eb4c1c40, 0x00000000eb4c1e00, 0x00000000eb550000)
 Metaspace       used 25214K, capacity 27226K, committed 27392K, reserved 1073152K
  class space    used 3329K, capacity 3731K, committed 3840K, reserved 1048576K
Event: 4.803 GC heap after
Heap after GC invocations=60 (full 1):
 def new generation   total 4992K, used 337K [0x00000000e0000000, 0x00000000e0560000, 0x00000000eaaa0000)
  eden space 4480K,   0% used [0x00000000e0000000, 0x00000000e0000000, 0x00000000e0460000)
  from space 512K,  65% used [0x00000000e04e0000, 0x00000000e0534750, 0x00000000e0560000)
  to   space 512K,   0% used [0x00000000e0460000, 0x00000000e0460000, 0x00000000e04e0000)
 tenured generation   total 10944K, used 10532K [0x00000000eaaa0000, 0x00000000eb550000, 0x0000000100000000)
   the space 10944K,  96% used [0x00000000eaaa0000, 0x00000000eb4e9208, 0x00000000eb4e9400, 0x00000000eb550000)
 Metaspace       used 25214K, capacity 27226K, committed 27392K, reserved 1073152K
  class space    used 3329K, capacity 3731K, committed 3840K, reserved 1048576K
}
Event: 4.913 GC heap before
{Heap before GC invocations=60 (full 1):
 def new generation   total 4992K, used 4817K [0x00000000e0000000, 0x00000000e0560000, 0x00000000eaaa0000)
  eden space 4480K, 100% used [0x00000000e0000000, 0x00000000e0460000, 0x00000000e0460000)
  from space 512K,  65% used [0x00000000e04e0000, 0x00000000e0534750, 0x00000000e0560000)
  to   space 512K,   0% used [0x00000000e0460000, 0x00000000e0460000, 0x00000000e04e0000)
 tenured generation   total 10944K, used 10532K [0x00000000eaaa0000, 0x00000000eb550000, 0x0000000100000000)
   the space 10944K,  96% used [0x00000000eaaa0000, 0x00000000eb4e9208, 0x00000000eb4e9400, 0x00000000eb550000)
 Metaspace       used 25471K, capacity 27548K, committed 27648K, reserved 1073152K
  class space    used 3374K, capacity 3756K, committed 3840K, reserved 1048576K
Event: 4.915 GC heap after
Heap after GC invocations=61 (full 1):
 def new generation   total 4992K, used 366K [0x00000000e0000000, 0x00000000e0560000, 0x00000000eaaa0000)
  eden space 4480K,   0% used [0x00000000e0000000, 0x00000000e0000000, 0x00000000e0460000)
  from space 512K,  71% used [0x00000000e0460000, 0x00000000e04bb9c0, 0x00000000e04e0000)
  to   space 512K,   0% used [0x00000000e04e0000, 0x00000000e04e0000, 0x00000000e0560000)
 tenured generation   total 10944K, used 10642K [0x00000000eaaa0000, 0x00000000eb550000, 0x0000000100000000)
   the space 10944K,  97% used [0x00000000eaaa0000, 0x00000000eb504b98, 0x00000000eb504c00, 0x00000000eb550000)
 Metaspace       used 25471K, capacity 27548K, committed 27648K, reserved 1073152K
  class space    used 3374K, capacity 3756K, committed 3840K, reserved 1048576K
}
Event: 5.020 GC heap before
{Heap before GC invocations=61 (full 1):
 def new generation   total 4992K, used 4846K [0x00000000e0000000, 0x00000000e0560000, 0x00000000eaaa0000)
  eden space 4480K, 100% used [0x00000000e0000000, 0x00000000e0460000, 0x00000000e0460000)
  from space 512K,  71% used [0x00000000e0460000, 0x00000000e04bb9c0, 0x00000000e04e0000)
  to   space 512K,   0% used [0x00000000e04e0000, 0x00000000e04e0000, 0x00000000e0560000)
 tenured generation   total 10944K, used 10642K [0x00000000eaaa0000, 0x00000000eb550000, 0x0000000100000000)
   the space 10944K,  97% used [0x00000000eaaa0000, 0x00000000eb504b98, 0x00000000eb504c00, 0x00000000eb550000)
 Metaspace       used 25645K, capacity 27782K, committed 27904K, reserved 1073152K
  class space    used 3401K, capacity 3789K, committed 3840K, reserved 1048576K
Event: 5.023 GC heap after
Heap after GC invocations=62 (full 1):
 def new generation   total 4992K, used 326K [0x00000000e0000000, 0x00000000e0560000, 0x00000000eaaa0000)
  eden space 4480K,   0% used [0x00000000e0000000, 0x00000000e0000000, 0x00000000e0460000)
  from space 512K,  63% used [0x00000000e04e0000, 0x00000000e0531a28, 0x00000000e0560000)
  to   space 512K,   0% used [0x00000000e0460000, 0x00000000e0460000, 0x00000000e04e0000)
 tenured generation   total 10944K, used 10825K [0x00000000eaaa0000, 0x00000000eb550000, 0x0000000100000000)
   the space 10944K,  98% used [0x00000000eaaa0000, 0x00000000eb532680, 0x00000000eb532800, 0x00000000eb550000)
 Metaspace       used 25645K, capacity 27782K, committed 27904K, reserved 1073152K
  class space    used 3401K, capacity 3789K, committed 3840K, reserved 1048576K
}
Event: 5.124 GC heap before
{Heap before GC invocations=62 (full 1):
 def new generation   total 4992K, used 4806K [0x00000000e0000000, 0x00000000e0560000, 0x00000000eaaa0000)
  eden space 4480K, 100% used [0x00000000e0000000, 0x00000000e0460000, 0x00000000e0460000)
  from space 512K,  63% used [0x00000000e04e0000, 0x00000000e0531a28, 0x00000000e0560000)
  to   space 512K,   0% used [0x00000000e0460000, 0x00000000e0460000, 0x00000000e04e0000)
 tenured generation   total 10944K, used 10825K [0x00000000eaaa0000, 0x00000000eb550000, 0x0000000100000000)
   the space 10944K,  98% used [0x00000000eaaa0000, 0x00000000eb532680, 0x00000000eb532800, 0x00000000eb550000)
 Metaspace       used 25867K, capacity 27958K, committed 28160K, reserved 1073152K
  class space    used 3434K, capacity 3823K, committed 3840K, reserved 1048576K
Event: 5.168 GC heap after
Heap after GC invocations=63 (full 2):
 def new generation   total 7040K, used 0K [0x00000000e0000000, 0x00000000e07a0000, 0x00000000eaaa0000)
  eden space 6272K,   0% used [0x00000000e0000000, 0x00000000e0000000, 0x00000000e0620000)
  from space 768K,   0% used [0x00000000e0620000, 0x00000000e0620000, 0x00000000e06e0000)
  to   space 768K,   0% used [0x00000000e06e0000, 0x00000000e06e0000, 0x00000000e07a0000)
 tenured generation   total 15488K, used 9291K [0x00000000eaaa0000, 0x00000000eb9c0000, 0x0000000100000000)
   the space 15488K,  59% used [0x00000000eaaa0000, 0x00000000eb3b2f38, 0x00000000eb3b3000, 0x00000000eb9c0000)
 Metaspace       used 25867K, capacity 27958K, committed 28160K, reserved 1073152K
  class space    used 3434K, capacity 3823K, committed 3840K, reserved 1048576K
}
Event: 5.288 GC heap before
{Heap before GC invocations=63 (full 2):
 def new generation   total 7040K, used 6272K [0x00000000e0000000, 0x00000000e07a0000, 0x00000000eaaa0000)
  eden space 6272K, 100% used [0x00000000e0000000, 0x00000000e0620000, 0x00000000e0620000)
  from space 768K,   0% used [0x00000000e0620000, 0x00000000e0620000, 0x00000000e06e0000)
  to   space 768K,   0% used [0x00000000e06e0000, 0x00000000e06e0000, 0x00000000e07a0000)
 tenured generation   total 15488K, used 9291K [0x00000000eaaa0000, 0x00000000eb9c0000, 0x0000000100000000)
   the space 15488K,  59% used [0x00000000eaaa0000, 0x00000000eb3b2f38, 0x00000000eb3b3000, 0x00000000eb9c0000)
 Metaspace       used 26215K, capacity 28354K, committed 28544K, reserved 1073152K
  class space    used 3494K, capacity 3889K, committed 3968K, reserved 1048576K
Event: 5.291 GC heap after
Heap after GC invocations=64 (full 2):
 def new generation   total 7040K, used 691K [0x00000000e0000000, 0x00000000e07a0000, 0x00000000eaaa0000)
  eden space 6272K,   0% used [0x00000000e0000000, 0x00000000e0000000, 0x00000000e0620000)
  from space 768K,  90% used [0x00000000e06e0000, 0x00000000e078ccd0, 0x00000000e07a0000)
  to   space 768K,   0% used [0x00000000e0620000, 0x00000000e0620000, 0x00000000e06e0000)
 tenured generation   total 15488K, used 9291K [0x00000000eaaa0000, 0x00000000eb9c0000, 0x0000000100000000)
   the space 15488K,  59% used [0x00000000eaaa0000, 0x00000000eb3b2f38, 0x00000000eb3b3000, 0x00000000eb9c0000)
 Metaspace       used 26215K, capacity 28354K, committed 28544K, reserved 1073152K
  class space    used 3494K, capacity 3889K, committed 3968K, reserved 1048576K
}
Event: 5.404 GC heap before
{Heap before GC invocations=64 (full 2):
 def new generation   total 7040K, used 6963K [0x00000000e0000000, 0x00000000e07a0000, 0x00000000eaaa0000)
  eden space 6272K, 100% used [0x00000000e0000000, 0x00000000e0620000, 0x00000000e0620000)
  from space 768K,  90% used [0x00000000e06e0000, 0x00000000e078ccd0, 0x00000000e07a0000)
  to   space 768K,   0% used [0x00000000e0620000, 0x00000000e0620000, 0x00000000e06e0000)
 tenured generation   total 15488K, used 9291K [0x00000000eaaa0000, 0x00000000eb9c0000, 0x0000000100000000)
   the space 15488K,  59% used [0x00000000eaaa0000, 0x00000000eb3b2f38, 0x00000000eb3b3000, 0x00000000eb9c0000)
 Metaspace       used 26771K, capacity 28866K, committed 29056K, reserved 1075200K
  class space    used 3562K, capacity 3953K, committed 3968K, reserved 1048576K
Event: 5.407 GC heap after
Heap after GC invocations=65 (full 2):
 def new generation   total 7040K, used 553K [0x00000000e0000000, 0x00000000e07a0000, 0x00000000eaaa0000)
  eden space 6272K,   0% used [0x00000000e0000000, 0x00000000e0000000, 0x00000000e0620000)
  from space 768K,  72% used [0x00000000e0620000, 0x00000000e06aa6e8, 0x00000000e06e0000)
  to   space 768K,   0% used [0x00000000e06e0000, 0x00000000e06e0000, 0x00000000e07a0000)
 tenured generation   total 15488K, used 9613K [0x00000000eaaa0000, 0x00000000eb9c0000, 0x0000000100000000)
   the space 15488K,  62% used [0x00000000eaaa0000, 0x00000000eb403448, 0x00000000eb403600, 0x00000000eb9c0000)
 Metaspace       used 26771K, capacity 28866K, committed 29056K, reserved 1075200K
  class space    used 3562K, capacity 3953K, committed 3968K, reserved 1048576K
}
Event: 5.595 GC heap before
{Heap before GC invocations=65 (full 2):
 def new generation   total 7040K, used 6825K [0x00000000e0000000, 0x00000000e07a0000, 0x00000000eaaa0000)
  eden space 6272K, 100% used [0x00000000e0000000, 0x00000000e0620000, 0x00000000e0620000)
  from space 768K,  72% used [0x00000000e0620000, 0x00000000e06aa6e8, 0x00000000e06e0000)
  to   space 768K,   0% used [0x00000000e06e0000, 0x00000000e06e0000, 0x00000000e07a0000)
 tenured generation   total 15488K, used 9613K [0x00000000eaaa0000, 0x00000000eb9c0000, 0x0000000100000000)
   the space 15488K,  62% used [0x00000000eaaa0000, 0x00000000eb403448, 0x00000000eb403600, 0x00000000eb9c0000)
 Metaspace       used 27238K, capacity 29420K, committed 29696K, reserved 1075200K
  class space    used 3623K, capacity 4032K, committed 4096K, reserved 1048576K
Event: 5.598 GC heap after
Heap after GC invocations=66 (full 2):
 def new generation   total 7040K, used 599K [0x00000000e0000000, 0x00000000e07a0000, 0x00000000eaaa0000)
  eden space 6272K,   0% used [0x00000000e0000000, 0x00000000e0000000, 0x00000000e0620000)
  from space 768K,  78% used [0x00000000e06e0000, 0x00000000e0775dd8, 0x00000000e07a0000)
  to   space 768K,   0% used [0x00000000e0620000, 0x00000000e0620000, 0x00000000e06e0000)
 tenured generation   total 15488K, used 9711K [0x00000000eaaa0000, 0x00000000eb9c0000, 0x0000000100000000)
   the space 15488K,  62% used [0x00000000eaaa0000, 0x00000000eb41bc58, 0x00000000eb41be00, 0x00000000eb9c0000)
 Metaspace       used 27238K, capacity 29420K, committed 29696K, reserved 1075200K
  class space    used 3623K, capacity 4032K, committed 4096K, reserved 1048576K
}
Event: 5.732 GC heap before
{Heap before GC invocations=66 (full 2):
 def new generation   total 7040K, used 6871K [0x00000000e0000000, 0x00000000e07a0000, 0x00000000eaaa0000)
  eden space 6272K, 100% used [0x00000000e0000000, 0x00000000e0620000, 0x00000000e0620000)
  from space 768K,  78% used [0x00000000e06e0000, 0x00000000e0775dd8, 0x00000000e07a0000)
  to   space 768K,   0% used [0x00000000e0620000, 0x00000000e0620000, 0x00000000e06e0000)
 tenured generation   total 15488K, used 9711K [0x00000000eaaa0000, 0x00000000eb9c0000, 0x0000000100000000)
   the space 15488K,  62% used [0x00000000eaaa0000, 0x00000000eb41bc58, 0x00000000eb41be00, 0x00000000eb9c0000)
 Metaspace       used 27576K, capacity 29800K, committed 29952K, reserved 1075200K
  class space    used 3678K, capacity 4080K, committed 4096K, reserved 1048576K
Event: 5.736 GC heap after
Heap after GC invocations=67 (full 2):
 def new generation   total 7040K, used 562K [0x00000000e0000000, 0x00000000e07a0000, 0x00000000eaaa0000)
  eden space 6272K,   0% used [0x00000000e0000000, 0x00000000e0000000, 0x00000000e0620000)
  from space 768K,  73% used [0x00000000e0620000, 0x00000000e06ac9a0, 0x00000000e06e0000)
  to   space 768K,   0% used [0x00000000e06e0000, 0x00000000e06e0000, 0x00000000e07a0000)
 tenured generation   total 15488K, used 10048K [0x00000000eaaa0000, 0x00000000eb9c0000, 0x0000000100000000)
   the space 15488K,  64% used [0x00000000eaaa0000, 0x00000000eb4701b8, 0x00000000eb470200, 0x00000000eb9c0000)
 Metaspace       used 27576K, capacity 29800K, committed 29952K, reserved 1075200K
  class space    used 3678K, capacity 4080K, committed 4096K, reserved 1048576K
}
Event: 5.824 GC heap before
{Heap before GC invocations=67 (full 2):
 def new generation   total 7040K, used 6834K [0x00000000e0000000, 0x00000000e07a0000, 0x00000000eaaa0000)
  eden space 6272K, 100% used [0x00000000e0000000, 0x00000000e0620000, 0x00000000e0620000)
  from space 768K,  73% used [0x00000000e0620000, 0x00000000e06ac9a0, 0x00000000e06e0000)
  to   space 768K,   0% used [0x00000000e06e0000, 0x00000000e06e0000, 0x00000000e07a0000)
 tenured generation   total 15488K, used 10048K [0x00000000eaaa0000, 0x00000000eb9c0000, 0x0000000100000000)
   the space 15488K,  64% used [0x00000000eaaa0000, 0x00000000eb4701b8, 0x00000000eb470200, 0x00000000eb9c0000)
 Metaspace       used 27792K, capacity 30010K, committed 30208K, reserved 1075200K
  class space    used 3710K, capacity 4085K, committed 4096K, reserved 1048576K
Event: 5.826 GC heap after
Heap after GC invocations=68 (full 2):
 def new generation   total 7040K, used 357K [0x00000000e0000000, 0x00000000e07a0000, 0x00000000eaaa0000)
  eden space 6272K,   0% used [0x00000000e0000000, 0x00000000e0000000, 0x00000000e0620000)
  from space 768K,  46% used [0x00000000e06e0000, 0x00000000e07395a8, 0x00000000e07a0000)
  to   space 768K,   0% used [0x00000000e0620000, 0x00000000e0620000, 0x00000000e06e0000)
 tenured generation   total 15488K, used 10429K [0x00000000eaaa0000, 0x00000000eb9c0000, 0x0000000100000000)
   the space 15488K,  67% used [0x00000000eaaa0000, 0x00000000eb4cf7a0, 0x00000000eb4cf800, 0x00000000eb9c0000)
 Metaspace       used 27792K, capacity 30010K, committed 30208K, reserved 1075200K
  class space    used 3710K, capacity 4085K, committed 4096K, reserved 1048576K
}
Event: 5.905 GC heap before
{Heap before GC invocations=68 (full 2):
 def new generation   total 7040K, used 6629K [0x00000000e0000000, 0x00000000e07a0000, 0x00000000eaaa0000)
  eden space 6272K, 100% used [0x00000000e0000000, 0x00000000e0620000, 0x00000000e0620000)
  from space 768K,  46% used [0x00000000e06e0000, 0x00000000e07395a8, 0x00000000e07a0000)
  to   space 768K,   0% used [0x00000000e0620000, 0x00000000e0620000, 0x00000000e06e0000)
 tenured generation   total 15488K, used 10429K [0x00000000eaaa0000, 0x00000000eb9c0000, 0x0000000100000000)
   the space 15488K,  67% used [0x00000000eaaa0000, 0x00000000eb4cf7a0, 0x00000000eb4cf800, 0x00000000eb9c0000)
 Metaspace       used 27882K, capacity 30098K, committed 30336K, reserved 1075200K
  class space    used 3724K, capacity 4155K, committed 4224K, reserved 1048576K
Event: 5.908 GC heap after
Heap after GC invocations=69 (full 2):
 def new generation   total 7040K, used 491K [0x00000000e0000000, 0x00000000e07a0000, 0x00000000eaaa0000)
  eden space 6272K,   0% used [0x00000000e0000000, 0x00000000e0000000, 0x00000000e0620000)
  from space 768K,  64% used [0x00000000e0620000, 0x00000000e069af90, 0x00000000e06e0000)
  to   space 768K,   0% used [0x00000000e06e0000, 0x00000000e06e0000, 0x00000000e07a0000)
 tenured generation   total 15488K, used 10429K [0x00000000eaaa0000, 0x00000000eb9c0000, 0x0000000100000000)
   the space 15488K,  67% used [0x00000000eaaa0000, 0x00000000eb4cf7a0, 0x00000000eb4cf800, 0x00000000eb9c0000)
 Metaspace       used 27882K, capacity 30098K, committed 30336K, reserved 1075200K
  class space    used 3724K, capacity 4155K, committed 4224K, reserved 1048576K
}
Event: 5.975 GC heap before
{Heap before GC invocations=69 (full 2):
 def new generation   total 7040K, used 6763K [0x00000000e0000000, 0x00000000e07a0000, 0x00000000eaaa0000)
  eden space 6272K, 100% used [0x00000000e0000000, 0x00000000e0620000, 0x00000000e0620000)
  from space 768K,  64% used [0x00000000e0620000, 0x00000000e069af90, 0x00000000e06e0000)
  to   space 768K,   0% used [0x00000000e06e0000, 0x00000000e06e0000, 0x00000000e07a0000)
 tenured generation   total 15488K, used 10429K [0x00000000eaaa0000, 0x00000000eb9c0000, 0x0000000100000000)
   the space 15488K,  67% used [0x00000000eaaa0000, 0x00000000eb4cf7a0, 0x00000000eb4cf800, 0x00000000eb9c0000)
 Metaspace       used 27972K, capacity 30228K, committed 30336K, reserved 1075200K
  class space    used 3743K, capacity 4156K, committed 4224K, reserved 1048576K
Event: 5.978 GC heap after
Heap after GC invocations=70 (full 2):
 def new generation   total 7040K, used 538K [0x00000000e0000000, 0x00000000e07a0000, 0x00000000eaaa0000)
  eden space 6272K,   0% used [0x00000000e0000000, 0x00000000e0000000, 0x00000000e0620000)
  from space 768K,  70% used [0x00000000e06e0000, 0x00000000e0766948, 0x00000000e07a0000)
  to   space 768K,   0% used [0x00000000e0620000, 0x00000000e0620000, 0x00000000e06e0000)
 tenured generation   total 15488K, used 10617K [0x00000000eaaa0000, 0x00000000eb9c0000, 0x0000000100000000)
   the space 15488K,  68% used [0x00000000eaaa0000, 0x00000000eb4fe790, 0x00000000eb4fe800, 0x00000000eb9c0000)
 Metaspace       used 27972K, capacity 30228K, committed 30336K, reserved 1075200K
  class space    used 3743K, capacity 4156K, committed 4224K, reserved 1048576K
}
Event: 6.076 GC heap before
{Heap before GC invocations=70 (full 2):
 def new generation   total 7040K, used 6810K [0x00000000e0000000, 0x00000000e07a0000, 0x00000000eaaa0000)
  eden space 6272K, 100% used [0x00000000e0000000, 0x00000000e0620000, 0x00000000e0620000)
  from space 768K,  70% used [0x00000000e06e0000, 0x00000000e0766948, 0x00000000e07a0000)
  to   space 768K,   0% used [0x00000000e0620000, 0x00000000e0620000, 0x00000000e06e0000)
 tenured generation   total 15488K, used 10617K [0x00000000eaaa0000, 0x00000000eb9c0000, 0x0000000100000000)
   the space 15488K,  68% used [0x00000000eaaa0000, 0x00000000eb4fe790, 0x00000000eb4fe800, 0x00000000eb9c0000)
 Metaspace       used 28247K, capacity 30520K, committed 30720K, reserved 1075200K
  class space    used 3792K, capacity 4230K, committed 4352K, reserved 1048576K
Event: 6.080 GC heap after
Heap after GC invocations=71 (full 2):
 def new generation   total 7040K, used 583K [0x00000000e0000000, 0x00000000e07a0000, 0x00000000eaaa0000)
  eden space 6272K,   0% used [0x00000000e0000000, 0x00000000e0000000, 0x00000000e0620000)
  from space 768K,  76% used [0x00000000e0620000, 0x00000000e06b1f90, 0x00000000e06e0000)
  to   space 768K,   0% used [0x00000000e06e0000, 0x00000000e06e0000, 0x00000000e07a0000)
 tenured generation   total 15488K, used 10878K [0x00000000eaaa0000, 0x00000000eb9c0000, 0x0000000100000000)
   the space 15488K,  70% used [0x00000000eaaa0000, 0x00000000eb53f9f8, 0x00000000eb53fa00, 0x00000000eb9c0000)
 Metaspace       used 28247K, capacity 30520K, committed 30720K, reserved 1075200K
  class space    used 3792K, capacity 4230K, committed 4352K, reserved 1048576K
}
Event: 6.215 GC heap before
{Heap before GC invocations=71 (full 2):
 def new generation   total 7040K, used 6855K [0x00000000e0000000, 0x00000000e07a0000, 0x00000000eaaa0000)
  eden space 6272K, 100% used [0x00000000e0000000, 0x00000000e0620000, 0x00000000e0620000)
  from space 768K,  76% used [0x00000000e0620000, 0x00000000e06b1f90, 0x00000000e06e0000)
  to   space 768K,   0% used [0x00000000e06e0000, 0x00000000e06e0000, 0x00000000e07a0000)
 tenured generation   total 15488K, used 10878K [0x00000000eaaa0000, 0x00000000eb9c0000, 0x0000000100000000)
   the space 15488K,  70% used [0x00000000eaaa0000, 0x00000000eb53f9f8, 0x00000000eb53fa00, 0x00000000eb9c0000)
 Metaspace       used 28501K, capacity 30760K, committed 30976K, reserved 1075200K
  class space    used 3826K, capacity 4240K, committed 4352K, reserved 1048576K
Event: 6.219 GC heap after
Heap after GC invocations=72 (full 2):
 def new generation   total 7040K, used 552K [0x00000000e0000000, 0x00000000e07a0000, 0x00000000eaaa0000)
  eden space 6272K,   0% used [0x00000000e0000000, 0x00000000e0000000, 0x00000000e0620000)
  from space 768K,  71% used [0x00000000e06e0000, 0x00000000e076a120, 0x00000000e07a0000)
  to   space 768K,   0% used [0x00000000e0620000, 0x00000000e0620000, 0x00000000e06e0000)
 tenured generation   total 15488K, used 11282K [0x00000000eaaa0000, 0x00000000eb9c0000, 0x0000000100000000)
   the space 15488K,  72% used [0x00000000eaaa0000, 0x00000000eb5a4870, 0x00000000eb5a4a00, 0x00000000eb9c0000)
 Metaspace       used 28501K, capacity 30760K, committed 30976K, reserved 1075200K
  class space    used 3826K, capacity 4240K, committed 4352K, reserved 1048576K
}
Event: 6.344 GC heap before
{Heap before GC invocations=72 (full 2):
 def new generation   total 7040K, used 6824K [0x00000000e0000000, 0x00000000e07a0000, 0x00000000eaaa0000)
  eden space 6272K, 100% used [0x00000000e0000000, 0x00000000e0620000, 0x00000000e0620000)
  from space 768K,  71% used [0x00000000e06e0000, 0x00000000e076a120, 0x00000000e07a0000)
  to   space 768K,   0% used [0x00000000e0620000, 0x00000000e0620000, 0x00000000e06e0000)
 tenured generation   total 15488K, used 11282K [0x00000000eaaa0000, 0x00000000eb9c0000, 0x0000000100000000)
   the space 15488K,  72% used [0x00000000eaaa0000, 0x00000000eb5a4870, 0x00000000eb5a4a00, 0x00000000eb9c0000)
 Metaspace       used 28769K, capacity 31104K, committed 31232K, reserved 1077248K
  class space    used 3859K, capacity 4284K, committed 4352K, reserved 1048576K
Event: 6.347 GC heap after
Heap after GC invocations=73 (full 2):
 def new generation   total 7040K, used 295K [0x00000000e0000000, 0x00000000e07a0000, 0x00000000eaaa0000)
  eden space 6272K,   0% used [0x00000000e0000000, 0x00000000e0000000, 0x00000000e0620000)
  from space 768K,  38% used [0x00000000e0620000, 0x00000000e0669d38, 0x00000000e06e0000)
  to   space 768K,   0% used [0x00000000e06e0000, 0x00000000e06e0000, 0x00000000e07a0000)
 tenured generation   total 15488K, used 11681K [0x00000000eaaa0000, 0x00000000eb9c0000, 0x0000000100000000)
   the space 15488K,  75% used [0x00000000eaaa0000, 0x00000000eb608598, 0x00000000eb608600, 0x00000000eb9c0000)
 Metaspace       used 28769K, capacity 31104K, committed 31232K, reserved 1077248K
  class space    used 3859K, capacity 4284K, committed 4352K, reserved 1048576K
}
Event: 6.440 GC heap before
{Heap before GC invocations=73 (full 2):
 def new generation   total 7040K, used 6567K [0x00000000e0000000, 0x00000000e07a0000, 0x00000000eaaa0000)
  eden space 6272K, 100% used [0x00000000e0000000, 0x00000000e0620000, 0x00000000e0620000)
  from space 768K,  38% used [0x00000000e0620000, 0x00000000e0669d38, 0x00000000e06e0000)
  to   space 768K,   0% used [0x00000000e06e0000, 0x00000000e06e0000, 0x00000000e07a0000)
 tenured generation   total 15488K, used 11681K [0x00000000eaaa0000, 0x00000000eb9c0000, 0x0000000100000000)
   the space 15488K,  75% used [0x00000000eaaa0000, 0x00000000eb608598, 0x00000000eb608600, 0x00000000eb9c0000)
 Metaspace       used 29327K, capacity 31616K, committed 31744K, reserved 1077248K
  class space    used 3941K, capacity 4348K, committed 4352K, reserved 1048576K
Event: 6.442 GC heap after
Heap after GC invocations=74 (full 2):
 def new generation   total 7040K, used 606K [0x00000000e0000000, 0x00000000e07a0000, 0x00000000eaaa0000)
  eden space 6272K,   0% used [0x00000000e0000000, 0x00000000e0000000, 0x00000000e0620000)
  from space 768K,  78% used [0x00000000e06e0000, 0x00000000e0777948, 0x00000000e07a0000)
  to   space 768K,   0% used [0x00000000e0620000, 0x00000000e0620000, 0x00000000e06e0000)
 tenured generation   total 15488K, used 11681K [0x00000000eaaa0000, 0x00000000eb9c0000, 0x0000000100000000)
   the space 15488K,  75% used [0x00000000eaaa0000, 0x00000000eb608598, 0x00000000eb608600, 0x00000000eb9c0000)
 Metaspace       used 29327K, capacity 31616K, committed 31744K, reserved 1077248K
  class space    used 3941K, capacity 4348K, committed 4352K, reserved 1048576K
}
Event: 6.568 GC heap before
{Heap before GC invocations=74 (full 2):
 def new generation   total 7040K, used 6878K [0x00000000e0000000, 0x00000000e07a0000, 0x00000000eaaa0000)
  eden space 6272K, 100% used [0x00000000e0000000, 0x00000000e0620000, 0x00000000e0620000)
  from space 768K,  78% used [0x00000000e06e0000, 0x00000000e0777948, 0x00000000e07a0000)
  to   space 768K,   0% used [0x00000000e0620000, 0x00000000e0620000, 0x00000000e06e0000)
 tenured generation   total 15488K, used 11681K [0x00000000eaaa0000, 0x00000000eb9c0000, 0x0000000100000000)
   the space 15488K,  75% used [0x00000000eaaa0000, 0x00000000eb608598, 0x00000000eb608600, 0x00000000eb9c0000)
 Metaspace       used 30128K, capacity 32474K, committed 32768K, reserved 1077248K
  class space    used 4047K, capacity 4481K, committed 4608K, reserved 1048576K
Event: 6.572 GC heap after
Heap after GC invocations=75 (full 2):
 def new generation   total 7040K, used 705K [0x00000000e0000000, 0x00000000e07a0000, 0x00000000eaaa0000)
  eden space 6272K,   0% used [0x00000000e0000000, 0x00000000e0000000, 0x00000000e0620000)
  from space 768K,  91% used [0x00000000e0620000, 0x00000000e06d05f8, 0x00000000e06e0000)
  to   space 768K,   0% used [0x00000000e06e0000, 0x00000000e06e0000, 0x00000000e07a0000)
 tenured generation   total 15488K, used 11980K [0x00000000eaaa0000, 0x00000000eb9c0000, 0x0000000100000000)
   the space 15488K,  77% used [0x00000000eaaa0000, 0x00000000eb653320, 0x00000000eb653400, 0x00000000eb9c0000)
 Metaspace       used 30128K, capacity 32474K, committed 32768K, reserved 1077248K
  class space    used 4047K, capacity 4481K, committed 4608K, reserved 1048576K
}
Event: 6.728 GC heap before
{Heap before GC invocations=75 (full 2):
 def new generation   total 7040K, used 6977K [0x00000000e0000000, 0x00000000e07a0000, 0x00000000eaaa0000)
  eden space 6272K, 100% used [0x00000000e0000000, 0x00000000e0620000, 0x00000000e0620000)
  from space 768K,  91% used [0x00000000e0620000, 0x00000000e06d05f8, 0x00000000e06e0000)
  to   space 768K,   0% used [0x00000000e06e0000, 0x00000000e06e0000, 0x00000000e07a0000)
 tenured generation   total 15488K, used 11980K [0x00000000eaaa0000, 0x00000000eb9c0000, 0x0000000100000000)
   the space 15488K,  77% used [0x00000000eaaa0000, 0x00000000eb653320, 0x00000000eb653400, 0x00000000eb9c0000)
 Metaspace       used 31284K, capacity 33594K, committed 33792K, reserved 1079296K
  class space    used 4176K, capacity 4577K, committed 4608K, reserved 1048576K
Event: 6.732 GC heap after
Heap after GC invocations=76 (full 2):
 def new generation   total 7040K, used 768K [0x00000000e0000000, 0x00000000e07a0000, 0x00000000eaaa0000)
  eden space 6272K,   0% used [0x00000000e0000000, 0x00000000e0000000, 0x00000000e0620000)
  from space 768K, 100% used [0x00000000e06e0000, 0x00000000e07a0000, 0x00000000e07a0000)
  to   space 768K,   0% used [0x00000000e0620000, 0x00000000e0620000, 0x00000000e06e0000)
 tenured generation   total 15488K, used 12935K [0x00000000eaaa0000, 0x00000000eb9c0000, 0x0000000100000000)
   the space 15488K,  83% used [0x00000000eaaa0000, 0x00000000eb741df8, 0x00000000eb741e00, 0x00000000eb9c0000)
 Metaspace       used 31284K, capacity 33594K, committed 33792K, reserved 1079296K
  class space    used 4176K, capacity 4577K, committed 4608K, reserved 1048576K
}
Event: 6.864 GC heap before
{Heap before GC invocations=76 (full 2):
 def new generation   total 7040K, used 7040K [0x00000000e0000000, 0x00000000e07a0000, 0x00000000eaaa0000)
  eden space 6272K, 100% used [0x00000000e0000000, 0x00000000e0620000, 0x00000000e0620000)
  from space 768K, 100% used [0x00000000e06e0000, 0x00000000e07a0000, 0x00000000e07a0000)
  to   space 768K,   0% used [0x00000000e0620000, 0x00000000e0620000, 0x00000000e06e0000)
 tenured generation   total 15488K, used 12935K [0x00000000eaaa0000, 0x00000000eb9c0000, 0x0000000100000000)
   the space 15488K,  83% used [0x00000000eaaa0000, 0x00000000eb741df8, 0x00000000eb741e00, 0x00000000eb9c0000)
 Metaspace       used 32436K, capacity 34746K, committed 34944K, reserved 1079296K
  class space    used 4303K, capacity 4705K, committed 4736K, reserved 1048576K
Event: 6.867 GC heap after
Heap after GC invocations=77 (full 2):
 def new generation   total 7040K, used 767K [0x00000000e0000000, 0x00000000e07a0000, 0x00000000eaaa0000)
  eden space 6272K,   0% used [0x00000000e0000000, 0x00000000e0000000, 0x00000000e0620000)
  from space 768K,  99% used [0x00000000e0620000, 0x00000000e06dfff8, 0x00000000e06e0000)
  to   space 768K,   0% used [0x00000000e06e0000, 0x00000000e06e0000, 0x00000000e07a0000)
 tenured generation   total 15488K, used 13705K [0x00000000eaaa0000, 0x00000000eb9c0000, 0x0000000100000000)
   the space 15488K,  88% used [0x00000000eaaa0000, 0x00000000eb802538, 0x00000000eb802600, 0x00000000eb9c0000)
 Metaspace       used 32436K, capacity 34746K, committed 34944K, reserved 1079296K
  class space    used 4303K, capacity 4705K, committed 4736K, reserved 1048576K
}
Event: 7.016 GC heap before
{Heap before GC invocations=77 (full 2):
 def new generation   total 7040K, used 7039K [0x00000000e0000000, 0x00000000e07a0000, 0x00000000eaaa0000)
  eden space 6272K, 100% used [0x00000000e0000000, 0x00000000e0620000, 0x00000000e0620000)
  from space 768K,  99% used [0x00000000e0620000, 0x00000000e06dfff8, 0x00000000e06e0000)
  to   space 768K,   0% used [0x00000000e06e0000, 0x00000000e06e0000, 0x00000000e07a0000)
 tenured generation   total 15488K, used 13705K [0x00000000eaaa0000, 0x00000000eb9c0000, 0x0000000100000000)
   the space 15488K,  88% used [0x00000000eaaa0000, 0x00000000eb802538, 0x00000000eb802600, 0x00000000eb9c0000)
 Metaspace       used 33276K, capacity 35670K, committed 35840K, reserved 1081344K
  class space    used 4403K, capacity 4839K, committed 4864K, reserved 1048576K
Event: 7.019 GC heap after
Heap after GC invocations=78 (full 2):
 def new generation   total 7040K, used 717K [0x00000000e0000000, 0x00000000e07a0000, 0x00000000eaaa0000)
  eden space 6272K,   0% used [0x00000000e0000000, 0x00000000e0000000, 0x00000000e0620000)
  from space 768K,  93% used [0x00000000e06e0000, 0x00000000e0793428, 0x00000000e07a0000)
  to   space 768K,   0% used [0x00000000e0620000, 0x00000000e0620000, 0x00000000e06e0000)
 tenured generation   total 15488K, used 13783K [0x00000000eaaa0000, 0x00000000eb9c0000, 0x0000000100000000)
   the space 15488K,  88% used [0x00000000eaaa0000, 0x00000000eb815e90, 0x00000000eb816000, 0x00000000eb9c0000)
 Metaspace       used 33276K, capacity 35670K, committed 35840K, reserved 1081344K
  class space    used 4403K, capacity 4839K, committed 4864K, reserved 1048576K
}
Event: 7.132 GC heap before
{Heap before GC invocations=78 (full 2):
 def new generation   total 7040K, used 6989K [0x00000000e0000000, 0x00000000e07a0000, 0x00000000eaaa0000)
  eden space 6272K, 100% used [0x00000000e0000000, 0x00000000e0620000, 0x00000000e0620000)
  from space 768K,  93% used [0x00000000e06e0000, 0x00000000e0793428, 0x00000000e07a0000)
  to   space 768K,   0% used [0x00000000e0620000, 0x00000000e0620000, 0x00000000e06e0000)
 tenured generation   total 15488K, used 13783K [0x00000000eaaa0000, 0x00000000eb9c0000, 0x0000000100000000)
   the space 15488K,  88% used [0x00000000eaaa0000, 0x00000000eb815e90, 0x00000000eb816000, 0x00000000eb9c0000)
 Metaspace       used 33784K, capacity 36162K, committed 36480K, reserved 1081344K
  class space    used 4443K, capacity 4873K, committed 4992K, reserved 1048576K
Event: 7.135 GC heap after
Heap after GC invocations=79 (full 2):
 def new generation   total 7040K, used 359K [0x00000000e0000000, 0x00000000e07a0000, 0x00000000eaaa0000)
  eden space 6272K,   0% used [0x00000000e0000000, 0x00000000e0000000, 0x00000000e0620000)
  from space 768K,  46% used [0x00000000e0620000, 0x00000000e0679f08, 0x00000000e06e0000)
  to   space 768K,   0% used [0x00000000e06e0000, 0x00000000e06e0000, 0x00000000e07a0000)
 tenured generation   total 15488K, used 14059K [0x00000000eaaa0000, 0x00000000eb9c0000, 0x0000000100000000)
   the space 15488K,  90% used [0x00000000eaaa0000, 0x00000000eb85ad48, 0x00000000eb85ae00, 0x00000000eb9c0000)
 Metaspace       used 33784K, capacity 36162K, committed 36480K, reserved 1081344K
  class space    used 4443K, capacity 4873K, committed 4992K, reserved 1048576K
}
Event: 7.219 GC heap before
{Heap before GC invocations=79 (full 2):
 def new generation   total 7040K, used 6631K [0x00000000e0000000, 0x00000000e07a0000, 0x00000000eaaa0000)
  eden space 6272K, 100% used [0x00000000e0000000, 0x00000000e0620000, 0x00000000e0620000)
  from space 768K,  46% used [0x00000000e0620000, 0x00000000e0679f08, 0x00000000e06e0000)
  to   space 768K,   0% used [0x00000000e06e0000, 0x00000000e06e0000, 0x00000000e07a0000)
 tenured generation   total 15488K, used 14059K [0x00000000eaaa0000, 0x00000000eb9c0000, 0x0000000100000000)
   the space 15488K,  90% used [0x00000000eaaa0000, 0x00000000eb85ad48, 0x00000000eb85ae00, 0x00000000eb9c0000)
 Metaspace       used 34350K, capacity 36752K, committed 36992K, reserved 1081344K
  class space    used 4511K, capacity 4940K, committed 4992K, reserved 1048576K
Event: 7.221 GC heap after
Heap after GC invocations=80 (full 2):
 def new generation   total 7040K, used 606K [0x00000000e0000000, 0x00000000e07a0000, 0x00000000eaaa0000)
  eden space 6272K,   0% used [0x00000000e0000000, 0x00000000e0000000, 0x00000000e0620000)
  from space 768K,  78% used [0x00000000e06e0000, 0x00000000e07779b0, 0x00000000e07a0000)
  to   space 768K,   0% used [0x00000000e0620000, 0x00000000e0620000, 0x00000000e06e0000)
 tenured generation   total 15488K, used 14059K [0x00000000eaaa0000, 0x00000000eb9c0000, 0x0000000100000000)
   the space 15488K,  90% used [0x00000000eaaa0000, 0x00000000eb85ad48, 0x00000000eb85ae00, 0x00000000eb9c0000)
 Metaspace       used 34350K, capacity 36752K, committed 36992K, reserved 1081344K
  class space    used 4511K, capacity 4940K, committed 4992K, reserved 1048576K
}
Event: 7.290 GC heap before
{Heap before GC invocations=80 (full 2):
 def new generation   total 7040K, used 6878K [0x00000000e0000000, 0x00000000e07a0000, 0x00000000eaaa0000)
  eden space 6272K, 100% used [0x00000000e0000000, 0x00000000e0620000, 0x00000000e0620000)
  from space 768K,  78% used [0x00000000e06e0000, 0x00000000e07779b0, 0x00000000e07a0000)
  to   space 768K,   0% used [0x00000000e0620000, 0x00000000e0620000, 0x00000000e06e0000)
 tenured generation   total 15488K, used 14059K [0x00000000eaaa0000, 0x00000000eb9c0000, 0x0000000100000000)
   the space 15488K,  90% used [0x00000000eaaa0000, 0x00000000eb85ad48, 0x00000000eb85ae00, 0x00000000eb9c0000)
 Metaspace       used 34667K, capacity 37072K, committed 37376K, reserved 1081344K
  class space    used 4561K, capacity 5004K, committed 5120K, reserved 1048576K
Event: 7.293 GC heap after
Heap after GC invocations=81 (full 2):
 def new generation   total 7040K, used 441K [0x00000000e0000000, 0x00000000e07a0000, 0x00000000eaaa0000)
  eden space 6272K,   0% used [0x00000000e0000000, 0x00000000e0000000, 0x00000000e0620000)
  from space 768K,  57% used [0x00000000e0620000, 0x00000000e068e598, 0x00000000e06e0000)
  to   space 768K,   0% used [0x00000000e06e0000, 0x00000000e06e0000, 0x00000000e07a0000)
 tenured generation   total 15488K, used 14273K [0x00000000eaaa0000, 0x00000000eb9c0000, 0x0000000100000000)
   the space 15488K,  92% used [0x00000000eaaa0000, 0x00000000eb890420, 0x00000000eb890600, 0x00000000eb9c0000)
 Metaspace       used 34667K, capacity 37072K, committed 37376K, reserved 1081344K
  class space    used 4561K, capacity 5004K, committed 5120K, reserved 1048576K
}
Event: 7.364 GC heap before
{Heap before GC invocations=81 (full 2):
 def new generation   total 7040K, used 6713K [0x00000000e0000000, 0x00000000e07a0000, 0x00000000eaaa0000)
  eden space 6272K, 100% used [0x00000000e0000000, 0x00000000e0620000, 0x00000000e0620000)
  from space 768K,  57% used [0x00000000e0620000, 0x00000000e068e598, 0x00000000e06e0000)
  to   space 768K,   0% used [0x00000000e06e0000, 0x00000000e06e0000, 0x00000000e07a0000)
 tenured generation   total 15488K, used 14273K [0x00000000eaaa0000, 0x00000000eb9c0000, 0x0000000100000000)
   the space 15488K,  92% used [0x00000000eaaa0000, 0x00000000eb890420, 0x00000000eb890600, 0x00000000eb9c0000)
 Metaspace       used 35069K, capacity 37456K, committed 37632K, reserved 1081344K
  class space    used 4635K, capacity 5068K, committed 5120K, reserved 1048576K
Event: 7.366 GC heap after
Heap after GC invocations=82 (full 2):
 def new generation   total 7040K, used 375K [0x00000000e0000000, 0x00000000e07a0000, 0x00000000eaaa0000)
  eden space 6272K,   0% used [0x00000000e0000000, 0x00000000e0000000, 0x00000000e0620000)
  from space 768K,  48% used [0x00000000e06e0000, 0x00000000e073dd98, 0x00000000e07a0000)
  to   space 768K,   0% used [0x00000000e0620000, 0x00000000e0620000, 0x00000000e06e0000)
 tenured generation   total 15488K, used 14372K [0x00000000eaaa0000, 0x00000000eb9c0000, 0x0000000100000000)
   the space 15488K,  92% used [0x00000000eaaa0000, 0x00000000eb8a91d8, 0x00000000eb8a9200, 0x00000000eb9c0000)
 Metaspace       used 35069K, capacity 37456K, committed 37632K, reserved 1081344K
  class space    used 4635K, capacity 5068K, committed 5120K, reserved 1048576K
}
Event: 7.443 GC heap before
{Heap before GC invocations=82 (full 2):
 def new generation   total 7040K, used 6647K [0x00000000e0000000, 0x00000000e07a0000, 0x00000000eaaa0000)
  eden space 6272K, 100% used [0x00000000e0000000, 0x00000000e0620000, 0x00000000e0620000)
  from space 768K,  48% used [0x00000000e06e0000, 0x00000000e073dd98, 0x00000000e07a0000)
  to   space 768K,   0% used [0x00000000e0620000, 0x00000000e0620000, 0x00000000e06e0000)
 tenured generation   total 15488K, used 14372K [0x00000000eaaa0000, 0x00000000eb9c0000, 0x0000000100000000)
   the space 15488K,  92% used [0x00000000eaaa0000, 0x00000000eb8a91d8, 0x00000000eb8a9200, 0x00000000eb9c0000)
 Metaspace       used 35465K, capacity 37842K, committed 38016K, reserved 1081344K
  class space    used 4712K, capacity 5133K, committed 5248K, reserved 1048576K
Event: 7.445 GC heap after
Heap after GC invocations=83 (full 2):
 def new generation   total 7040K, used 476K [0x00000000e0000000, 0x00000000e07a0000, 0x00000000eaaa0000)
  eden space 6272K,   0% used [0x00000000e0000000, 0x00000000e0000000, 0x00000000e0620000)
  from space 768K,  62% used [0x00000000e0620000, 0x00000000e0697218, 0x00000000e06e0000)
  to   space 768K,   0% used [0x00000000e06e0000, 0x00000000e06e0000, 0x00000000e07a0000)
 tenured generation   total 15488K, used 14372K [0x00000000eaaa0000, 0x00000000eb9c0000, 0x0000000100000000)
   the space 15488K,  92% used [0x00000000eaaa0000, 0x00000000eb8a91d8, 0x00000000eb8a9200, 0x00000000eb9c0000)
 Metaspace       used 35465K, capacity 37842K, committed 38016K, reserved 1081344K
  class space    used 4712K, capacity 5133K, committed 5248K, reserved 1048576K
}
Event: 7.513 GC heap before
{Heap before GC invocations=83 (full 2):
 def new generation   total 7040K, used 6748K [0x00000000e0000000, 0x00000000e07a0000, 0x00000000eaaa0000)
  eden space 6272K, 100% used [0x00000000e0000000, 0x00000000e0620000, 0x00000000e0620000)
  from space 768K,  62% used [0x00000000e0620000, 0x00000000e0697218, 0x00000000e06e0000)
  to   space 768K,   0% used [0x00000000e06e0000, 0x00000000e06e0000, 0x00000000e07a0000)
 tenured generation   total 15488K, used 14372K [0x00000000eaaa0000, 0x00000000eb9c0000, 0x0000000100000000)
   the space 15488K,  92% used [0x00000000eaaa0000, 0x00000000eb8a91d8, 0x00000000eb8a9200, 0x00000000eb9c0000)
 Metaspace       used 35741K, capacity 38098K, committed 38272K, reserved 1083392K
  class space    used 4774K, capacity 5197K, committed 5248K, reserved 1048576K
Event: 7.515 GC heap after
Heap after GC invocations=84 (full 2):
 def new generation   total 7040K, used 353K [0x00000000e0000000, 0x00000000e07a0000, 0x00000000eaaa0000)
  eden space 6272K,   0% used [0x00000000e0000000, 0x00000000e0000000, 0x00000000e0620000)
  from space 768K,  45% used [0x00000000e06e0000, 0x00000000e07384c0, 0x00000000e07a0000)
  to   space 768K,   0% used [0x00000000e0620000, 0x00000000e0620000, 0x00000000e06e0000)
 tenured generation   total 15488K, used 14469K [0x00000000eaaa0000, 0x00000000eb9c0000, 0x0000000100000000)
   the space 15488K,  93% used [0x00000000eaaa0000, 0x00000000eb8c17f8, 0x00000000eb8c1800, 0x00000000eb9c0000)
 Metaspace       used 35741K, capacity 38098K, committed 38272K, reserved 1083392K
  class space    used 4774K, capacity 5197K, committed 5248K, reserved 1048576K
}
Event: 7.602 GC heap before
{Heap before GC invocations=84 (full 2):
 def new generation   total 7040K, used 6625K [0x00000000e0000000, 0x00000000e07a0000, 0x00000000eaaa0000)
  eden space 6272K, 100% used [0x00000000e0000000, 0x00000000e0620000, 0x00000000e0620000)
  from space 768K,  45% used [0x00000000e06e0000, 0x00000000e07384c0, 0x00000000e07a0000)
  to   space 768K,   0% used [0x00000000e0620000, 0x00000000e0620000, 0x00000000e06e0000)
 tenured generation   total 15488K, used 14469K [0x00000000eaaa0000, 0x00000000eb9c0000, 0x0000000100000000)
   the space 15488K,  93% used [0x00000000eaaa0000, 0x00000000eb8c17f8, 0x00000000eb8c1800, 0x00000000eb9c0000)
 Metaspace       used 36186K, capacity 38612K, committed 38912K, reserved 1083392K
  class space    used 4840K, capacity 5272K, committed 5376K, reserved 1048576K
Event: 7.604 GC heap after
Heap after GC invocations=85 (full 2):
 def new generation   total 7040K, used 535K [0x00000000e0000000, 0x00000000e07a0000, 0x00000000eaaa0000)
  eden space 6272K,   0% used [0x00000000e0000000, 0x00000000e0000000, 0x00000000e0620000)
  from space 768K,  69% used [0x00000000e0620000, 0x00000000e06a5d30, 0x00000000e06e0000)
  to   space 768K,   0% used [0x00000000e06e0000, 0x00000000e06e0000, 0x00000000e07a0000)
 tenured generation   total 15488K, used 14469K [0x00000000eaaa0000, 0x00000000eb9c0000, 0x0000000100000000)
   the space 15488K,  93% used [0x00000000eaaa0000, 0x00000000eb8c17f8, 0x00000000eb8c1800, 0x00000000eb9c0000)
 Metaspace       used 36186K, capacity 38612K, committed 38912K, reserved 1083392K
  class space    used 4840K, capacity 5272K, committed 5376K, reserved 1048576K
}
Event: 7.681 GC heap before
{Heap before GC invocations=85 (full 2):
 def new generation   total 7040K, used 6807K [0x00000000e0000000, 0x00000000e07a0000, 0x00000000eaaa0000)
  eden space 6272K, 100% used [0x00000000e0000000, 0x00000000e0620000, 0x00000000e0620000)
  from space 768K,  69% used [0x00000000e0620000, 0x00000000e06a5d30, 0x00000000e06e0000)
  to   space 768K,   0% used [0x00000000e06e0000, 0x00000000e06e0000, 0x00000000e07a0000)
 tenured generation   total 15488K, used 14469K [0x00000000eaaa0000, 0x00000000eb9c0000, 0x0000000100000000)
   the space 15488K,  93% used [0x00000000eaaa0000, 0x00000000eb8c17f8, 0x00000000eb8c1800, 0x00000000eb9c0000)
 Metaspace       used 36528K, capacity 38950K, committed 39168K, reserved 1083392K
  class space    used 4910K, capacity 5339K, committed 5376K, reserved 1048576K
Event: 7.683 GC heap after
Heap after GC invocations=86 (full 2):
 def new generation   total 7040K, used 426K [0x00000000e0000000, 0x00000000e07a0000, 0x00000000eaaa0000)
  eden space 6272K,   0% used [0x00000000e0000000, 0x00000000e0000000, 0x00000000e0620000)
  from space 768K,  55% used [0x00000000e06e0000, 0x00000000e074a9a8, 0x00000000e07a0000)
  to   space 768K,   0% used [0x00000000e0620000, 0x00000000e0620000, 0x00000000e06e0000)
 tenured generation   total 15488K, used 14634K [0x00000000eaaa0000, 0x00000000eb9c0000, 0x0000000100000000)
   the space 15488K,  94% used [0x00000000eaaa0000, 0x00000000eb8ea948, 0x00000000eb8eaa00, 0x00000000eb9c0000)
 Metaspace       used 36528K, capacity 38950K, committed 39168K, reserved 1083392K
  class space    used 4910K, capacity 5339K, committed 5376K, reserved 1048576K
}
Event: 7.798 GC heap before
{Heap before GC invocations=86 (full 2):
 def new generation   total 7040K, used 6698K [0x00000000e0000000, 0x00000000e07a0000, 0x00000000eaaa0000)
  eden space 6272K, 100% used [0x00000000e0000000, 0x00000000e0620000, 0x00000000e0620000)
  from space 768K,  55% used [0x00000000e06e0000, 0x00000000e074a9a8, 0x00000000e07a0000)
  to   space 768K,   0% used [0x00000000e0620000, 0x00000000e0620000, 0x00000000e06e0000)
 tenured generation   total 15488K, used 14634K [0x00000000eaaa0000, 0x00000000eb9c0000, 0x0000000100000000)
   the space 15488K,  94% used [0x00000000eaaa0000, 0x00000000eb8ea948, 0x00000000eb8eaa00, 0x00000000eb9c0000)
 Metaspace       used 37311K, capacity 39732K, committed 39936K, reserved 1083392K
  class space    used 5089K, capacity 5538K, committed 5632K, reserved 1048576K
Event: 7.800 GC heap after
Heap after GC invocations=87 (full 2):
 def new generation   total 7040K, used 603K [0x00000000e0000000, 0x00000000e07a0000, 0x00000000eaaa0000)
  eden space 6272K,   0% used [0x00000000e0000000, 0x00000000e0000000, 0x00000000e0620000)
  from space 768K,  78% used [0x00000000e0620000, 0x00000000e06b6d68, 0x00000000e06e0000)
  to   space 768K,   0% used [0x00000000e06e0000, 0x00000000e06e0000, 0x00000000e07a0000)
 tenured generation   total 15488K, used 14704K [0x00000000eaaa0000, 0x00000000eb9c0000, 0x0000000100000000)
   the space 15488K,  94% used [0x00000000eaaa0000, 0x00000000eb8fc3f8, 0x00000000eb8fc400, 0x00000000eb9c0000)
 Metaspace       used 37311K, capacity 39732K, committed 39936K, reserved 1083392K
  class space    used 5089K, capacity 5538K, committed 5632K, reserved 1048576K
}
Event: 7.890 GC heap before
{Heap before GC invocations=87 (full 2):
 def new generation   total 7040K, used 6875K [0x00000000e0000000, 0x00000000e07a0000, 0x00000000eaaa0000)
  eden space 6272K, 100% used [0x00000000e0000000, 0x00000000e0620000, 0x00000000e0620000)
  from space 768K,  78% used [0x00000000e0620000, 0x00000000e06b6d68, 0x00000000e06e0000)
  to   space 768K,   0% used [0x00000000e06e0000, 0x00000000e06e0000, 0x00000000e07a0000)
 tenured generation   total 15488K, used 14704K [0x00000000eaaa0000, 0x00000000eb9c0000, 0x0000000100000000)
   the space 15488K,  94% used [0x00000000eaaa0000, 0x00000000eb8fc3f8, 0x00000000eb8fc400, 0x00000000eb9c0000)
 Metaspace       used 37861K, capacity 40322K, committed 40448K, reserved 1083392K
  class space    used 5175K, capacity 5605K, committed 5632K, reserved 1048576K
Event: 7.893 GC heap after
Heap after GC invocations=88 (full 2):
 def new generation   total 7040K, used 503K [0x00000000e0000000, 0x00000000e07a0000, 0x00000000eaaa0000)
  eden space 6272K,   0% used [0x00000000e0000000, 0x00000000e0000000, 0x00000000e0620000)
  from space 768K,  65% used [0x00000000e06e0000, 0x00000000e075de20, 0x00000000e07a0000)
  to   space 768K,   0% used [0x00000000e0620000, 0x00000000e0620000, 0x00000000e06e0000)
 tenured generation   total 15488K, used 14790K [0x00000000eaaa0000, 0x00000000eb9c0000, 0x0000000100000000)
   the space 15488K,  95% used [0x00000000eaaa0000, 0x00000000eb911b50, 0x00000000eb911c00, 0x00000000eb9c0000)
 Metaspace       used 37861K, capacity 40322K, committed 40448K, reserved 1083392K
  class space    used 5175K, capacity 5605K, committed 5632K, reserved 1048576K
}
Event: 8.026 GC heap before
{Heap before GC invocations=88 (full 2):
 def new generation   total 7040K, used 6775K [0x00000000e0000000, 0x00000000e07a0000, 0x00000000eaaa0000)
  eden space 6272K, 100% used [0x00000000e0000000, 0x00000000e0620000, 0x00000000e0620000)
  from space 768K,  65% used [0x00000000e06e0000, 0x00000000e075de20, 0x00000000e07a0000)
  to   space 768K,   0% used [0x00000000e0620000, 0x00000000e0620000, 0x00000000e06e0000)
 tenured generation   total 15488K, used 14790K [0x00000000eaaa0000, 0x00000000eb9c0000, 0x0000000100000000)
   the space 15488K,  95% used [0x00000000eaaa0000, 0x00000000eb911b50, 0x00000000eb911c00, 0x00000000eb9c0000)
 Metaspace       used 38584K, capacity 40994K, committed 41088K, reserved 1085440K
  class space    used 5267K, capacity 5701K, committed 5760K, reserved 1048576K
Event: 8.028 GC heap after
Heap after GC invocations=89 (full 2):
 def new generation   total 7040K, used 737K [0x00000000e0000000, 0x00000000e07a0000, 0x00000000eaaa0000)
  eden space 6272K,   0% used [0x00000000e0000000, 0x00000000e0000000, 0x00000000e0620000)
  from space 768K,  96% used [0x00000000e0620000, 0x00000000e06d86c0, 0x00000000e06e0000)
  to   space 768K,   0% used [0x00000000e06e0000, 0x00000000e06e0000, 0x00000000e07a0000)
 tenured generation   total 15488K, used 14887K [0x00000000eaaa0000, 0x00000000eb9c0000, 0x0000000100000000)
   the space 15488K,  96% used [0x00000000eaaa0000, 0x00000000eb929cd0, 0x00000000eb929e00, 0x00000000eb9c0000)
 Metaspace       used 38584K, capacity 40994K, committed 41088K, reserved 1085440K
  class space    used 5267K, capacity 5701K, committed 5760K, reserved 1048576K
}
Event: 8.151 GC heap before
{Heap before GC invocations=89 (full 2):
 def new generation   total 7040K, used 7009K [0x00000000e0000000, 0x00000000e07a0000, 0x00000000eaaa0000)
  eden space 6272K, 100% used [0x00000000e0000000, 0x00000000e0620000, 0x00000000e0620000)
  from space 768K,  96% used [0x00000000e0620000, 0x00000000e06d86c0, 0x00000000e06e0000)
  to   space 768K,   0% used [0x00000000e06e0000, 0x00000000e06e0000, 0x00000000e07a0000)
 tenured generation   total 15488K, used 14887K [0x00000000eaaa0000, 0x00000000eb9c0000, 0x0000000100000000)
   the space 15488K,  96% used [0x00000000eaaa0000, 0x00000000eb929cd0, 0x00000000eb929e00, 0x00000000eb9c0000)
 Metaspace       used 39362K, capacity 41800K, committed 41984K, reserved 1085440K
  class space    used 5370K, capacity 5798K, committed 5888K, reserved 1048576K
Event: 8.154 GC heap after
Heap after GC invocations=90 (full 2):
 def new generation   total 7040K, used 585K [0x00000000e0000000, 0x00000000e07a0000, 0x00000000eaaa0000)
  eden space 6272K,   0% used [0x00000000e0000000, 0x00000000e0000000, 0x00000000e0620000)
  from space 768K,  76% used [0x00000000e06e0000, 0x00000000e0772420, 0x00000000e07a0000)
  to   space 768K,   0% used [0x00000000e0620000, 0x00000000e0620000, 0x00000000e06e0000)
 tenured generation   total 15488K, used 15085K [0x00000000eaaa0000, 0x00000000eb9c0000, 0x0000000100000000)
   the space 15488K,  97% used [0x00000000eaaa0000, 0x00000000eb95b638, 0x00000000eb95b800, 0x00000000eb9c0000)
 Metaspace       used 39362K, capacity 41800K, committed 41984K, reserved 1085440K
  class space    used 5370K, capacity 5798K, committed 5888K, reserved 1048576K
}
Event: 8.251 GC heap before
{Heap before GC invocations=90 (full 2):
 def new generation   total 7040K, used 6857K [0x00000000e0000000, 0x00000000e07a0000, 0x00000000eaaa0000)
  eden space 6272K, 100% used [0x00000000e0000000, 0x00000000e0620000, 0x00000000e0620000)
  from space 768K,  76% used [0x00000000e06e0000, 0x00000000e0772420, 0x00000000e07a0000)
  to   space 768K,   0% used [0x00000000e0620000, 0x00000000e0620000, 0x00000000e06e0000)
 tenured generation   total 15488K, used 15085K [0x00000000eaaa0000, 0x00000000eb9c0000, 0x0000000100000000)
   the space 15488K,  97% used [0x00000000eaaa0000, 0x00000000eb95b638, 0x00000000eb95b800, 0x00000000eb9c0000)
 Metaspace       used 39915K, capacity 42324K, committed 42496K, reserved 1085440K
  class space    used 5434K, capacity 5864K, committed 5888K, reserved 1048576K
Event: 8.254 GC heap after
Heap after GC invocations=91 (full 2):
 def new generation   total 7040K, used 450K [0x00000000e0000000, 0x00000000e07a0000, 0x00000000eaaa0000)
  eden space 6272K,   0% used [0x00000000e0000000, 0x00000000e0000000, 0x00000000e0620000)
  from space 768K,  58% used [0x00000000e0620000, 0x00000000e0690b98, 0x00000000e06e0000)
  to   space 768K,   0% used [0x00000000e06e0000, 0x00000000e06e0000, 0x00000000e07a0000)
 tenured generation   total 15488K, used 15187K [0x00000000eaaa0000, 0x00000000eb9c0000, 0x0000000100000000)
   the space 15488K,  98% used [0x00000000eaaa0000, 0x00000000eb974e18, 0x00000000eb975000, 0x00000000eb9c0000)
 Metaspace       used 39915K, capacity 42324K, committed 42496K, reserved 1085440K
  class space    used 5434K, capacity 5864K, committed 5888K, reserved 1048576K
}
Event: 8.364 GC heap before
{Heap before GC invocations=91 (full 2):
 def new generation   total 7040K, used 6722K [0x00000000e0000000, 0x00000000e07a0000, 0x00000000eaaa0000)
  eden space 6272K, 100% used [0x00000000e0000000, 0x00000000e0620000, 0x00000000e0620000)
  from space 768K,  58% used [0x00000000e0620000, 0x00000000e0690b98, 0x00000000e06e0000)
  to   space 768K,   0% used [0x00000000e06e0000, 0x00000000e06e0000, 0x00000000e07a0000)
 tenured generation   total 15488K, used 15187K [0x00000000eaaa0000, 0x00000000eb9c0000, 0x0000000100000000)
   the space 15488K,  98% used [0x00000000eaaa0000, 0x00000000eb974e18, 0x00000000eb975000, 0x00000000eb9c0000)
 Metaspace       used 40325K, capacity 42784K, committed 43136K, reserved 1087488K
  class space    used 5507K, capacity 5930K, committed 6016K, reserved 1048576K
Event: 8.367 GC heap after
Heap after GC invocations=92 (full 2):
 def new generation   total 7040K, used 543K [0x00000000e0000000, 0x00000000e07a0000, 0x00000000eaaa0000)
  eden space 6272K,   0% used [0x00000000e0000000, 0x00000000e0000000, 0x00000000e0620000)
  from space 768K,  70% used [0x00000000e06e0000, 0x00000000e0767f00, 0x00000000e07a0000)
  to   space 768K,   0% used [0x00000000e0620000, 0x00000000e0620000, 0x00000000e06e0000)
 tenured generation   total 15488K, used 15247K [0x00000000eaaa0000, 0x00000000eb9c0000, 0x0000000100000000)
   the space 15488K,  98% used [0x00000000eaaa0000, 0x00000000eb983c30, 0x00000000eb983e00, 0x00000000eb9c0000)
 Metaspace       used 40325K, capacity 42784K, committed 43136K, reserved 1087488K
  class space    used 5507K, capacity 5930K, committed 6016K, reserved 1048576K
}
Event: 8.472 GC heap before
{Heap before GC invocations=92 (full 2):
 def new generation   total 7040K, used 6815K [0x00000000e0000000, 0x00000000e07a0000, 0x00000000eaaa0000)
  eden space 6272K, 100% used [0x00000000e0000000, 0x00000000e0620000, 0x00000000e0620000)
  from space 768K,  70% used [0x00000000e06e0000, 0x00000000e0767f00, 0x00000000e07a0000)
  to   space 768K,   0% used [0x00000000e0620000, 0x00000000e0620000, 0x00000000e06e0000)
 tenured generation   total 15488K, used 15247K [0x00000000eaaa0000, 0x00000000eb9c0000, 0x0000000100000000)
   the space 15488K,  98% used [0x00000000eaaa0000, 0x00000000eb983c30, 0x00000000eb983e00, 0x00000000eb9c0000)
 Metaspace       used 41083K, capacity 43594K, committed 44032K, reserved 1087488K
  class space    used 5583K, capacity 6029K, committed 6144K, reserved 1048576K
Event: 8.475 GC heap after
Heap after GC invocations=93 (full 2):
 def new generation   total 7040K, used 679K [0x00000000e0000000, 0x00000000e07a0000, 0x00000000eaaa0000)
  eden space 6272K,   0% used [0x00000000e0000000, 0x00000000e0000000, 0x00000000e0620000)
  from space 768K,  88% used [0x00000000e0620000, 0x00000000e06c9c58, 0x00000000e06e0000)
  to   space 768K,   0% used [0x00000000e06e0000, 0x00000000e06e0000, 0x00000000e07a0000)
 tenured generation   total 15488K, used 15462K [0x00000000eaaa0000, 0x00000000eb9c0000, 0x0000000100000000)
   the space 15488K,  99% used [0x00000000eaaa0000, 0x00000000eb9b9870, 0x00000000eb9b9a00, 0x00000000eb9c0000)
 Metaspace       used 41083K, capacity 43594K, committed 44032K, reserved 1087488K
  class space    used 5583K, capacity 6029K, committed 6144K, reserved 1048576K
}
Event: 8.546 GC heap before
{Heap before GC invocations=93 (full 2):
 def new generation   total 7040K, used 6951K [0x00000000e0000000, 0x00000000e07a0000, 0x00000000eaaa0000)
  eden space 6272K, 100% used [0x00000000e0000000, 0x00000000e0620000, 0x00000000e0620000)
  from space 768K,  88% used [0x00000000e0620000, 0x00000000e06c9c58, 0x00000000e06e0000)
  to   space 768K,   0% used [0x00000000e06e0000, 0x00000000e06e0000, 0x00000000e07a0000)
 tenured generation   total 15488K, used 15462K [0x00000000eaaa0000, 0x00000000eb9c0000, 0x0000000100000000)
   the space 15488K,  99% used [0x00000000eaaa0000, 0x00000000eb9b9870, 0x00000000eb9b9a00, 0x00000000eb9c0000)
 Metaspace       used 41414K, capacity 43888K, committed 44288K, reserved 1087488K
  class space    used 5643K, capacity 6062K, committed 6144K, reserved 1048576K
Event: 8.615 GC heap after
Heap after GC invocations=94 (full 3):
 def new generation   total 11136K, used 0K [0x00000000e0000000, 0x00000000e0c10000, 0x00000000eaaa0000)
  eden space 9920K,   0% used [0x00000000e0000000, 0x00000000e0000000, 0x00000000e09b0000)
  from space 1216K,   0% used [0x00000000e09b0000, 0x00000000e09b0000, 0x00000000e0ae0000)
  to   space 1216K,   0% used [0x00000000e0ae0000, 0x00000000e0ae0000, 0x00000000e0c10000)
 tenured generation   total 24580K, used 14746K [0x00000000eaaa0000, 0x00000000ec2a1000, 0x0000000100000000)
   the space 24580K,  59% used [0x00000000eaaa0000, 0x00000000eb906b48, 0x00000000eb906c00, 0x00000000ec2a1000)
 Metaspace       used 41414K, capacity 43888K, committed 44288K, reserved 1087488K
  class space    used 5643K, capacity 6062K, committed 6144K, reserved 1048576K
}
Event: 8.776 GC heap before
{Heap before GC invocations=94 (full 3):
 def new generation   total 11136K, used 9920K [0x00000000e0000000, 0x00000000e0c10000, 0x00000000eaaa0000)
  eden space 9920K, 100% used [0x00000000e0000000, 0x00000000e09b0000, 0x00000000e09b0000)
  from space 1216K,   0% used [0x00000000e09b0000, 0x00000000e09b0000, 0x00000000e0ae0000)
  to   space 1216K,   0% used [0x00000000e0ae0000, 0x00000000e0ae0000, 0x00000000e0c10000)
 tenured generation   total 24580K, used 14746K [0x00000000eaaa0000, 0x00000000ec2a1000, 0x0000000100000000)
   the space 24580K,  59% used [0x00000000eaaa0000, 0x00000000eb906b48, 0x00000000eb906c00, 0x00000000ec2a1000)
 Metaspace       used 41965K, capacity 44454K, committed 44672K, reserved 1087488K
  class space    used 5731K, capacity 6163K, committed 6272K, reserved 1048576K
Event: 8.779 GC heap after
Heap after GC invocations=95 (full 3):
 def new generation   total 11136K, used 728K [0x00000000e0000000, 0x00000000e0c10000, 0x00000000eaaa0000)
  eden space 9920K,   0% used [0x00000000e0000000, 0x00000000e0000000, 0x00000000e09b0000)
  from space 1216K,  59% used [0x00000000e0ae0000, 0x00000000e0b96308, 0x00000000e0c10000)
  to   space 1216K,   0% used [0x00000000e09b0000, 0x00000000e09b0000, 0x00000000e0ae0000)
 tenured generation   total 24580K, used 14746K [0x00000000eaaa0000, 0x00000000ec2a1000, 0x0000000100000000)
   the space 24580K,  59% used [0x00000000eaaa0000, 0x00000000eb906b48, 0x00000000eb906c00, 0x00000000ec2a1000)
 Metaspace       used 41965K, capacity 44454K, committed 44672K, reserved 1087488K
  class space    used 5731K, capacity 6163K, committed 6272K, reserved 1048576K
}
Event: 8.959 GC heap before
{Heap before GC invocations=95 (full 3):
 def new generation   total 11136K, used 10648K [0x00000000e0000000, 0x00000000e0c10000, 0x00000000eaaa0000)
  eden space 9920K, 100% used [0x00000000e0000000, 0x00000000e09b0000, 0x00000000e09b0000)
  from space 1216K,  59% used [0x00000000e0ae0000, 0x00000000e0b96308, 0x00000000e0c10000)
  to   space 1216K,   0% used [0x00000000e09b0000, 0x00000000e09b0000, 0x00000000e0ae0000)
 tenured generation   total 24580K, used 14746K [0x00000000eaaa0000, 0x00000000ec2a1000, 0x0000000100000000)
   the space 24580K,  59% used [0x00000000eaaa0000, 0x00000000eb906b48, 0x00000000eb906c00, 0x00000000ec2a1000)
 Metaspace       used 42925K, capacity 45426K, committed 45824K, reserved 1089536K
  class space    used 5861K, capacity 6293K, committed 6400K, reserved 1048576K
Event: 8.968 GC heap after
Heap after GC invocations=96 (full 3):
 def new generation   total 11136K, used 741K [0x00000000e0000000, 0x00000000e0c10000, 0x00000000eaaa0000)
  eden space 9920K,   0% used [0x00000000e0000000, 0x00000000e0000000, 0x00000000e09b0000)
  from space 1216K,  61% used [0x00000000e09b0000, 0x00000000e0a697e8, 0x00000000e0ae0000)
  to   space 1216K,   0% used [0x00000000e0ae0000, 0x00000000e0ae0000, 0x00000000e0c10000)
 tenured generation   total 24580K, used 14962K [0x00000000eaaa0000, 0x00000000ec2a1000, 0x0000000100000000)
   the space 24580K,  60% used [0x00000000eaaa0000, 0x00000000eb93ca40, 0x00000000eb93cc00, 0x00000000ec2a1000)
 Metaspace       used 42925K, capacity 45426K, committed 45824K, reserved 1089536K
  class space    used 5861K, capacity 6293K, committed 6400K, reserved 1048576K
}
Event: 9.092 GC heap before
{Heap before GC invocations=96 (full 3):
 def new generation   total 11136K, used 10661K [0x00000000e0000000, 0x00000000e0c10000, 0x00000000eaaa0000)
  eden space 9920K, 100% used [0x00000000e0000000, 0x00000000e09b0000, 0x00000000e09b0000)
  from space 1216K,  61% used [0x00000000e09b0000, 0x00000000e0a697e8, 0x00000000e0ae0000)
  to   space 1216K,   0% used [0x00000000e0ae0000, 0x00000000e0ae0000, 0x00000000e0c10000)
 tenured generation   total 24580K, used 14962K [0x00000000eaaa0000, 0x00000000ec2a1000, 0x0000000100000000)
   the space 24580K,  60% used [0x00000000eaaa0000, 0x00000000eb93ca40, 0x00000000eb93cc00, 0x00000000ec2a1000)
 Metaspace       used 43540K, capacity 46040K, committed 46464K, reserved 1089536K
  class space    used 6014K, capacity 6454K, committed 6528K, reserved 1048576K
Event: 9.095 GC heap after
Heap after GC invocations=97 (full 3):
 def new generation   total 11136K, used 617K [0x00000000e0000000, 0x00000000e0c10000, 0x00000000eaaa0000)
  eden space 9920K,   0% used [0x00000000e0000000, 0x00000000e0000000, 0x00000000e09b0000)
  from space 1216K,  50% used [0x00000000e0ae0000, 0x00000000e0b7a520, 0x00000000e0c10000)
  to   space 1216K,   0% used [0x00000000e09b0000, 0x00000000e09b0000, 0x00000000e0ae0000)
 tenured generation   total 24580K, used 15155K [0x00000000eaaa0000, 0x00000000ec2a1000, 0x0000000100000000)
   the space 24580K,  61% used [0x00000000eaaa0000, 0x00000000eb96cf38, 0x00000000eb96d000, 0x00000000ec2a1000)
 Metaspace       used 43540K, capacity 46040K, committed 46464K, reserved 1089536K
  class space    used 6014K, capacity 6454K, committed 6528K, reserved 1048576K
}
Event: 9.228 GC heap before
{Heap before GC invocations=97 (full 3):
 def new generation   total 11136K, used 10537K [0x00000000e0000000, 0x00000000e0c10000, 0x00000000eaaa0000)
  eden space 9920K, 100% used [0x00000000e0000000, 0x00000000e09b0000, 0x00000000e09b0000)
  from space 1216K,  50% used [0x00000000e0ae0000, 0x00000000e0b7a520, 0x00000000e0c10000)
  to   space 1216K,   0% used [0x00000000e09b0000, 0x00000000e09b0000, 0x00000000e0ae0000)
 tenured generation   total 24580K, used 15155K [0x00000000eaaa0000, 0x00000000ec2a1000, 0x0000000100000000)
   the space 24580K,  61% used [0x00000000eaaa0000, 0x00000000eb96cf38, 0x00000000eb96d000, 0x00000000ec2a1000)
 Metaspace       used 44120K, capacity 46584K, committed 46848K, reserved 1089536K
  class space    used 6112K, capacity 6550K, committed 6656K, reserved 1048576K
Event: 9.230 GC heap after
Heap after GC invocations=98 (full 3):
 def new generation   total 11136K, used 696K [0x00000000e0000000, 0x00000000e0c10000, 0x00000000eaaa0000)
  eden space 9920K,   0% used [0x00000000e0000000, 0x00000000e0000000, 0x00000000e09b0000)
  from space 1216K,  57% used [0x00000000e09b0000, 0x00000000e0a5e2d0, 0x00000000e0ae0000)
  to   space 1216K,   0% used [0x00000000e0ae0000, 0x00000000e0ae0000, 0x00000000e0c10000)
 tenured generation   total 24580K, used 15237K [0x00000000eaaa0000, 0x00000000ec2a1000, 0x0000000100000000)
   the space 24580K,  61% used [0x00000000eaaa0000, 0x00000000eb9815a8, 0x00000000eb981600, 0x00000000ec2a1000)
 Metaspace       used 44120K, capacity 46584K, committed 46848K, reserved 1089536K
  class space    used 6112K, capacity 6550K, committed 6656K, reserved 1048576K
}
Event: 9.418 GC heap before
{Heap before GC invocations=98 (full 3):
 def new generation   total 11136K, used 10616K [0x00000000e0000000, 0x00000000e0c10000, 0x00000000eaaa0000)
  eden space 9920K, 100% used [0x00000000e0000000, 0x00000000e09b0000, 0x00000000e09b0000)
  from space 1216K,  57% used [0x00000000e09b0000, 0x00000000e0a5e2d0, 0x00000000e0ae0000)
  to   space 1216K,   0% used [0x00000000e0ae0000, 0x00000000e0ae0000, 0x00000000e0c10000)
 tenured generation   total 24580K, used 15237K [0x00000000eaaa0000, 0x00000000ec2a1000, 0x0000000100000000)
   the space 24580K,  61% used [0x00000000eaaa0000, 0x00000000eb9815a8, 0x00000000eb981600, 0x00000000ec2a1000)
 Metaspace       used 44709K, capacity 47248K, committed 47488K, reserved 1089536K
  class space    used 6219K, capacity 6682K, committed 6784K, reserved 1048576K
Event: 9.421 GC heap after
Heap after GC invocations=99 (full 3):
 def new generation   total 11136K, used 687K [0x00000000e0000000, 0x00000000e0c10000, 0x00000000eaaa0000)
  eden space 9920K,   0% used [0x00000000e0000000, 0x00000000e0000000, 0x00000000e09b0000)
  from space 1216K,  56% used [0x00000000e0ae0000, 0x00000000e0b8bdd0, 0x00000000e0c10000)
  to   space 1216K,   0% used [0x00000000e09b0000, 0x00000000e09b0000, 0x00000000e0ae0000)
 tenured generation   total 24580K, used 15296K [0x00000000eaaa0000, 0x00000000ec2a1000, 0x0000000100000000)
   the space 24580K,  62% used [0x00000000eaaa0000, 0x00000000eb990240, 0x00000000eb990400, 0x00000000ec2a1000)
 Metaspace       used 44709K, capacity 47248K, committed 47488K, reserved 1089536K
  class space    used 6219K, capacity 6682K, committed 6784K, reserved 1048576K
}
Event: 9.584 GC heap before
{Heap before GC invocations=99 (full 3):
 def new generation   total 11136K, used 10607K [0x00000000e0000000, 0x00000000e0c10000, 0x00000000eaaa0000)
  eden space 9920K, 100% used [0x00000000e0000000, 0x00000000e09b0000, 0x00000000e09b0000)
  from space 1216K,  56% used [0x00000000e0ae0000, 0x00000000e0b8bdd0, 0x00000000e0c10000)
  to   space 1216K,   0% used [0x00000000e09b0000, 0x00000000e09b0000, 0x00000000e0ae0000)
 tenured generation   total 24580K, used 15296K [0x00000000eaaa0000, 0x00000000ec2a1000, 0x0000000100000000)
   the space 24580K,  62% used [0x00000000eaaa0000, 0x00000000eb990240, 0x00000000eb990400, 0x00000000ec2a1000)
 Metaspace       used 45487K, capacity 48000K, committed 48256K, reserved 1091584K
  class space    used 6336K, capacity 6784K, committed 6784K, reserved 1048576K
Event: 9.587 GC heap after
Heap after GC invocations=100 (full 3):
 def new generation   total 11136K, used 849K [0x00000000e0000000, 0x00000000e0c10000, 0x00000000eaaa0000)
  eden space 9920K,   0% used [0x00000000e0000000, 0x00000000e0000000, 0x00000000e09b0000)
  from space 1216K,  69% used [0x00000000e09b0000, 0x00000000e0a84528, 0x00000000e0ae0000)
  to   space 1216K,   0% used [0x00000000e0ae0000, 0x00000000e0ae0000, 0x00000000e0c10000)
 tenured generation   total 24580K, used 15442K [0x00000000eaaa0000, 0x00000000ec2a1000, 0x0000000100000000)
   the space 24580K,  62% used [0x00000000eaaa0000, 0x00000000eb9b4858, 0x00000000eb9b4a00, 0x00000000ec2a1000)
 Metaspace       used 45487K, capacity 48000K, committed 48256K, reserved 1091584K
  class space    used 6336K, capacity 6784K, committed 6784K, reserved 1048576K
}
Event: 9.738 GC heap before
{Heap before GC invocations=100 (full 3):
 def new generation   total 11136K, used 10769K [0x00000000e0000000, 0x00000000e0c10000, 0x00000000eaaa0000)
  eden space 9920K, 100% used [0x00000000e0000000, 0x00000000e09b0000, 0x00000000e09b0000)
  from space 1216K,  69% used [0x00000000e09b0000, 0x00000000e0a84528, 0x00000000e0ae0000)
  to   space 1216K,   0% used [0x00000000e0ae0000, 0x00000000e0ae0000, 0x00000000e0c10000)
 tenured generation   total 24580K, used 15442K [0x00000000eaaa0000, 0x00000000ec2a1000, 0x0000000100000000)
   the space 24580K,  62% used [0x00000000eaaa0000, 0x00000000eb9b4858, 0x00000000eb9b4a00, 0x00000000ec2a1000)
 Metaspace       used 46084K, capacity 48626K, committed 48896K, reserved 1091584K
  class space    used 6429K, capacity 6883K, committed 6912K, reserved 1048576K
Event: 9.742 GC heap after
Heap after GC invocations=101 (full 3):
 def new generation   total 11136K, used 667K [0x00000000e0000000, 0x00000000e0c10000, 0x00000000eaaa0000)
  eden space 9920K,   0% used [0x00000000e0000000, 0x00000000e0000000, 0x00000000e09b0000)
  from space 1216K,  54% used [0x00000000e0ae0000, 0x00000000e0b86c30, 0x00000000e0c10000)
  to   space 1216K,   0% used [0x00000000e09b0000, 0x00000000e09b0000, 0x00000000e0ae0000)
 tenured generation   total 24580K, used 15573K [0x00000000eaaa0000, 0x00000000ec2a1000, 0x0000000100000000)
   the space 24580K,  63% used [0x00000000eaaa0000, 0x00000000eb9d55b8, 0x00000000eb9d5600, 0x00000000ec2a1000)
 Metaspace       used 46084K, capacity 48626K, committed 48896K, reserved 1091584K
  class space    used 6429K, capacity 6883K, committed 6912K, reserved 1048576K
}
Event: 9.904 GC heap before
{Heap before GC invocations=101 (full 3):
 def new generation   total 11136K, used 10587K [0x00000000e0000000, 0x00000000e0c10000, 0x00000000eaaa0000)
  eden space 9920K, 100% used [0x00000000e0000000, 0x00000000e09b0000, 0x00000000e09b0000)
  from space 1216K,  54% used [0x00000000e0ae0000, 0x00000000e0b86c30, 0x00000000e0c10000)
  to   space 1216K,   0% used [0x00000000e09b0000, 0x00000000e09b0000, 0x00000000e0ae0000)
 tenured generation   total 24580K, used 15573K [0x00000000eaaa0000, 0x00000000ec2a1000, 0x0000000100000000)
   the space 24580K,  63% used [0x00000000eaaa0000, 0x00000000eb9d55b8, 0x00000000eb9d5600, 0x00000000ec2a1000)
 Metaspace       used 46337K, capacity 48858K, committed 49280K, reserved 1091584K
  class space    used 6447K, capacity 6917K, committed 7040K, reserved 1048576K
Event: 9.911 GC heap after
Heap after GC invocations=102 (full 3):
 def new generation   total 11136K, used 515K [0x00000000e0000000, 0x00000000e0c10000, 0x00000000eaaa0000)
  eden space 9920K,   0% used [0x00000000e0000000, 0x00000000e0000000, 0x00000000e09b0000)
  from space 1216K,  42% used [0x00000000e09b0000, 0x00000000e0a30c80, 0x00000000e0ae0000)
  to   space 1216K,   0% used [0x00000000e0ae0000, 0x00000000e0ae0000, 0x00000000e0c10000)
 tenured generation   total 24580K, used 15804K [0x00000000eaaa0000, 0x00000000ec2a1000, 0x0000000100000000)
   the space 24580K,  64% used [0x00000000eaaa0000, 0x00000000eba0f368, 0x00000000eba0f400, 0x00000000ec2a1000)
 Metaspace       used 46337K, capacity 48858K, committed 49280K, reserved 1091584K
  class space    used 6447K, capacity 6917K, committed 7040K, reserved 1048576K
}
Event: 10.072 GC heap before
{Heap before GC invocations=102 (full 3):
 def new generation   total 11136K, used 10435K [0x00000000e0000000, 0x00000000e0c10000, 0x00000000eaaa0000)
  eden space 9920K, 100% used [0x00000000e0000000, 0x00000000e09b0000, 0x00000000e09b0000)
  from space 1216K,  42% used [0x00000000e09b0000, 0x00000000e0a30c80, 0x00000000e0ae0000)
  to   space 1216K,   0% used [0x00000000e0ae0000, 0x00000000e0ae0000, 0x00000000e0c10000)
 tenured generation   total 24580K, used 15804K [0x00000000eaaa0000, 0x00000000ec2a1000, 0x0000000100000000)
   the space 24580K,  64% used [0x00000000eaaa0000, 0x00000000eba0f368, 0x00000000eba0f400, 0x00000000ec2a1000)
 Metaspace       used 46669K, capacity 49230K, committed 49536K, reserved 1091584K
  class space    used 6483K, capacity 6955K, committed 7040K, reserved 1048576K
Event: 10.076 GC heap after
Heap after GC invocations=103 (full 3):
 def new generation   total 11136K, used 1020K [0x00000000e0000000, 0x00000000e0c10000, 0x00000000eaaa0000)
  eden space 9920K,   0% used [0x00000000e0000000, 0x00000000e0000000, 0x00000000e09b0000)
  from space 1216K,  83% used [0x00000000e0ae0000, 0x00000000e0bdf050, 0x00000000e0c10000)
  to   space 1216K,   0% used [0x00000000e09b0000, 0x00000000e09b0000, 0x00000000e0ae0000)
 tenured generation   total 24580K, used 15804K [0x00000000eaaa0000, 0x00000000ec2a1000, 0x0000000100000000)
   the space 24580K,  64% used [0x00000000eaaa0000, 0x00000000eba0f368, 0x00000000eba0f400, 0x00000000ec2a1000)
 Metaspace       used 46669K, capacity 49230K, committed 49536K, reserved 1091584K
  class space    used 6483K, capacity 6955K, committed 7040K, reserved 1048576K
}
Event: 10.357 GC heap before
{Heap before GC invocations=103 (full 3):
 def new generation   total 11136K, used 10940K [0x00000000e0000000, 0x00000000e0c10000, 0x00000000eaaa0000)
  eden space 9920K, 100% used [0x00000000e0000000, 0x00000000e09b0000, 0x00000000e09b0000)
  from space 1216K,  83% used [0x00000000e0ae0000, 0x00000000e0bdf050, 0x00000000e0c10000)
  to   space 1216K,   0% used [0x00000000e09b0000, 0x00000000e09b0000, 0x00000000e0ae0000)
 tenured generation   total 24580K, used 15804K [0x00000000eaaa0000, 0x00000000ec2a1000, 0x0000000100000000)
   the space 24580K,  64% used [0x00000000eaaa0000, 0x00000000eba0f368, 0x00000000eba0f400, 0x00000000ec2a1000)
 Metaspace       used 47950K, capacity 50544K, committed 50944K, reserved 1093632K
  class space    used 6623K, capacity 7068K, committed 7168K, reserved 1048576K
Event: 10.368 GC heap after
Heap after GC invocations=104 (full 3):
 def new generation   total 11136K, used 1027K [0x00000000e0000000, 0x00000000e0c10000, 0x00000000eaaa0000)
  eden space 9920K,   0% used [0x00000000e0000000, 0x00000000e0000000, 0x00000000e09b0000)
  from space 1216K,  84% used [0x00000000e09b0000, 0x00000000e0ab0c50, 0x00000000e0ae0000)
  to   space 1216K,   0% used [0x00000000e0ae0000, 0x00000000e0ae0000, 0x00000000e0c10000)
 tenured generation   total 24580K, used 16619K [0x00000000eaaa0000, 0x00000000ec2a1000, 0x0000000100000000)
   the space 24580K,  67% used [0x00000000eaaa0000, 0x00000000ebadaf80, 0x00000000ebadb000, 0x00000000ec2a1000)
 Metaspace       used 47950K, capacity 50544K, committed 50944K, reserved 1093632K
  class space    used 6623K, capacity 7068K, committed 7168K, reserved 1048576K
}
Event: 10.670 GC heap before
{Heap before GC invocations=104 (full 3):
 def new generation   total 11136K, used 10947K [0x00000000e0000000, 0x00000000e0c10000, 0x00000000eaaa0000)
  eden space 9920K, 100% used [0x00000000e0000000, 0x00000000e09b0000, 0x00000000e09b0000)
  from space 1216K,  84% used [0x00000000e09b0000, 0x00000000e0ab0c50, 0x00000000e0ae0000)
  to   space 1216K,   0% used [0x00000000e0ae0000, 0x00000000e0ae0000, 0x00000000e0c10000)
 tenured generation   total 24580K, used 16619K [0x00000000eaaa0000, 0x00000000ec2a1000, 0x0000000100000000)
   the space 24580K,  67% used [0x00000000eaaa0000, 0x00000000ebadaf80, 0x00000000ebadb000, 0x00000000ec2a1000)
 Metaspace       used 48513K, capacity 51422K, committed 51584K, reserved 1093632K
  class space    used 6723K, capacity 7199K, committed 7296K, reserved 1048576K
Event: 10.676 GC heap after
Heap after GC invocations=105 (full 3):
 def new generation   total 11136K, used 607K [0x00000000e0000000, 0x00000000e0c10000, 0x00000000eaaa0000)
  eden space 9920K,   0% used [0x00000000e0000000, 0x00000000e0000000, 0x00000000e09b0000)
  from space 1216K,  49% used [0x00000000e0ae0000, 0x00000000e0b77d48, 0x00000000e0c10000)
  to   space 1216K,   0% used [0x00000000e09b0000, 0x00000000e09b0000, 0x00000000e0ae0000)
 tenured generation   total 24580K, used 16921K [0x00000000eaaa0000, 0x00000000ec2a1000, 0x0000000100000000)
   the space 24580K,  68% used [0x00000000eaaa0000, 0x00000000ebb26690, 0x00000000ebb26800, 0x00000000ec2a1000)
 Metaspace       used 48513K, capacity 51422K, committed 51584K, reserved 1093632K
  class space    used 6723K, capacity 7199K, committed 7296K, reserved 1048576K
}
Event: 10.966 GC heap before
{Heap before GC invocations=105 (full 3):
 def new generation   total 11136K, used 10527K [0x00000000e0000000, 0x00000000e0c10000, 0x00000000eaaa0000)
  eden space 9920K, 100% used [0x00000000e0000000, 0x00000000e09b0000, 0x00000000e09b0000)
  from space 1216K,  49% used [0x00000000e0ae0000, 0x00000000e0b77d48, 0x00000000e0c10000)
  to   space 1216K,   0% used [0x00000000e09b0000, 0x00000000e09b0000, 0x00000000e0ae0000)
 tenured generation   total 24580K, used 16921K [0x00000000eaaa0000, 0x00000000ec2a1000, 0x0000000100000000)
   the space 24580K,  68% used [0x00000000eaaa0000, 0x00000000ebb26690, 0x00000000ebb26800, 0x00000000ec2a1000)
 Metaspace       used 49529K, capacity 52648K, committed 52736K, reserved 1095680K
  class space    used 6882K, capacity 7408K, committed 7424K, reserved 1048576K
Event: 10.974 GC heap after
Heap after GC invocations=106 (full 3):
 def new generation   total 11136K, used 1216K [0x00000000e0000000, 0x00000000e0c10000, 0x00000000eaaa0000)
  eden space 9920K,   0% used [0x00000000e0000000, 0x00000000e0000000, 0x00000000e09b0000)
  from space 1216K, 100% used [0x00000000e09b0000, 0x00000000e0ae0000, 0x00000000e0ae0000)
  to   space 1216K,   0% used [0x00000000e0ae0000, 0x00000000e0ae0000, 0x00000000e0c10000)
 tenured generation   total 24580K, used 17046K [0x00000000eaaa0000, 0x00000000ec2a1000, 0x0000000100000000)
   the space 24580K,  69% used [0x00000000eaaa0000, 0x00000000ebb45bd0, 0x00000000ebb45c00, 0x00000000ec2a1000)
 Metaspace       used 49529K, capacity 52648K, committed 52736K, reserved 1095680K
  class space    used 6882K, capacity 7408K, committed 7424K, reserved 1048576K
}
Event: 11.182 GC heap before
{Heap before GC invocations=106 (full 3):
 def new generation   total 11136K, used 11136K [0x00000000e0000000, 0x00000000e0c10000, 0x00000000eaaa0000)
  eden space 9920K, 100% used [0x00000000e0000000, 0x00000000e09b0000, 0x00000000e09b0000)
  from space 1216K, 100% used [0x00000000e09b0000, 0x00000000e0ae0000, 0x00000000e0ae0000)
  to   space 1216K,   0% used [0x00000000e0ae0000, 0x00000000e0ae0000, 0x00000000e0c10000)
 tenured generation   total 24580K, used 17046K [0x00000000eaaa0000, 0x00000000ec2a1000, 0x0000000100000000)
   the space 24580K,  69% used [0x00000000eaaa0000, 0x00000000ebb45bd0, 0x00000000ebb45c00, 0x00000000ec2a1000)
 Metaspace       used 49800K, capacity 52902K, committed 53120K, reserved 1095680K
  class space    used 6921K, capacity 7445K, committed 7552K, reserved 1048576K
Event: 11.187 GC heap after
Heap after GC invocations=107 (full 3):
 def new generation   total 11136K, used 577K [0x00000000e0000000, 0x00000000e0c10000, 0x00000000eaaa0000)
  eden space 9920K,   0% used [0x00000000e0000000, 0x00000000e0000000, 0x00000000e09b0000)
  from space 1216K,  47% used [0x00000000e0ae0000, 0x00000000e0b70500, 0x00000000e0c10000)
  to   space 1216K,   0% used [0x00000000e09b0000, 0x00000000e09b0000, 0x00000000e0ae0000)
 tenured generation   total 24580K, used 17651K [0x00000000eaaa0000, 0x00000000ec2a1000, 0x0000000100000000)
   the space 24580K,  71% used [0x00000000eaaa0000, 0x00000000ebbdccc8, 0x00000000ebbdce00, 0x00000000ec2a1000)
 Metaspace       used 49800K, capacity 52902K, committed 53120K, reserved 1095680K
  class space    used 6921K, capacity 7445K, committed 7552K, reserved 1048576K
}
Event: 11.378 GC heap before
{Heap before GC invocations=107 (full 3):
 def new generation   total 11136K, used 10497K [0x00000000e0000000, 0x00000000e0c10000, 0x00000000eaaa0000)
  eden space 9920K, 100% used [0x00000000e0000000, 0x00000000e09b0000, 0x00000000e09b0000)
  from space 1216K,  47% used [0x00000000e0ae0000, 0x00000000e0b70500, 0x00000000e0c10000)
  to   space 1216K,   0% used [0x00000000e09b0000, 0x00000000e09b0000, 0x00000000e0ae0000)
 tenured generation   total 24580K, used 17651K [0x00000000eaaa0000, 0x00000000ec2a1000, 0x0000000100000000)
   the space 24580K,  71% used [0x00000000eaaa0000, 0x00000000ebbdccc8, 0x00000000ebbdce00, 0x00000000ec2a1000)
 Metaspace       used 49989K, capacity 53176K, committed 53376K, reserved 1095680K
  class space    used 6952K, capacity 7474K, committed 7552K, reserved 1048576K
Event: 11.382 GC heap after
Heap after GC invocations=108 (full 3):
 def new generation   total 11136K, used 797K [0x00000000e0000000, 0x00000000e0c10000, 0x00000000eaaa0000)
  eden space 9920K,   0% used [0x00000000e0000000, 0x00000000e0000000, 0x00000000e09b0000)
  from space 1216K,  65% used [0x00000000e09b0000, 0x00000000e0a77738, 0x00000000e0ae0000)
  to   space 1216K,   0% used [0x00000000e0ae0000, 0x00000000e0ae0000, 0x00000000e0c10000)
 tenured generation   total 24580K, used 17651K [0x00000000eaaa0000, 0x00000000ec2a1000, 0x0000000100000000)
   the space 24580K,  71% used [0x00000000eaaa0000, 0x00000000ebbdccc8, 0x00000000ebbdce00, 0x00000000ec2a1000)
 Metaspace       used 49989K, capacity 53176K, committed 53376K, reserved 1095680K
  class space    used 6952K, capacity 7474K, committed 7552K, reserved 1048576K
}
Event: 11.584 GC heap before
{Heap before GC invocations=108 (full 3):
 def new generation   total 11136K, used 10717K [0x00000000e0000000, 0x00000000e0c10000, 0x00000000eaaa0000)
  eden space 9920K, 100% used [0x00000000e0000000, 0x00000000e09b0000, 0x00000000e09b0000)
  from space 1216K,  65% used [0x00000000e09b0000, 0x00000000e0a77738, 0x00000000e0ae0000)
  to   space 1216K,   0% used [0x00000000e0ae0000, 0x00000000e0ae0000, 0x00000000e0c10000)
 tenured generation   total 24580K, used 17651K [0x00000000eaaa0000, 0x00000000ec2a1000, 0x0000000100000000)
   the space 24580K,  71% used [0x00000000eaaa0000, 0x00000000ebbdccc8, 0x00000000ebbdce00, 0x00000000ec2a1000)
 Metaspace       used 50173K, capacity 53414K, committed 53632K, reserved 1095680K
  class space    used 6977K, capacity 7521K, committed 7552K, reserved 1048576K
Event: 11.594 GC heap after
Heap after GC invocations=109 (full 3):
 def new generation   total 11136K, used 828K [0x00000000e0000000, 0x00000000e0c10000, 0x00000000eaaa0000)
  eden space 9920K,   0% used [0x00000000e0000000, 0x00000000e0000000, 0x00000000e09b0000)
  from space 1216K,  68% used [0x00000000e0ae0000, 0x00000000e0baf190, 0x00000000e0c10000)
  to   space 1216K,   0% used [0x00000000e09b0000, 0x00000000e09b0000, 0x00000000e0ae0000)
 tenured generation   total 24580K, used 17999K [0x00000000eaaa0000, 0x00000000ec2a1000, 0x0000000100000000)
   the space 24580K,  73% used [0x00000000eaaa0000, 0x00000000ebc33e68, 0x00000000ebc34000, 0x00000000ec2a1000)
 Metaspace       used 50173K, capacity 53414K, committed 53632K, reserved 1095680K
  class space    used 6977K, capacity 7521K, committed 7552K, reserved 1048576K
}
Event: 11.877 GC heap before
{Heap before GC invocations=109 (full 3):
 def new generation   total 11136K, used 10748K [0x00000000e0000000, 0x00000000e0c10000, 0x00000000eaaa0000)
  eden space 9920K, 100% used [0x00000000e0000000, 0x00000000e09b0000, 0x00000000e09b0000)
  from space 1216K,  68% used [0x00000000e0ae0000, 0x00000000e0baf190, 0x00000000e0c10000)
  to   space 1216K,   0% used [0x00000000e09b0000, 0x00000000e09b0000, 0x00000000e0ae0000)
 tenured generation   total 24580K, used 17999K [0x00000000eaaa0000, 0x00000000ec2a1000, 0x0000000100000000)
   the space 24580K,  73% used [0x00000000eaaa0000, 0x00000000ebc33e68, 0x00000000ebc34000, 0x00000000ec2a1000)
 Metaspace       used 51055K, capacity 54278K, committed 54528K, reserved 1095680K
  class space    used 7062K, capacity 7591K, committed 7680K, reserved 1048576K
Event: 11.892 GC heap after
Heap after GC invocations=110 (full 3):
 def new generation   total 11136K, used 1092K [0x00000000e0000000, 0x00000000e0c10000, 0x00000000eaaa0000)
  eden space 9920K,   0% used [0x00000000e0000000, 0x00000000e0000000, 0x00000000e09b0000)
  from space 1216K,  89% used [0x00000000e09b0000, 0x00000000e0ac10e0, 0x00000000e0ae0000)
  to   space 1216K,   0% used [0x00000000e0ae0000, 0x00000000e0ae0000, 0x00000000e0c10000)
 tenured generation   total 24580K, used 18321K [0x00000000eaaa0000, 0x00000000ec2a1000, 0x0000000100000000)
   the space 24580K,  74% used [0x00000000eaaa0000, 0x00000000ebc844f0, 0x00000000ebc84600, 0x00000000ec2a1000)
 Metaspace       used 51055K, capacity 54278K, committed 54528K, reserved 1095680K
  class space    used 7062K, capacity 7591K, committed 7680K, reserved 1048576K
}
Event: 12.168 GC heap before
{Heap before GC invocations=110 (full 3):
 def new generation   total 11136K, used 11012K [0x00000000e0000000, 0x00000000e0c10000, 0x00000000eaaa0000)
  eden space 9920K, 100% used [0x00000000e0000000, 0x00000000e09b0000, 0x00000000e09b0000)
  from space 1216K,  89% used [0x00000000e09b0000, 0x00000000e0ac10e0, 0x00000000e0ae0000)
  to   space 1216K,   0% used [0x00000000e0ae0000, 0x00000000e0ae0000, 0x00000000e0c10000)
 tenured generation   total 24580K, used 18321K [0x00000000eaaa0000, 0x00000000ec2a1000, 0x0000000100000000)
   the space 24580K,  74% used [0x00000000eaaa0000, 0x00000000ebc844f0, 0x00000000ebc84600, 0x00000000ec2a1000)
 Metaspace       used 51805K, capacity 55050K, committed 55424K, reserved 1097728K
  class space    used 7160K, capacity 7693K, committed 7808K, reserved 1048576K
Event: 12.173 GC heap after
Heap after GC invocations=111 (full 3):
 def new generation   total 11136K, used 776K [0x00000000e0000000, 0x00000000e0c10000, 0x00000000eaaa0000)
  eden space 9920K,   0% used [0x00000000e0000000, 0x00000000e0000000, 0x00000000e09b0000)
  from space 1216K,  63% used [0x00000000e0ae0000, 0x00000000e0ba2090, 0x00000000e0c10000)
  to   space 1216K,   0% used [0x00000000e09b0000, 0x00000000e09b0000, 0x00000000e0ae0000)
 tenured generation   total 24580K, used 19005K [0x00000000eaaa0000, 0x00000000ec2a1000, 0x0000000100000000)
   the space 24580K,  77% used [0x00000000eaaa0000, 0x00000000ebd2f720, 0x00000000ebd2f800, 0x00000000ec2a1000)
 Metaspace       used 51805K, capacity 55050K, committed 55424K, reserved 1097728K
  class space    used 7160K, capacity 7693K, committed 7808K, reserved 1048576K
}
Event: 12.356 GC heap before
{Heap before GC invocations=111 (full 3):
 def new generation   total 11136K, used 10696K [0x00000000e0000000, 0x00000000e0c10000, 0x00000000eaaa0000)
  eden space 9920K, 100% used [0x00000000e0000000, 0x00000000e09b0000, 0x00000000e09b0000)
  from space 1216K,  63% used [0x00000000e0ae0000, 0x00000000e0ba2090, 0x00000000e0c10000)
  to   space 1216K,   0% used [0x00000000e09b0000, 0x00000000e09b0000, 0x00000000e0ae0000)
 tenured generation   total 24580K, used 19005K [0x00000000eaaa0000, 0x00000000ec2a1000, 0x0000000100000000)
   the space 24580K,  77% used [0x00000000eaaa0000, 0x00000000ebd2f720, 0x00000000ebd2f800, 0x00000000ec2a1000)
 Metaspace       used 52097K, capacity 55400K, committed 55680K, reserved 1097728K
  class space    used 7217K, capacity 7762K, committed 7808K, reserved 1048576K
Event: 12.361 GC heap after
Heap after GC invocations=112 (full 3):
 def new generation   total 11136K, used 685K [0x00000000e0000000, 0x00000000e0c10000, 0x00000000eaaa0000)
  eden space 9920K,   0% used [0x00000000e0000000, 0x00000000e0000000, 0x00000000e09b0000)
  from space 1216K,  56% used [0x00000000e09b0000, 0x00000000e0a5b5c0, 0x00000000e0ae0000)
  to   space 1216K,   0% used [0x00000000e0ae0000, 0x00000000e0ae0000, 0x00000000e0c10000)
 tenured generation   total 24580K, used 19205K [0x00000000eaaa0000, 0x00000000ec2a1000, 0x0000000100000000)
   the space 24580K,  78% used [0x00000000eaaa0000, 0x00000000ebd61678, 0x00000000ebd61800, 0x00000000ec2a1000)
 Metaspace       used 52097K, capacity 55400K, committed 55680K, reserved 1097728K
  class space    used 7217K, capacity 7762K, committed 7808K, reserved 1048576K
}
Event: 12.584 GC heap before
{Heap before GC invocations=112 (full 3):
 def new generation   total 11136K, used 10605K [0x00000000e0000000, 0x00000000e0c10000, 0x00000000eaaa0000)
  eden space 9920K, 100% used [0x00000000e0000000, 0x00000000e09b0000, 0x00000000e09b0000)
  from space 1216K,  56% used [0x00000000e09b0000, 0x00000000e0a5b5c0, 0x00000000e0ae0000)
  to   space 1216K,   0% used [0x00000000e0ae0000, 0x00000000e0ae0000, 0x00000000e0c10000)
 tenured generation   total 24580K, used 19205K [0x00000000eaaa0000, 0x00000000ec2a1000, 0x0000000100000000)
   the space 24580K,  78% used [0x00000000eaaa0000, 0x00000000ebd61678, 0x00000000ebd61800, 0x00000000ec2a1000)
 Metaspace       used 52741K, capacity 56056K, committed 56320K, reserved 1097728K
  class space    used 7298K, capacity 7830K, committed 7936K, reserved 1048576K
Event: 12.593 GC heap after
Heap after GC invocations=113 (full 3):
 def new generation   total 11136K, used 987K [0x00000000e0000000, 0x00000000e0c10000, 0x00000000eaaa0000)
  eden space 9920K,   0% used [0x00000000e0000000, 0x00000000e0000000, 0x00000000e09b0000)
  from space 1216K,  81% used [0x00000000e0ae0000, 0x00000000e0bd6d40, 0x00000000e0c10000)
  to   space 1216K,   0% used [0x00000000e09b0000, 0x00000000e09b0000, 0x00000000e0ae0000)
 tenured generation   total 24580K, used 19612K [0x00000000eaaa0000, 0x00000000ec2a1000, 0x0000000100000000)
   the space 24580K,  79% used [0x00000000eaaa0000, 0x00000000ebdc72d8, 0x00000000ebdc7400, 0x00000000ec2a1000)
 Metaspace       used 52741K, capacity 56056K, committed 56320K, reserved 1097728K
  class space    used 7298K, capacity 7830K, committed 7936K, reserved 1048576K
}
Event: 12.815 GC heap before
{Heap before GC invocations=113 (full 3):
 def new generation   total 11136K, used 10907K [0x00000000e0000000, 0x00000000e0c10000, 0x00000000eaaa0000)
  eden space 9920K, 100% used [0x00000000e0000000, 0x00000000e09b0000, 0x00000000e09b0000)
  from space 1216K,  81% used [0x00000000e0ae0000, 0x00000000e0bd6d40, 0x00000000e0c10000)
  to   space 1216K,   0% used [0x00000000e09b0000, 0x00000000e09b0000, 0x00000000e0ae0000)
 tenured generation   total 24580K, used 19612K [0x00000000eaaa0000, 0x00000000ec2a1000, 0x0000000100000000)
   the space 24580K,  79% used [0x00000000eaaa0000, 0x00000000ebdc72d8, 0x00000000ebdc7400, 0x00000000ec2a1000)
 Metaspace       used 53222K, capacity 56596K, committed 56960K, reserved 1097728K
  class space    used 7383K, capacity 7938K, committed 8064K, reserved 1048576K
Event: 12.819 GC heap after
Heap after GC invocations=114 (full 3):
 def new generation   total 11136K, used 616K [0x00000000e0000000, 0x00000000e0c10000, 0x00000000eaaa0000)
  eden space 9920K,   0% used [0x00000000e0000000, 0x00000000e0000000, 0x00000000e09b0000)
  from space 1216K,  50% used [0x00000000e09b0000, 0x00000000e0a4a010, 0x00000000e0ae0000)
  to   space 1216K,   0% used [0x00000000e0ae0000, 0x00000000e0ae0000, 0x00000000e0c10000)
 tenured generation   total 24580K, used 19807K [0x00000000eaaa0000, 0x00000000ec2a1000, 0x0000000100000000)
   the space 24580K,  80% used [0x00000000eaaa0000, 0x00000000ebdf7f18, 0x00000000ebdf8000, 0x00000000ec2a1000)
 Metaspace       used 53222K, capacity 56596K, committed 56960K, reserved 1097728K
  class space    used 7383K, capacity 7938K, committed 8064K, reserved 1048576K
}
Event: 13.043 GC heap before
{Heap before GC invocations=114 (full 3):
 def new generation   total 11136K, used 10536K [0x00000000e0000000, 0x00000000e0c10000, 0x00000000eaaa0000)
  eden space 9920K, 100% used [0x00000000e0000000, 0x00000000e09b0000, 0x00000000e09b0000)
  from space 1216K,  50% used [0x00000000e09b0000, 0x00000000e0a4a010, 0x00000000e0ae0000)
  to   space 1216K,   0% used [0x00000000e0ae0000, 0x00000000e0ae0000, 0x00000000e0c10000)
 tenured generation   total 24580K, used 19807K [0x00000000eaaa0000, 0x00000000ec2a1000, 0x0000000100000000)
   the space 24580K,  80% used [0x00000000eaaa0000, 0x00000000ebdf7f18, 0x00000000ebdf8000, 0x00000000ec2a1000)
 Metaspace       used 54290K, capacity 57664K, committed 57728K, reserved 1099776K
  class space    used 7482K, capacity 8040K, committed 8064K, reserved 1048576K
Event: 13.046 GC heap after
Heap after GC invocations=115 (full 3):
 def new generation   total 11136K, used 1121K [0x00000000e0000000, 0x00000000e0c10000, 0x00000000eaaa0000)
  eden space 9920K,   0% used [0x00000000e0000000, 0x00000000e0000000, 0x00000000e09b0000)
  from space 1216K,  92% used [0x00000000e0ae0000, 0x00000000e0bf85e0, 0x00000000e0c10000)
  to   space 1216K,   0% used [0x00000000e09b0000, 0x00000000e09b0000, 0x00000000e0ae0000)
 tenured generation   total 24580K, used 19985K [0x00000000eaaa0000, 0x00000000ec2a1000, 0x0000000100000000)
   the space 24580K,  81% used [0x00000000eaaa0000, 0x00000000ebe246e0, 0x00000000ebe24800, 0x00000000ec2a1000)
 Metaspace       used 54290K, capacity 57664K, committed 57728K, reserved 1099776K
  class space    used 7482K, capacity 8040K, committed 8064K, reserved 1048576K
}
Event: 13.244 GC heap before
{Heap before GC invocations=115 (full 3):
 def new generation   total 11136K, used 11041K [0x00000000e0000000, 0x00000000e0c10000, 0x00000000eaaa0000)
  eden space 9920K, 100% used [0x00000000e0000000, 0x00000000e09b0000, 0x00000000e09b0000)
  from space 1216K,  92% used [0x00000000e0ae0000, 0x00000000e0bf85e0, 0x00000000e0c10000)
  to   space 1216K,   0% used [0x00000000e09b0000, 0x00000000e09b0000, 0x00000000e0ae0000)
 tenured generation   total 24580K, used 19985K [0x00000000eaaa0000, 0x00000000ec2a1000, 0x0000000100000000)
   the space 24580K,  81% used [0x00000000eaaa0000, 0x00000000ebe246e0, 0x00000000ebe24800, 0x00000000ec2a1000)
 Metaspace       used 55350K, capacity 58656K, committed 58880K, reserved 1099776K
  class space    used 7593K, capacity 8136K, committed 8192K, reserved 1048576K
Event: 13.247 GC heap after
Heap after GC invocations=116 (full 3):
 def new generation   total 11136K, used 1100K [0x00000000e0000000, 0x00000000e0c10000, 0x00000000eaaa0000)
  eden space 9920K,   0% used [0x00000000e0000000, 0x00000000e0000000, 0x00000000e09b0000)
  from space 1216K,  90% used [0x00000000e09b0000, 0x00000000e0ac3208, 0x00000000e0ae0000)
  to   space 1216K,   0% used [0x00000000e0ae0000, 0x00000000e0ae0000, 0x00000000e0c10000)
 tenured generation   total 24580K, used 20075K [0x00000000eaaa0000, 0x00000000ec2a1000, 0x0000000100000000)
   the space 24580K,  81% used [0x00000000eaaa0000, 0x00000000ebe3af48, 0x00000000ebe3b000, 0x00000000ec2a1000)
 Metaspace       used 55350K, capacity 58656K, committed 58880K, reserved 1099776K
  class space    used 7593K, capacity 8136K, committed 8192K, reserved 1048576K
}
Event: 13.437 GC heap before
{Heap before GC invocations=116 (full 3):
 def new generation   total 11136K, used 11020K [0x00000000e0000000, 0x00000000e0c10000, 0x00000000eaaa0000)
  eden space 9920K, 100% used [0x00000000e0000000, 0x00000000e09b0000, 0x00000000e09b0000)
  from space 1216K,  90% used [0x00000000e09b0000, 0x00000000e0ac3208, 0x00000000e0ae0000)
  to   space 1216K,   0% used [0x00000000e0ae0000, 0x00000000e0ae0000, 0x00000000e0c10000)
 tenured generation   total 24580K, used 20075K [0x00000000eaaa0000, 0x00000000ec2a1000, 0x0000000100000000)
   the space 24580K,  81% used [0x00000000eaaa0000, 0x00000000ebe3af48, 0x00000000ebe3b000, 0x00000000ec2a1000)
 Metaspace       used 56080K, capacity 59424K, committed 59520K, reserved 1099776K
  class space    used 7703K, capacity 8264K, committed 8320K, reserved 1048576K
Event: 13.441 GC heap after
Heap after GC invocations=117 (full 3):
 def new generation   total 11136K, used 1004K [0x00000000e0000000, 0x00000000e0c10000, 0x00000000eaaa0000)
  eden space 9920K,   0% used [0x00000000e0000000, 0x00000000e0000000, 0x00000000e09b0000)
  from space 1216K,  82% used [0x00000000e0ae0000, 0x00000000e0bdb088, 0x00000000e0c10000)
  to   space 1216K,   0% used [0x00000000e09b0000, 0x00000000e09b0000, 0x00000000e0ae0000)
 tenured generation   total 24580K, used 20196K [0x00000000eaaa0000, 0x00000000ec2a1000, 0x0000000100000000)
   the space 24580K,  82% used [0x00000000eaaa0000, 0x00000000ebe593b8, 0x00000000ebe59400, 0x00000000ec2a1000)
 Metaspace       used 56080K, capacity 59424K, committed 59520K, reserved 1099776K
  class space    used 7703K, capacity 8264K, committed 8320K, reserved 1048576K
}
Event: 13.715 GC heap before
{Heap before GC invocations=117 (full 3):
 def new generation   total 11136K, used 10924K [0x00000000e0000000, 0x00000000e0c10000, 0x00000000eaaa0000)
  eden space 9920K, 100% used [0x00000000e0000000, 0x00000000e09b0000, 0x00000000e09b0000)
  from space 1216K,  82% used [0x00000000e0ae0000, 0x00000000e0bdb088, 0x00000000e0c10000)
  to   space 1216K,   0% used [0x00000000e09b0000, 0x00000000e09b0000, 0x00000000e0ae0000)
 tenured generation   total 24580K, used 20196K [0x00000000eaaa0000, 0x00000000ec2a1000, 0x0000000100000000)
   the space 24580K,  82% used [0x00000000eaaa0000, 0x00000000ebe593b8, 0x00000000ebe59400, 0x00000000ec2a1000)
 Metaspace       used 56789K, capacity 60136K, committed 60416K, reserved 1101824K
  class space    used 7825K, capacity 8400K, committed 8448K, reserved 1048576K
Event: 13.719 GC heap after
Heap after GC invocations=118 (full 3):
 def new generation   total 11136K, used 729K [0x00000000e0000000, 0x00000000e0c10000, 0x00000000eaaa0000)
  eden space 9920K,   0% used [0x00000000e0000000, 0x00000000e0000000, 0x00000000e09b0000)
  from space 1216K,  59% used [0x00000000e09b0000, 0x00000000e0a664f0, 0x00000000e0ae0000)
  to   space 1216K,   0% used [0x00000000e0ae0000, 0x00000000e0ae0000, 0x00000000e0c10000)
 tenured generation   total 24580K, used 20276K [0x00000000eaaa0000, 0x00000000ec2a1000, 0x0000000100000000)
   the space 24580K,  82% used [0x00000000eaaa0000, 0x00000000ebe6d018, 0x00000000ebe6d200, 0x00000000ec2a1000)
 Metaspace       used 56789K, capacity 60136K, committed 60416K, reserved 1101824K
  class space    used 7825K, capacity 8400K, committed 8448K, reserved 1048576K
}
Event: 13.819 GC heap before
{Heap before GC invocations=118 (full 3):
 def new generation   total 11136K, used 10649K [0x00000000e0000000, 0x00000000e0c10000, 0x00000000eaaa0000)
  eden space 9920K, 100% used [0x00000000e0000000, 0x00000000e09b0000, 0x00000000e09b0000)
  from space 1216K,  59% used [0x00000000e09b0000, 0x00000000e0a664f0, 0x00000000e0ae0000)
  to   space 1216K,   0% used [0x00000000e0ae0000, 0x00000000e0ae0000, 0x00000000e0c10000)
 tenured generation   total 24580K, used 20276K [0x00000000eaaa0000, 0x00000000ec2a1000, 0x0000000100000000)
   the space 24580K,  82% used [0x00000000eaaa0000, 0x00000000ebe6d018, 0x00000000ebe6d200, 0x00000000ec2a1000)
 Metaspace       used 56821K, capacity 60208K, committed 60416K, reserved 1101824K
  class space    used 7831K, capacity 8404K, committed 8448K, reserved 1048576K
Event: 13.822 GC heap after
Heap after GC invocations=119 (full 3):
 def new generation   total 11136K, used 210K [0x00000000e0000000, 0x00000000e0c10000, 0x00000000eaaa0000)
  eden space 9920K,   0% used [0x00000000e0000000, 0x00000000e0000000, 0x00000000e09b0000)
  from space 1216K,  17% used [0x00000000e0ae0000, 0x00000000e0b149e8, 0x00000000e0c10000)
  to   space 1216K,   0% used [0x00000000e09b0000, 0x00000000e09b0000, 0x00000000e0ae0000)
 tenured generation   total 24580K, used 20518K [0x00000000eaaa0000, 0x00000000ec2a1000, 0x0000000100000000)
   the space 24580K,  83% used [0x00000000eaaa0000, 0x00000000ebea98f8, 0x00000000ebea9a00, 0x00000000ec2a1000)
 Metaspace       used 56821K, capacity 60208K, committed 60416K, reserved 1101824K
  class space    used 7831K, capacity 8404K, committed 8448K, reserved 1048576K
}
Event: 13.943 GC heap before
{Heap before GC invocations=119 (full 3):
 def new generation   total 11136K, used 10130K [0x00000000e0000000, 0x00000000e0c10000, 0x00000000eaaa0000)
  eden space 9920K, 100% used [0x00000000e0000000, 0x00000000e09b0000, 0x00000000e09b0000)
  from space 1216K,  17% used [0x00000000e0ae0000, 0x00000000e0b149e8, 0x00000000e0c10000)
  to   space 1216K,   0% used [0x00000000e09b0000, 0x00000000e09b0000, 0x00000000e0ae0000)
 tenured generation   total 24580K, used 20518K [0x00000000eaaa0000, 0x00000000ec2a1000, 0x0000000100000000)
   the space 24580K,  83% used [0x00000000eaaa0000, 0x00000000ebea98f8, 0x00000000ebea9a00, 0x00000000ec2a1000)
 Metaspace       used 56874K, capacity 60236K, committed 60416K, reserved 1101824K
  class space    used 7842K, capacity 8408K, committed 8448K, reserved 1048576K
Event: 13.950 GC heap after
Heap after GC invocations=120 (full 3):
 def new generation   total 11136K, used 452K [0x00000000e0000000, 0x00000000e0c10000, 0x00000000eaaa0000)
  eden space 9920K,   0% used [0x00000000e0000000, 0x00000000e0000000, 0x00000000e09b0000)
  from space 1216K,  37% used [0x00000000e09b0000, 0x00000000e0a21120, 0x00000000e0ae0000)
  to   space 1216K,   0% used [0x00000000e0ae0000, 0x00000000e0ae0000, 0x00000000e0c10000)
 tenured generation   total 24580K, used 20518K [0x00000000eaaa0000, 0x00000000ec2a1000, 0x0000000100000000)
   the space 24580K,  83% used [0x00000000eaaa0000, 0x00000000ebea98f8, 0x00000000ebea9a00, 0x00000000ec2a1000)
 Metaspace       used 56874K, capacity 60236K, committed 60416K, reserved 1101824K
  class space    used 7842K, capacity 8408K, committed 8448K, reserved 1048576K
}
Event: 14.088 GC heap before
{Heap before GC invocations=120 (full 3):
 def new generation   total 11136K, used 10372K [0x00000000e0000000, 0x00000000e0c10000, 0x00000000eaaa0000)
  eden space 9920K, 100% used [0x00000000e0000000, 0x00000000e09b0000, 0x00000000e09b0000)
  from space 1216K,  37% used [0x00000000e09b0000, 0x00000000e0a21120, 0x00000000e0ae0000)
  to   space 1216K,   0% used [0x00000000e0ae0000, 0x00000000e0ae0000, 0x00000000e0c10000)
 tenured generation   total 24580K, used 20518K [0x00000000eaaa0000, 0x00000000ec2a1000, 0x0000000100000000)
   the space 24580K,  83% used [0x00000000eaaa0000, 0x00000000ebea98f8, 0x00000000ebea9a00, 0x00000000ec2a1000)
 Metaspace       used 57001K, capacity 60424K, committed 60672K, reserved 1101824K
  class space    used 7866K, capacity 8446K, committed 8448K, reserved 1048576K
Event: 14.094 GC heap after
Heap after GC invocations=121 (full 3):
 def new generation   total 11136K, used 762K [0x00000000e0000000, 0x00000000e0c10000, 0x00000000eaaa0000)
  eden space 9920K,   0% used [0x00000000e0000000, 0x00000000e0000000, 0x00000000e09b0000)
  from space 1216K,  62% used [0x00000000e0ae0000, 0x00000000e0b9e980, 0x00000000e0c10000)
  to   space 1216K,   0% used [0x00000000e09b0000, 0x00000000e09b0000, 0x00000000e0ae0000)
 tenured generation   total 24580K, used 20518K [0x00000000eaaa0000, 0x00000000ec2a1000, 0x0000000100000000)
   the space 24580K,  83% used [0x00000000eaaa0000, 0x00000000ebea98f8, 0x00000000ebea9a00, 0x00000000ec2a1000)
 Metaspace       used 57001K, capacity 60424K, committed 60672K, reserved 1101824K
  class space    used 7866K, capacity 8446K, committed 8448K, reserved 1048576K
}
Event: 14.298 GC heap before
{Heap before GC invocations=121 (full 3):
 def new generation   total 11136K, used 10682K [0x00000000e0000000, 0x00000000e0c10000, 0x00000000eaaa0000)
  eden space 9920K, 100% used [0x00000000e0000000, 0x00000000e09b0000, 0x00000000e09b0000)
  from space 1216K,  62% used [0x00000000e0ae0000, 0x00000000e0b9e980, 0x00000000e0c10000)
  to   space 1216K,   0% used [0x00000000e09b0000, 0x00000000e09b0000, 0x00000000e0ae0000)
 tenured generation   total 24580K, used 20518K [0x00000000eaaa0000, 0x00000000ec2a1000, 0x0000000100000000)
   the space 24580K,  83% used [0x00000000eaaa0000, 0x00000000ebea98f8, 0x00000000ebea9a00, 0x00000000ec2a1000)
 Metaspace       used 57536K, capacity 61006K, committed 61312K, reserved 1101824K
  class space    used 7927K, capacity 8513K, committed 8576K, reserved 1048576K
Event: 14.303 GC heap after
Heap after GC invocations=122 (full 3):
 def new generation   total 11136K, used 1215K [0x00000000e0000000, 0x00000000e0c10000, 0x00000000eaaa0000)
  eden space 9920K,   0% used [0x00000000e0000000, 0x00000000e0000000, 0x00000000e09b0000)
  from space 1216K,  99% used [0x00000000e09b0000, 0x00000000e0adfff8, 0x00000000e0ae0000)
  to   space 1216K,   0% used [0x00000000e0ae0000, 0x00000000e0ae0000, 0x00000000e0c10000)
 tenured generation   total 24580K, used 20732K [0x00000000eaaa0000, 0x00000000ec2a1000, 0x0000000100000000)
   the space 24580K,  84% used [0x00000000eaaa0000, 0x00000000ebedf378, 0x00000000ebedf400, 0x00000000ec2a1000)
 Metaspace       used 57536K, capacity 61006K, committed 61312K, reserved 1101824K
  class space    used 7927K, capacity 8513K, committed 8576K, reserved 1048576K
}
Event: 14.513 GC heap before
{Heap before GC invocations=122 (full 3):
 def new generation   total 11136K, used 11135K [0x00000000e0000000, 0x00000000e0c10000, 0x00000000eaaa0000)
  eden space 9920K, 100% used [0x00000000e0000000, 0x00000000e09b0000, 0x00000000e09b0000)
  from space 1216K,  99% used [0x00000000e09b0000, 0x00000000e0adfff8, 0x00000000e0ae0000)
  to   space 1216K,   0% used [0x00000000e0ae0000, 0x00000000e0ae0000, 0x00000000e0c10000)
 tenured generation   total 24580K, used 20732K [0x00000000eaaa0000, 0x00000000ec2a1000, 0x0000000100000000)
   the space 24580K,  84% used [0x00000000eaaa0000, 0x00000000ebedf378, 0x00000000ebedf400, 0x00000000ec2a1000)
 Metaspace       used 57822K, capacity 61564K, committed 61696K, reserved 1101824K
  class space    used 7997K, capacity 8608K, committed 8704K, reserved 1048576K
Event: 14.526 GC heap after
Heap after GC invocations=123 (full 3):
 def new generation   total 11136K, used 489K [0x00000000e0000000, 0x00000000e0c10000, 0x00000000eaaa0000)
  eden space 9920K,   0% used [0x00000000e0000000, 0x00000000e0000000, 0x00000000e09b0000)
  from space 1216K,  40% used [0x00000000e0ae0000, 0x00000000e0b5a680, 0x00000000e0c10000)
  to   space 1216K,   0% used [0x00000000e09b0000, 0x00000000e09b0000, 0x00000000e0ae0000)
 tenured generation   total 24580K, used 21659K [0x00000000eaaa0000, 0x00000000ec2a1000, 0x0000000100000000)
   the space 24580K,  88% used [0x00000000eaaa0000, 0x00000000ebfc6c48, 0x00000000ebfc6e00, 0x00000000ec2a1000)
 Metaspace       used 57822K, capacity 61564K, committed 61696K, reserved 1101824K
  class space    used 7997K, capacity 8608K, committed 8704K, reserved 1048576K
}
Event: 14.722 GC heap before
{Heap before GC invocations=123 (full 3):
 def new generation   total 11136K, used 10409K [0x00000000e0000000, 0x00000000e0c10000, 0x00000000eaaa0000)
  eden space 9920K, 100% used [0x00000000e0000000, 0x00000000e09b0000, 0x00000000e09b0000)
  from space 1216K,  40% used [0x00000000e0ae0000, 0x00000000e0b5a680, 0x00000000e0c10000)
  to   space 1216K,   0% used [0x00000000e09b0000, 0x00000000e09b0000, 0x00000000e0ae0000)
 tenured generation   total 24580K, used 21659K [0x00000000eaaa0000, 0x00000000ec2a1000, 0x0000000100000000)
   the space 24580K,  88% used [0x00000000eaaa0000, 0x00000000ebfc6c48, 0x00000000ebfc6e00, 0x00000000ec2a1000)
 Metaspace       used 57969K, capacity 61796K, committed 61952K, reserved 1101824K
  class space    used 8027K, capacity 8652K, committed 8704K, reserved 1048576K
Event: 14.727 GC heap after
Heap after GC invocations=124 (full 3):
 def new generation   total 11136K, used 965K [0x00000000e0000000, 0x00000000e0c10000, 0x00000000eaaa0000)
  eden space 9920K,   0% used [0x00000000e0000000, 0x00000000e0000000, 0x00000000e09b0000)
  from space 1216K,  79% used [0x00000000e09b0000, 0x00000000e0aa1440, 0x00000000e0ae0000)
  to   space 1216K,   0% used [0x00000000e0ae0000, 0x00000000e0ae0000, 0x00000000e0c10000)
 tenured generation   total 24580K, used 21659K [0x00000000eaaa0000, 0x00000000ec2a1000, 0x0000000100000000)
   the space 24580K,  88% used [0x00000000eaaa0000, 0x00000000ebfc6c48, 0x00000000ebfc6e00, 0x00000000ec2a1000)
 Metaspace       used 57969K, capacity 61796K, committed 61952K, reserved 1101824K
  class space    used 8027K, capacity 8652K, committed 8704K, reserved 1048576K
}
Event: 14.945 GC heap before
{Heap before GC invocations=124 (full 3):
 def new generation   total 11136K, used 10885K [0x00000000e0000000, 0x00000000e0c10000, 0x00000000eaaa0000)
  eden space 9920K, 100% used [0x00000000e0000000, 0x00000000e09b0000, 0x00000000e09b0000)
  from space 1216K,  79% used [0x00000000e09b0000, 0x00000000e0aa1440, 0x00000000e0ae0000)
  to   space 1216K,   0% used [0x00000000e0ae0000, 0x00000000e0ae0000, 0x00000000e0c10000)
 tenured generation   total 24580K, used 21659K [0x00000000eaaa0000, 0x00000000ec2a1000, 0x0000000100000000)
   the space 24580K,  88% used [0x00000000eaaa0000, 0x00000000ebfc6c48, 0x00000000ebfc6e00, 0x00000000ec2a1000)
 Metaspace       used 58180K, capacity 61976K, committed 62208K, reserved 1103872K
  class space    used 8055K, capacity 8690K, committed 8704K, reserved 1048576K
Event: 14.955 GC heap after
Heap after GC invocations=125 (full 3):
 def new generation   total 11136K, used 1046K [0x00000000e0000000, 0x00000000e0c10000, 0x00000000eaaa0000)
  eden space 9920K,   0% used [0x00000000e0000000, 0x00000000e0000000, 0x00000000e09b0000)
  from space 1216K,  86% used [0x00000000e0ae0000, 0x00000000e0be59a8, 0x00000000e0c10000)
  to   space 1216K,   0% used [0x00000000e09b0000, 0x00000000e09b0000, 0x00000000e0ae0000)
 tenured generation   total 24580K, used 22064K [0x00000000eaaa0000, 0x00000000ec2a1000, 0x0000000100000000)
   the space 24580K,  89% used [0x00000000eaaa0000, 0x00000000ec02c078, 0x00000000ec02c200, 0x00000000ec2a1000)
 Metaspace       used 58180K, capacity 61976K, committed 62208K, reserved 1103872K
  class space    used 8055K, capacity 8690K, committed 8704K, reserved 1048576K
}
Event: 15.117 GC heap before
{Heap before GC invocations=125 (full 3):
 def new generation   total 11136K, used 10966K [0x00000000e0000000, 0x00000000e0c10000, 0x00000000eaaa0000)
  eden space 9920K, 100% used [0x00000000e0000000, 0x00000000e09b0000, 0x00000000e09b0000)
  from space 1216K,  86% used [0x00000000e0ae0000, 0x00000000e0be59a8, 0x00000000e0c10000)
  to   space 1216K,   0% used [0x00000000e09b0000, 0x00000000e09b0000, 0x00000000e0ae0000)
 tenured generation   total 24580K, used 22064K [0x00000000eaaa0000, 0x00000000ec2a1000, 0x0000000100000000)
   the space 24580K,  89% used [0x00000000eaaa0000, 0x00000000ec02c078, 0x00000000ec02c200, 0x00000000ec2a1000)
 Metaspace       used 58332K, capacity 62130K, committed 62208K, reserved 1103872K
  class space    used 8075K, capacity 8695K, committed 8704K, reserved 1048576K
Event: 15.132 GC heap after
Heap after GC invocations=126 (full 3):
 def new generation   total 11136K, used 893K [0x00000000e0000000, 0x00000000e0c10000, 0x00000000eaaa0000)
  eden space 9920K,   0% used [0x00000000e0000000, 0x00000000e0000000, 0x00000000e09b0000)
  from space 1216K,  73% used [0x00000000e09b0000, 0x00000000e0a8f688, 0x00000000e0ae0000)
  to   space 1216K,   0% used [0x00000000e0ae0000, 0x00000000e0ae0000, 0x00000000e0c10000)
 tenured generation   total 24580K, used 22554K [0x00000000eaaa0000, 0x00000000ec2a1000, 0x0000000100000000)
   the space 24580K,  91% used [0x00000000eaaa0000, 0x00000000ec0a6868, 0x00000000ec0a6a00, 0x00000000ec2a1000)
 Metaspace       used 58332K, capacity 62130K, committed 62208K, reserved 1103872K
  class space    used 8075K, capacity 8695K, committed 8704K, reserved 1048576K
}
Event: 15.305 GC heap before
{Heap before GC invocations=126 (full 3):
 def new generation   total 11136K, used 10813K [0x00000000e0000000, 0x00000000e0c10000, 0x00000000eaaa0000)
  eden space 9920K, 100% used [0x00000000e0000000, 0x00000000e09b0000, 0x00000000e09b0000)
  from space 1216K,  73% used [0x00000000e09b0000, 0x00000000e0a8f688, 0x00000000e0ae0000)
  to   space 1216K,   0% used [0x00000000e0ae0000, 0x00000000e0ae0000, 0x00000000e0c10000)
 tenured generation   total 24580K, used 22554K [0x00000000eaaa0000, 0x00000000ec2a1000, 0x0000000100000000)
   the space 24580K,  91% used [0x00000000eaaa0000, 0x00000000ec0a6868, 0x00000000ec0a6a00, 0x00000000ec2a1000)
 Metaspace       used 58540K, capacity 62360K, committed 62592K, reserved 1103872K
  class space    used 8101K, capacity 8728K, committed 8832K, reserved 1048576K
Event: 15.323 GC heap after
Heap after GC invocations=127 (full 3):
 def new generation   total 11136K, used 1215K [0x00000000e0000000, 0x00000000e0c10000, 0x00000000eaaa0000)
  eden space 9920K,   0% used [0x00000000e0000000, 0x00000000e0000000, 0x00000000e09b0000)
  from space 1216K,  99% used [0x00000000e0ae0000, 0x00000000e0c0fff8, 0x00000000e0c10000)
  to   space 1216K,   0% used [0x00000000e09b0000, 0x00000000e09b0000, 0x00000000e0ae0000)
 tenured generation   total 24580K, used 23080K [0x00000000eaaa0000, 0x00000000ec2a1000, 0x0000000100000000)
   the space 24580K,  93% used [0x00000000eaaa0000, 0x00000000ec12a060, 0x00000000ec12a200, 0x00000000ec2a1000)
 Metaspace       used 58540K, capacity 62360K, committed 62592K, reserved 1103872K
  class space    used 8101K, capacity 8728K, committed 8832K, reserved 1048576K
}
Event: 15.532 GC heap before
{Heap before GC invocations=127 (full 3):
 def new generation   total 11136K, used 11135K [0x00000000e0000000, 0x00000000e0c10000, 0x00000000eaaa0000)
  eden space 9920K, 100% used [0x00000000e0000000, 0x00000000e09b0000, 0x00000000e09b0000)
  from space 1216K,  99% used [0x00000000e0ae0000, 0x00000000e0c0fff8, 0x00000000e0c10000)
  to   space 1216K,   0% used [0x00000000e09b0000, 0x00000000e09b0000, 0x00000000e0ae0000)
 tenured generation   total 24580K, used 23080K [0x00000000eaaa0000, 0x00000000ec2a1000, 0x0000000100000000)
   the space 24580K,  93% used [0x00000000eaaa0000, 0x00000000ec12a060, 0x00000000ec12a200, 0x00000000ec2a1000)
 Metaspace       used 59011K, capacity 62782K, committed 62848K, reserved 1103872K
  class space    used 8185K, capacity 8799K, committed 8832K, reserved 1048576K
Event: 15.543 GC heap after
Heap after GC invocations=128 (full 3):
 def new generation   total 11136K, used 709K [0x00000000e0000000, 0x00000000e0c10000, 0x00000000eaaa0000)
  eden space 9920K,   0% used [0x00000000e0000000, 0x00000000e0000000, 0x00000000e09b0000)
  from space 1216K,  58% used [0x00000000e09b0000, 0x00000000e0a61458, 0x00000000e0ae0000)
  to   space 1216K,   0% used [0x00000000e0ae0000, 0x00000000e0ae0000, 0x00000000e0c10000)
 tenured generation   total 24580K, used 24248K [0x00000000eaaa0000, 0x00000000ec2a1000, 0x0000000100000000)
   the space 24580K,  98% used [0x00000000eaaa0000, 0x00000000ec24e278, 0x00000000ec24e400, 0x00000000ec2a1000)
 Metaspace       used 59011K, capacity 62782K, committed 62848K, reserved 1103872K
  class space    used 8185K, capacity 8799K, committed 8832K, reserved 1048576K
}
Event: 15.685 GC heap before
{Heap before GC invocations=128 (full 3):
 def new generation   total 11136K, used 10629K [0x00000000e0000000, 0x00000000e0c10000, 0x00000000eaaa0000)
  eden space 9920K, 100% used [0x00000000e0000000, 0x00000000e09b0000, 0x00000000e09b0000)
  from space 1216K,  58% used [0x00000000e09b0000, 0x00000000e0a61458, 0x00000000e0ae0000)
  to   space 1216K,   0% used [0x00000000e0ae0000, 0x00000000e0ae0000, 0x00000000e0c10000)
 tenured generation   total 24580K, used 24248K [0x00000000eaaa0000, 0x00000000ec2a1000, 0x0000000100000000)
   the space 24580K,  98% used [0x00000000eaaa0000, 0x00000000ec24e278, 0x00000000ec24e400, 0x00000000ec2a1000)
 Metaspace       used 59157K, capacity 63080K, committed 63232K, reserved 1103872K
  class space    used 8211K, capacity 8846K, committed 8960K, reserved 1048576K
Event: 15.691 GC heap after
Heap after GC invocations=129 (full 3):
 def new generation   total 11136K, used 540K [0x00000000e0000000, 0x00000000e0c10000, 0x00000000eaaa0000)
  eden space 9920K,   0% used [0x00000000e0000000, 0x00000000e0000000, 0x00000000e09b0000)
  from space 1216K,  44% used [0x00000000e0ae0000, 0x00000000e0b67120, 0x00000000e0c10000)
  to   space 1216K,   0% used [0x00000000e09b0000, 0x00000000e09b0000, 0x00000000e0ae0000)
 tenured generation   total 24580K, used 24472K [0x00000000eaaa0000, 0x00000000ec2a1000, 0x0000000100000000)
   the space 24580K,  99% used [0x00000000eaaa0000, 0x00000000ec286358, 0x00000000ec286400, 0x00000000ec2a1000)
 Metaspace       used 59157K, capacity 63080K, committed 63232K, reserved 1103872K
  class space    used 8211K, capacity 8846K, committed 8960K, reserved 1048576K
}
Event: 15.961 GC heap before
{Heap before GC invocations=129 (full 3):
 def new generation   total 11136K, used 10460K [0x00000000e0000000, 0x00000000e0c10000, 0x00000000eaaa0000)
  eden space 9920K, 100% used [0x00000000e0000000, 0x00000000e09b0000, 0x00000000e09b0000)
  from space 1216K,  44% used [0x00000000e0ae0000, 0x00000000e0b67120, 0x00000000e0c10000)
  to   space 1216K,   0% used [0x00000000e09b0000, 0x00000000e09b0000, 0x00000000e0ae0000)
 tenured generation   total 24580K, used 24472K [0x00000000eaaa0000, 0x00000000ec2a1000, 0x0000000100000000)
   the space 24580K,  99% used [0x00000000eaaa0000, 0x00000000ec286358, 0x00000000ec286400, 0x00000000ec2a1000)
 Metaspace       used 59750K, capacity 63668K, committed 63744K, reserved 1103872K
  class space    used 8293K, capacity 8954K, committed 8960K, reserved 1048576K
Event: 16.230 GC heap after
Heap after GC invocations=130 (full 4):
 def new generation   total 17920K, used 0K [0x00000000e0000000, 0x00000000e1370000, 0x00000000eaaa0000)
  eden space 15936K,   0% used [0x00000000e0000000, 0x00000000e0000000, 0x00000000e0f90000)
  from space 1984K,   0% used [0x00000000e0f90000, 0x00000000e0f90000, 0x00000000e1180000)
  to   space 1984K,   0% used [0x00000000e1180000, 0x00000000e1180000, 0x00000000e1370000)
 tenured generation   total 39716K, used 23829K [0x00000000eaaa0000, 0x00000000ed169000, 0x0000000100000000)
   the space 39716K,  59% used [0x00000000eaaa0000, 0x00000000ec1e55b0, 0x00000000ec1e5600, 0x00000000ed169000)
 Metaspace       used 59750K, capacity 63668K, committed 63744K, reserved 1103872K
  class space    used 8293K, capacity 8954K, committed 8960K, reserved 1048576K
}
Event: 16.550 GC heap before
{Heap before GC invocations=130 (full 4):
 def new generation   total 17920K, used 15936K [0x00000000e0000000, 0x00000000e1370000, 0x00000000eaaa0000)
  eden space 15936K, 100% used [0x00000000e0000000, 0x00000000e0f90000, 0x00000000e0f90000)
  from space 1984K,   0% used [0x00000000e0f90000, 0x00000000e0f90000, 0x00000000e1180000)
  to   space 1984K,   0% used [0x00000000e1180000, 0x00000000e1180000, 0x00000000e1370000)
 tenured generation   total 39716K, used 23829K [0x00000000eaaa0000, 0x00000000ed169000, 0x0000000100000000)
   the space 39716K,  59% used [0x00000000eaaa0000, 0x00000000ec1e55b0, 0x00000000ec1e5600, 0x00000000ed169000)
 Metaspace       used 59946K, capacity 63980K, committed 64128K, reserved 1103872K
  class space    used 8338K, capacity 9016K, committed 9088K, reserved 1048576K
Event: 16.562 GC heap after
Heap after GC invocations=131 (full 4):
 def new generation   total 17920K, used 655K [0x00000000e0000000, 0x00000000e1370000, 0x00000000eaaa0000)
  eden space 15936K,   0% used [0x00000000e0000000, 0x00000000e0000000, 0x00000000e0f90000)
  from space 1984K,  33% used [0x00000000e1180000, 0x00000000e1223ed8, 0x00000000e1370000)
  to   space 1984K,   0% used [0x00000000e0f90000, 0x00000000e0f90000, 0x00000000e1180000)
 tenured generation   total 39716K, used 23829K [0x00000000eaaa0000, 0x00000000ed169000, 0x0000000100000000)
   the space 39716K,  59% used [0x00000000eaaa0000, 0x00000000ec1e55b0, 0x00000000ec1e5600, 0x00000000ed169000)
 Metaspace       used 59946K, capacity 63980K, committed 64128K, reserved 1103872K
  class space    used 8338K, capacity 9016K, committed 9088K, reserved 1048576K
}
Event: 16.754 GC heap before
{Heap before GC invocations=131 (full 4):
 def new generation   total 17920K, used 16591K [0x00000000e0000000, 0x00000000e1370000, 0x00000000eaaa0000)
  eden space 15936K, 100% used [0x00000000e0000000, 0x00000000e0f90000, 0x00000000e0f90000)
  from space 1984K,  33% used [0x00000000e1180000, 0x00000000e1223ed8, 0x00000000e1370000)
  to   space 1984K,   0% used [0x00000000e0f90000, 0x00000000e0f90000, 0x00000000e1180000)
 tenured generation   total 39716K, used 23829K [0x00000000eaaa0000, 0x00000000ed169000, 0x0000000100000000)
   the space 39716K,  59% used [0x00000000eaaa0000, 0x00000000ec1e55b0, 0x00000000ec1e5600, 0x00000000ed169000)
 Metaspace       used 60107K, capacity 64136K, committed 64384K, reserved 1103872K
  class space    used 8361K, capacity 9022K, committed 9088K, reserved 1048576K
Event: 16.759 GC heap after
Heap after GC invocations=132 (full 4):
 def new generation   total 17920K, used 1166K [0x00000000e0000000, 0x00000000e1370000, 0x00000000eaaa0000)
  eden space 15936K,   0% used [0x00000000e0000000, 0x00000000e0000000, 0x00000000e0f90000)
  from space 1984K,  58% used [0x00000000e0f90000, 0x00000000e10b3b50, 0x00000000e1180000)
  to   space 1984K,   0% used [0x00000000e1180000, 0x00000000e1180000, 0x00000000e1370000)
 tenured generation   total 39716K, used 23829K [0x00000000eaaa0000, 0x00000000ed169000, 0x0000000100000000)
   the space 39716K,  59% used [0x00000000eaaa0000, 0x00000000ec1e55b0, 0x00000000ec1e5600, 0x00000000ed169000)
 Metaspace       used 60107K, capacity 64136K, committed 64384K, reserved 1103872K
  class space    used 8361K, capacity 9022K, committed 9088K, reserved 1048576K
}
Event: 16.964 GC heap before
{Heap before GC invocations=132 (full 4):
 def new generation   total 17920K, used 17102K [0x00000000e0000000, 0x00000000e1370000, 0x00000000eaaa0000)
  eden space 15936K, 100% used [0x00000000e0000000, 0x00000000e0f90000, 0x00000000e0f90000)
  from space 1984K,  58% used [0x00000000e0f90000, 0x00000000e10b3b50, 0x00000000e1180000)
  to   space 1984K,   0% used [0x00000000e1180000, 0x00000000e1180000, 0x00000000e1370000)
 tenured generation   total 39716K, used 23829K [0x00000000eaaa0000, 0x00000000ed169000, 0x0000000100000000)
   the space 39716K,  59% used [0x00000000eaaa0000, 0x00000000ec1e55b0, 0x00000000ec1e5600, 0x00000000ed169000)
 Metaspace       used 60338K, capacity 64384K, committed 64640K, reserved 1105920K
  class space    used 8396K, capacity 9058K, committed 9088K, reserved 1048576K
Event: 16.972 GC heap after
Heap after GC invocations=133 (full 4):
 def new generation   total 17920K, used 1265K [0x00000000e0000000, 0x00000000e1370000, 0x00000000eaaa0000)
  eden space 15936K,   0% used [0x00000000e0000000, 0x00000000e0000000, 0x00000000e0f90000)
  from space 1984K,  63% used [0x00000000e1180000, 0x00000000e12bc5d8, 0x00000000e1370000)
  to   space 1984K,   0% used [0x00000000e0f90000, 0x00000000e0f90000, 0x00000000e1180000)
 tenured generation   total 39716K, used 24285K [0x00000000eaaa0000, 0x00000000ed169000, 0x0000000100000000)
   the space 39716K,  61% used [0x00000000eaaa0000, 0x00000000ec257658, 0x00000000ec257800, 0x00000000ed169000)
 Metaspace       used 60338K, capacity 64384K, committed 64640K, reserved 1105920K
  class space    used 8396K, capacity 9058K, committed 9088K, reserved 1048576K
}
Event: 17.239 GC heap before
{Heap before GC invocations=133 (full 4):
 def new generation   total 17920K, used 17201K [0x00000000e0000000, 0x00000000e1370000, 0x00000000eaaa0000)
  eden space 15936K, 100% used [0x00000000e0000000, 0x00000000e0f90000, 0x00000000e0f90000)
  from space 1984K,  63% used [0x00000000e1180000, 0x00000000e12bc5d8, 0x00000000e1370000)
  to   space 1984K,   0% used [0x00000000e0f90000, 0x00000000e0f90000, 0x00000000e1180000)
 tenured generation   total 39716K, used 24285K [0x00000000eaaa0000, 0x00000000ed169000, 0x0000000100000000)
   the space 39716K,  61% used [0x00000000eaaa0000, 0x00000000ec257658, 0x00000000ec257800, 0x00000000ed169000)
 Metaspace       used 60490K, capacity 64576K, committed 64768K, reserved 1105920K
  class space    used 8416K, capacity 9096K, committed 9216K, reserved 1048576K
Event: 17.257 GC heap after
Heap after GC invocations=134 (full 4):
 def new generation   total 17920K, used 1983K [0x00000000e0000000, 0x00000000e1370000, 0x00000000eaaa0000)
  eden space 15936K,   0% used [0x00000000e0000000, 0x00000000e0000000, 0x00000000e0f90000)
  from space 1984K,  99% used [0x00000000e0f90000, 0x00000000e117fff8, 0x00000000e1180000)
  to   space 1984K,   0% used [0x00000000e1180000, 0x00000000e1180000, 0x00000000e1370000)
 tenured generation   total 39716K, used 25860K [0x00000000eaaa0000, 0x00000000ed169000, 0x0000000100000000)
   the space 39716K,  65% used [0x00000000eaaa0000, 0x00000000ec3e1188, 0x00000000ec3e1200, 0x00000000ed169000)
 Metaspace       used 60490K, capacity 64576K, committed 64768K, reserved 1105920K
  class space    used 8416K, capacity 9096K, committed 9216K, reserved 1048576K
}
Event: 17.459 GC heap before
{Heap before GC invocations=134 (full 4):
 def new generation   total 17920K, used 17919K [0x00000000e0000000, 0x00000000e1370000, 0x00000000eaaa0000)
  eden space 15936K, 100% used [0x00000000e0000000, 0x00000000e0f90000, 0x00000000e0f90000)
  from space 1984K,  99% used [0x00000000e0f90000, 0x00000000e117fff8, 0x00000000e1180000)
  to   space 1984K,   0% used [0x00000000e1180000, 0x00000000e1180000, 0x00000000e1370000)
 tenured generation   total 39716K, used 25860K [0x00000000eaaa0000, 0x00000000ed169000, 0x0000000100000000)
   the space 39716K,  65% used [0x00000000eaaa0000, 0x00000000ec3e1188, 0x00000000ec3e1200, 0x00000000ed169000)
 Metaspace       used 60740K, capacity 64870K, committed 65024K, reserved 1105920K
  class space    used 8453K, capacity 9115K, committed 9216K, reserved 1048576K
Event: 17.474 GC heap after
Heap after GC invocations=135 (full 4):
 def new generation   total 17920K, used 885K [0x00000000e0000000, 0x00000000e1370000, 0x00000000eaaa0000)
  eden space 15936K,   0% used [0x00000000e0000000, 0x00000000e0000000, 0x00000000e0f90000)
  from space 1984K,  44% used [0x00000000e1180000, 0x00000000e125d490, 0x00000000e1370000)
  to   space 1984K,   0% used [0x00000000e0f90000, 0x00000000e0f90000, 0x00000000e1180000)
 tenured generation   total 39716K, used 27840K [0x00000000eaaa0000, 0x00000000ed169000, 0x0000000100000000)
   the space 39716K,  70% used [0x00000000eaaa0000, 0x00000000ec5d02d8, 0x00000000ec5d0400, 0x00000000ed169000)
 Metaspace       used 60740K, capacity 64870K, committed 65024K, reserved 1105920K
  class space    used 8453K, capacity 9115K, committed 9216K, reserved 1048576K
}
Event: 17.731 GC heap before
{Heap before GC invocations=135 (full 4):
 def new generation   total 17920K, used 16821K [0x00000000e0000000, 0x00000000e1370000, 0x00000000eaaa0000)
  eden space 15936K, 100% used [0x00000000e0000000, 0x00000000e0f90000, 0x00000000e0f90000)
  from space 1984K,  44% used [0x00000000e1180000, 0x00000000e125d490, 0x00000000e1370000)
  to   space 1984K,   0% used [0x00000000e0f90000, 0x00000000e0f90000, 0x00000000e1180000)
 tenured generation   total 39716K, used 27840K [0x00000000eaaa0000, 0x00000000ed169000, 0x0000000100000000)
   the space 39716K,  70% used [0x00000000eaaa0000, 0x00000000ec5d02d8, 0x00000000ec5d0400, 0x00000000ed169000)
 Metaspace       used 61278K, capacity 65482K, committed 65536K, reserved 1105920K
  class space    used 8519K, capacity 9201K, committed 9216K, reserved 1048576K
Event: 17.737 GC heap after
Heap after GC invocations=136 (full 4):
 def new generation   total 17920K, used 1495K [0x00000000e0000000, 0x00000000e1370000, 0x00000000eaaa0000)
  eden space 15936K,   0% used [0x00000000e0000000, 0x00000000e0000000, 0x00000000e0f90000)
  from space 1984K,  75% used [0x00000000e0f90000, 0x00000000e1105d50, 0x00000000e1180000)
  to   space 1984K,   0% used [0x00000000e1180000, 0x00000000e1180000, 0x00000000e1370000)
 tenured generation   total 39716K, used 27840K [0x00000000eaaa0000, 0x00000000ed169000, 0x0000000100000000)
   the space 39716K,  70% used [0x00000000eaaa0000, 0x00000000ec5d02d8, 0x00000000ec5d0400, 0x00000000ed169000)
 Metaspace       used 61278K, capacity 65482K, committed 65536K, reserved 1105920K
  class space    used 8519K, capacity 9201K, committed 9216K, reserved 1048576K
}
Event: 17.998 GC heap before
{Heap before GC invocations=136 (full 4):
 def new generation   total 17920K, used 17431K [0x00000000e0000000, 0x00000000e1370000, 0x00000000eaaa0000)
  eden space 15936K, 100% used [0x00000000e0000000, 0x00000000e0f90000, 0x00000000e0f90000)
  from space 1984K,  75% used [0x00000000e0f90000, 0x00000000e1105d50, 0x00000000e1180000)
  to   space 1984K,   0% used [0x00000000e1180000, 0x00000000e1180000, 0x00000000e1370000)
 tenured generation   total 39716K, used 27840K [0x00000000eaaa0000, 0x00000000ed169000, 0x0000000100000000)
   the space 39716K,  70% used [0x00000000eaaa0000, 0x00000000ec5d02d8, 0x00000000ec5d0400, 0x00000000ed169000)
 Metaspace       used 62193K, capacity 66584K, committed 66816K, reserved 1105920K
  class space    used 8690K, capacity 9432K, committed 9472K, reserved 1048576K
Event: 18.007 GC heap after
Heap after GC invocations=137 (full 4):
 def new generation   total 17920K, used 1686K [0x00000000e0000000, 0x00000000e1370000, 0x00000000eaaa0000)
  eden space 15936K,   0% used [0x00000000e0000000, 0x00000000e0000000, 0x00000000e0f90000)
  from space 1984K,  85% used [0x00000000e1180000, 0x00000000e1325a78, 0x00000000e1370000)
  to   space 1984K,   0% used [0x00000000e0f90000, 0x00000000e0f90000, 0x00000000e1180000)
 tenured generation   total 39716K, used 28530K [0x00000000eaaa0000, 0x00000000ed169000, 0x0000000100000000)
   the space 39716K,  71% used [0x00000000eaaa0000, 0x00000000ec67cb08, 0x00000000ec67cc00, 0x00000000ed169000)
 Metaspace       used 62193K, capacity 66584K, committed 66816K, reserved 1105920K
  class space    used 8690K, capacity 9432K, committed 9472K, reserved 1048576K
}
Event: 18.343 GC heap before
{Heap before GC invocations=137 (full 4):
 def new generation   total 17920K, used 17622K [0x00000000e0000000, 0x00000000e1370000, 0x00000000eaaa0000)
  eden space 15936K, 100% used [0x00000000e0000000, 0x00000000e0f90000, 0x00000000e0f90000)
  from space 1984K,  85% used [0x00000000e1180000, 0x00000000e1325a78, 0x00000000e1370000)
  to   space 1984K,   0% used [0x00000000e0f90000, 0x00000000e0f90000, 0x00000000e1180000)
 tenured generation   total 39716K, used 28530K [0x00000000eaaa0000, 0x00000000ed169000, 0x0000000100000000)
   the space 39716K,  71% used [0x00000000eaaa0000, 0x00000000ec67cb08, 0x00000000ec67cc00, 0x00000000ed169000)
 Metaspace       used 64181K, capacity 68642K, committed 68736K, reserved 1107968K
  class space    used 9022K, capacity 9763K, committed 9856K, reserved 1048576K
Event: 18.350 GC heap after
Heap after GC invocations=138 (full 4):
 def new generation   total 17920K, used 1685K [0x00000000e0000000, 0x00000000e1370000, 0x00000000eaaa0000)
  eden space 15936K,   0% used [0x00000000e0000000, 0x00000000e0000000, 0x00000000e0f90000)
  from space 1984K,  84% used [0x00000000e0f90000, 0x00000000e1135698, 0x00000000e1180000)
  to   space 1984K,   0% used [0x00000000e1180000, 0x00000000e1180000, 0x00000000e1370000)
 tenured generation   total 39716K, used 29447K [0x00000000eaaa0000, 0x00000000ed169000, 0x0000000100000000)
   the space 39716K,  74% used [0x00000000eaaa0000, 0x00000000ec761ea8, 0x00000000ec762000, 0x00000000ed169000)
 Metaspace       used 64181K, capacity 68642K, committed 68736K, reserved 1107968K
  class space    used 9022K, capacity 9763K, committed 9856K, reserved 1048576K
}
Event: 18.648 GC heap before
{Heap before GC invocations=138 (full 4):
 def new generation   total 17920K, used 17621K [0x00000000e0000000, 0x00000000e1370000, 0x00000000eaaa0000)
  eden space 15936K, 100% used [0x00000000e0000000, 0x00000000e0f90000, 0x00000000e0f90000)
  from space 1984K,  84% used [0x00000000e0f90000, 0x00000000e1135698, 0x00000000e1180000)
  to   space 1984K,   0% used [0x00000000e1180000, 0x00000000e1180000, 0x00000000e1370000)
 tenured generation   total 39716K, used 29447K [0x00000000eaaa0000, 0x00000000ed169000, 0x0000000100000000)
   the space 39716K,  74% used [0x00000000eaaa0000, 0x00000000ec761ea8, 0x00000000ec762000, 0x00000000ed169000)
 Metaspace       used 64528K, capacity 69082K, committed 69248K, reserved 1107968K
  class space    used 9074K, capacity 9825K, committed 9856K, reserved 1048576K
Event: 18.653 GC heap after
Heap after GC invocations=139 (full 4):
 def new generation   total 17920K, used 1054K [0x00000000e0000000, 0x00000000e1370000, 0x00000000eaaa0000)
  eden space 15936K,   0% used [0x00000000e0000000, 0x00000000e0000000, 0x00000000e0f90000)
  from space 1984K,  53% used [0x00000000e1180000, 0x00000000e12879b0, 0x00000000e1370000)
  to   space 1984K,   0% used [0x00000000e0f90000, 0x00000000e0f90000, 0x00000000e1180000)
 tenured generation   total 39716K, used 29664K [0x00000000eaaa0000, 0x00000000ed169000, 0x0000000100000000)
   the space 39716K,  74% used [0x00000000eaaa0000, 0x00000000ec7980f0, 0x00000000ec798200, 0x00000000ed169000)
 Metaspace       used 64528K, capacity 69082K, committed 69248K, reserved 1107968K
  class space    used 9074K, capacity 9825K, committed 9856K, reserved 1048576K
}
Event: 18.817 GC heap before
{Heap before GC invocations=139 (full 4):
 def new generation   total 17920K, used 16990K [0x00000000e0000000, 0x00000000e1370000, 0x00000000eaaa0000)
  eden space 15936K, 100% used [0x00000000e0000000, 0x00000000e0f90000, 0x00000000e0f90000)
  from space 1984K,  53% used [0x00000000e1180000, 0x00000000e12879b0, 0x00000000e1370000)
  to   space 1984K,   0% used [0x00000000e0f90000, 0x00000000e0f90000, 0x00000000e1180000)
 tenured generation   total 39716K, used 29664K [0x00000000eaaa0000, 0x00000000ed169000, 0x0000000100000000)
   the space 39716K,  74% used [0x00000000eaaa0000, 0x00000000ec7980f0, 0x00000000ec798200, 0x00000000ed169000)
 Metaspace       used 64556K, capacity 69086K, committed 69248K, reserved 1107968K
  class space    used 9074K, capacity 9825K, committed 9856K, reserved 1048576K
Event: 18.833 GC heap after
Heap after GC invocations=140 (full 4):
 def new generation   total 17920K, used 1372K [0x00000000e0000000, 0x00000000e1370000, 0x00000000eaaa0000)
  eden space 15936K,   0% used [0x00000000e0000000, 0x00000000e0000000, 0x00000000e0f90000)
  from space 1984K,  69% used [0x00000000e0f90000, 0x00000000e10e7028, 0x00000000e1180000)
  to   space 1984K,   0% used [0x00000000e1180000, 0x00000000e1180000, 0x00000000e1370000)
 tenured generation   total 39716K, used 30415K [0x00000000eaaa0000, 0x00000000ed169000, 0x0000000100000000)
   the space 39716K,  76% used [0x00000000eaaa0000, 0x00000000ec853dc0, 0x00000000ec853e00, 0x00000000ed169000)
 Metaspace       used 64556K, capacity 69086K, committed 69248K, reserved 1107968K
  class space    used 9074K, capacity 9825K, committed 9856K, reserved 1048576K
}
Event: 18.991 GC heap before
{Heap before GC invocations=140 (full 4):
 def new generation   total 17920K, used 17308K [0x00000000e0000000, 0x00000000e1370000, 0x00000000eaaa0000)
  eden space 15936K, 100% used [0x00000000e0000000, 0x00000000e0f90000, 0x00000000e0f90000)
  from space 1984K,  69% used [0x00000000e0f90000, 0x00000000e10e7028, 0x00000000e1180000)
  to   space 1984K,   0% used [0x00000000e1180000, 0x00000000e1180000, 0x00000000e1370000)
 tenured generation   total 39716K, used 30415K [0x00000000eaaa0000, 0x00000000ed169000, 0x0000000100000000)
   the space 39716K,  76% used [0x00000000eaaa0000, 0x00000000ec853dc0, 0x00000000ec853e00, 0x00000000ed169000)
 Metaspace       used 64580K, capacity 69150K, committed 69248K, reserved 1107968K
  class space    used 9074K, capacity 9825K, committed 9856K, reserved 1048576K
Event: 19.001 GC heap after
Heap after GC invocations=141 (full 4):
 def new generation   total 17920K, used 938K [0x00000000e0000000, 0x00000000e1370000, 0x00000000eaaa0000)
  eden space 15936K,   0% used [0x00000000e0000000, 0x00000000e0000000, 0x00000000e0f90000)
  from space 1984K,  47% used [0x00000000e1180000, 0x00000000e126a908, 0x00000000e1370000)
  to   space 1984K,   0% used [0x00000000e0f90000, 0x00000000e0f90000, 0x00000000e1180000)
 tenured generation   total 39716K, used 31430K [0x00000000eaaa0000, 0x00000000ed169000, 0x0000000100000000)
   the space 39716K,  79% used [0x00000000eaaa0000, 0x00000000ec951a30, 0x00000000ec951c00, 0x00000000ed169000)
 Metaspace       used 64580K, capacity 69150K, committed 69248K, reserved 1107968K
  class space    used 9074K, capacity 9825K, committed 9856K, reserved 1048576K
}
Event: 19.290 GC heap before
{Heap before GC invocations=141 (full 4):
 def new generation   total 17920K, used 16874K [0x00000000e0000000, 0x00000000e1370000, 0x00000000eaaa0000)
  eden space 15936K, 100% used [0x00000000e0000000, 0x00000000e0f90000, 0x00000000e0f90000)
  from space 1984K,  47% used [0x00000000e1180000, 0x00000000e126a908, 0x00000000e1370000)
  to   space 1984K,   0% used [0x00000000e0f90000, 0x00000000e0f90000, 0x00000000e1180000)
 tenured generation   total 39716K, used 31430K [0x00000000eaaa0000, 0x00000000ed169000, 0x0000000100000000)
   the space 39716K,  79% used [0x00000000eaaa0000, 0x00000000ec951a30, 0x00000000ec951c00, 0x00000000ed169000)
 Metaspace       used 64678K, capacity 69284K, committed 69504K, reserved 1110016K
  class space    used 9076K, capacity 9826K, committed 9856K, reserved 1048576K
Event: 19.300 GC heap after
Heap after GC invocations=142 (full 4):
 def new generation   total 17920K, used 1417K [0x00000000e0000000, 0x00000000e1370000, 0x00000000eaaa0000)
  eden space 15936K,   0% used [0x00000000e0000000, 0x00000000e0000000, 0x00000000e0f90000)
  from space 1984K,  71% used [0x00000000e0f90000, 0x00000000e10f25f0, 0x00000000e1180000)
  to   space 1984K,   0% used [0x00000000e1180000, 0x00000000e1180000, 0x00000000e1370000)
 tenured generation   total 39716K, used 31430K [0x00000000eaaa0000, 0x00000000ed169000, 0x0000000100000000)
   the space 39716K,  79% used [0x00000000eaaa0000, 0x00000000ec951a30, 0x00000000ec951c00, 0x00000000ed169000)
 Metaspace       used 64678K, capacity 69284K, committed 69504K, reserved 1110016K
  class space    used 9076K, capacity 9826K, committed 9856K, reserved 1048576K
}
Event: 19.434 GC heap before
{Heap before GC invocations=142 (full 4):
 def new generation   total 17920K, used 17353K [0x00000000e0000000, 0x00000000e1370000, 0x00000000eaaa0000)
  eden space 15936K, 100% used [0x00000000e0000000, 0x00000000e0f90000, 0x00000000e0f90000)
  from space 1984K,  71% used [0x00000000e0f90000, 0x00000000e10f25f0, 0x00000000e1180000)
  to   space 1984K,   0% used [0x00000000e1180000, 0x00000000e1180000, 0x00000000e1370000)
 tenured generation   total 39716K, used 31430K [0x00000000eaaa0000, 0x00000000ed169000, 0x0000000100000000)
   the space 39716K,  79% used [0x00000000eaaa0000, 0x00000000ec951a30, 0x00000000ec951c00, 0x00000000ed169000)
 Metaspace       used 64682K, capacity 69284K, committed 69504K, reserved 1110016K
  class space    used 9076K, capacity 9826K, committed 9856K, reserved 1048576K
Event: 19.449 GC heap after
Heap after GC invocations=143 (full 4):
 def new generation   total 17920K, used 1294K [0x00000000e0000000, 0x00000000e1370000, 0x00000000eaaa0000)
  eden space 15936K,   0% used [0x00000000e0000000, 0x00000000e0000000, 0x00000000e0f90000)
  from space 1984K,  65% used [0x00000000e1180000, 0x00000000e12c38d0, 0x00000000e1370000)
  to   space 1984K,   0% used [0x00000000e0f90000, 0x00000000e0f90000, 0x00000000e1180000)
 tenured generation   total 39716K, used 31910K [0x00000000eaaa0000, 0x00000000ed169000, 0x0000000100000000)
   the space 39716K,  80% used [0x00000000eaaa0000, 0x00000000ec9c99c0, 0x00000000ec9c9a00, 0x00000000ed169000)
 Metaspace       used 64682K, capacity 69284K, committed 69504K, reserved 1110016K
  class space    used 9076K, capacity 9826K, committed 9856K, reserved 1048576K
}
Event: 19.678 GC heap before
{Heap before GC invocations=143 (full 4):
 def new generation   total 17920K, used 17230K [0x00000000e0000000, 0x00000000e1370000, 0x00000000eaaa0000)
  eden space 15936K, 100% used [0x00000000e0000000, 0x00000000e0f90000, 0x00000000e0f90000)
  from space 1984K,  65% used [0x00000000e1180000, 0x00000000e12c38d0, 0x00000000e1370000)
  to   space 1984K,   0% used [0x00000000e0f90000, 0x00000000e0f90000, 0x00000000e1180000)
 tenured generation   total 39716K, used 31910K [0x00000000eaaa0000, 0x00000000ed169000, 0x0000000100000000)
   the space 39716K,  80% used [0x00000000eaaa0000, 0x00000000ec9c99c0, 0x00000000ec9c9a00, 0x00000000ed169000)
 Metaspace       used 65008K, capacity 69578K, committed 69888K, reserved 1110016K
  class space    used 9121K, capacity 9859K, committed 9984K, reserved 1048576K
Event: 19.693 GC heap after
Heap after GC invocations=144 (full 4):
 def new generation   total 17920K, used 1436K [0x00000000e0000000, 0x00000000e1370000, 0x00000000eaaa0000)
  eden space 15936K,   0% used [0x00000000e0000000, 0x00000000e0000000, 0x00000000e0f90000)
  from space 1984K,  72% used [0x00000000e0f90000, 0x00000000e10f7370, 0x00000000e1180000)
  to   space 1984K,   0% used [0x00000000e1180000, 0x00000000e1180000, 0x00000000e1370000)
 tenured generation   total 39716K, used 32727K [0x00000000eaaa0000, 0x00000000ed169000, 0x0000000100000000)
   the space 39716K,  82% used [0x00000000eaaa0000, 0x00000000eca95c18, 0x00000000eca95e00, 0x00000000ed169000)
 Metaspace       used 65008K, capacity 69578K, committed 69888K, reserved 1110016K
  class space    used 9121K, capacity 9859K, committed 9984K, reserved 1048576K
}
Event: 20.132 GC heap before
{Heap before GC invocations=144 (full 4):
 def new generation   total 17920K, used 17372K [0x00000000e0000000, 0x00000000e1370000, 0x00000000eaaa0000)
  eden space 15936K, 100% used [0x00000000e0000000, 0x00000000e0f90000, 0x00000000e0f90000)
  from space 1984K,  72% used [0x00000000e0f90000, 0x00000000e10f7370, 0x00000000e1180000)
  to   space 1984K,   0% used [0x00000000e1180000, 0x00000000e1180000, 0x00000000e1370000)
 tenured generation   total 39716K, used 32727K [0x00000000eaaa0000, 0x00000000ed169000, 0x0000000100000000)
   the space 39716K,  82% used [0x00000000eaaa0000, 0x00000000eca95c18, 0x00000000eca95e00, 0x00000000ed169000)
 Metaspace       used 66447K, capacity 71048K, committed 71296K, reserved 1110016K
  class space    used 9258K, capacity 10024K, committed 10112K, reserved 1048576K
Event: 20.143 GC heap after
Heap after GC invocations=145 (full 4):
 def new generation   total 17920K, used 1983K [0x00000000e0000000, 0x00000000e1370000, 0x00000000eaaa0000)
  eden space 15936K,   0% used [0x00000000e0000000, 0x00000000e0000000, 0x00000000e0f90000)
  from space 1984K,  99% used [0x00000000e1180000, 0x00000000e136fff8, 0x00000000e1370000)
  to   space 1984K,   0% used [0x00000000e0f90000, 0x00000000e0f90000, 0x00000000e1180000)
 tenured generation   total 39716K, used 33777K [0x00000000eaaa0000, 0x00000000ed169000, 0x0000000100000000)
   the space 39716K,  85% used [0x00000000eaaa0000, 0x00000000ecb9c490, 0x00000000ecb9c600, 0x00000000ed169000)
 Metaspace       used 66447K, capacity 71048K, committed 71296K, reserved 1110016K
  class space    used 9258K, capacity 10024K, committed 10112K, reserved 1048576K
}
Event: 20.152 GC heap before
{Heap before GC invocations=145 (full 4):
 def new generation   total 17920K, used 17882K [0x00000000e0000000, 0x00000000e1370000, 0x00000000eaaa0000)
  eden space 15936K,  99% used [0x00000000e0000000, 0x00000000e0f86910, 0x00000000e0f90000)
  from space 1984K,  99% used [0x00000000e1180000, 0x00000000e136fff8, 0x00000000e1370000)
  to   space 1984K,   0% used [0x00000000e0f90000, 0x00000000e0f90000, 0x00000000e1180000)
 tenured generation   total 39716K, used 33777K [0x00000000eaaa0000, 0x00000000ed169000, 0x0000000100000000)
   the space 39716K,  85% used [0x00000000eaaa0000, 0x00000000ecb9c490, 0x00000000ecb9c600, 0x00000000ed169000)
 Metaspace       used 66447K, capacity 71048K, committed 71296K, reserved 1110016K
  class space    used 9258K, capacity 10024K, committed 10112K, reserved 1048576K
Event: 20.162 GC heap after
Heap after GC invocations=146 (full 4):
 def new generation   total 17920K, used 48K [0x00000000e0000000, 0x00000000e1370000, 0x00000000eaaa0000)
  eden space 15936K,   0% used [0x00000000e0000000, 0x00000000e0000000, 0x00000000e0f90000)
  from space 1984K,   2% used [0x00000000e0f90000, 0x00000000e0f9c100, 0x00000000e1180000)
  to   space 1984K,   0% used [0x00000000e1180000, 0x00000000e1180000, 0x00000000e1370000)
 tenured generation   total 39716K, used 35746K [0x00000000eaaa0000, 0x00000000ed169000, 0x0000000100000000)
   the space 39716K,  90% used [0x00000000eaaa0000, 0x00000000ecd88958, 0x00000000ecd88a00, 0x00000000ed169000)
 Metaspace       used 66447K, capacity 71048K, committed 71296K, reserved 1110016K
  class space    used 9258K, capacity 10024K, committed 10112K, reserved 1048576K
}
Event: 20.167 GC heap before
{Heap before GC invocations=146 (full 4):
 def new generation   total 17920K, used 15966K [0x00000000e0000000, 0x00000000e1370000, 0x00000000eaaa0000)
  eden space 15936K,  99% used [0x00000000e0000000, 0x00000000e0f8b7a0, 0x00000000e0f90000)
  from space 1984K,   2% used [0x00000000e0f90000, 0x00000000e0f9c100, 0x00000000e1180000)
  to   space 1984K,   0% used [0x00000000e1180000, 0x00000000e1180000, 0x00000000e1370000)
 tenured generation   total 39716K, used 35746K [0x00000000eaaa0000, 0x00000000ed169000, 0x0000000100000000)
   the space 39716K,  90% used [0x00000000eaaa0000, 0x00000000ecd88958, 0x00000000ecd88a00, 0x00000000ed169000)
 Metaspace       used 66447K, capacity 71048K, committed 71296K, reserved 1110016K
  class space    used 9258K, capacity 10024K, committed 10112K, reserved 1048576K
Event: 20.169 GC heap after
Heap after GC invocations=147 (full 4):
 def new generation   total 17920K, used 66K [0x00000000e0000000, 0x00000000e1370000, 0x00000000eaaa0000)
  eden space 15936K,   0% used [0x00000000e0000000, 0x00000000e0000000, 0x00000000e0f90000)
  from space 1984K,   3% used [0x00000000e1180000, 0x00000000e1190b68, 0x00000000e1370000)
  to   space 1984K,   0% used [0x00000000e0f90000, 0x00000000e0f90000, 0x00000000e1180000)
 tenured generation   total 39716K, used 35746K [0x00000000eaaa0000, 0x00000000ed169000, 0x0000000100000000)
   the space 39716K,  90% used [0x00000000eaaa0000, 0x00000000ecd88958, 0x00000000ecd88a00, 0x00000000ed169000)
 Metaspace       used 66447K, capacity 71048K, committed 71296K, reserved 1110016K
  class space    used 9258K, capacity 10024K, committed 10112K, reserved 1048576K
}
Event: 20.440 GC heap before
{Heap before GC invocations=147 (full 4):
 def new generation   total 17920K, used 16002K [0x00000000e0000000, 0x00000000e1370000, 0x00000000eaaa0000)
  eden space 15936K, 100% used [0x00000000e0000000, 0x00000000e0f90000, 0x00000000e0f90000)
  from space 1984K,   3% used [0x00000000e1180000, 0x00000000e1190b68, 0x00000000e1370000)
  to   space 1984K,   0% used [0x00000000e0f90000, 0x00000000e0f90000, 0x00000000e1180000)
 tenured generation   total 39716K, used 35746K [0x00000000eaaa0000, 0x00000000ed169000, 0x0000000100000000)
   the space 39716K,  90% used [0x00000000eaaa0000, 0x00000000ecd88958, 0x00000000ecd88a00, 0x00000000ed169000)
 Metaspace       used 66779K, capacity 71344K, committed 71552K, reserved 1110016K
  class space    used 9295K, capacity 10058K, committed 10112K, reserved 1048576K
Event: 20.445 GC heap after
Heap after GC invocations=148 (full 4):
 def new generation   total 17920K, used 898K [0x00000000e0000000, 0x00000000e1370000, 0x00000000eaaa0000)
  eden space 15936K,   0% used [0x00000000e0000000, 0x00000000e0000000, 0x00000000e0f90000)
  from space 1984K,  45% used [0x00000000e0f90000, 0x00000000e1070ae8, 0x00000000e1180000)
  to   space 1984K,   0% used [0x00000000e1180000, 0x00000000e1180000, 0x00000000e1370000)
 tenured generation   total 39716K, used 35746K [0x00000000eaaa0000, 0x00000000ed169000, 0x0000000100000000)
   the space 39716K,  90% used [0x00000000eaaa0000, 0x00000000ecd88958, 0x00000000ecd88a00, 0x00000000ed169000)
 Metaspace       used 66779K, capacity 71344K, committed 71552K, reserved 1110016K
  class space    used 9295K, capacity 10058K, committed 10112K, reserved 1048576K
}
Event: 20.610 GC heap before
{Heap before GC invocations=148 (full 4):
 def new generation   total 17920K, used 16834K [0x00000000e0000000, 0x00000000e1370000, 0x00000000eaaa0000)
  eden space 15936K, 100% used [0x00000000e0000000, 0x00000000e0f90000, 0x00000000e0f90000)
  from space 1984K,  45% used [0x00000000e0f90000, 0x00000000e1070ae8, 0x00000000e1180000)
  to   space 1984K,   0% used [0x00000000e1180000, 0x00000000e1180000, 0x00000000e1370000)
 tenured generation   total 39716K, used 35746K [0x00000000eaaa0000, 0x00000000ed169000, 0x0000000100000000)
   the space 39716K,  90% used [0x00000000eaaa0000, 0x00000000ecd88958, 0x00000000ecd88a00, 0x00000000ed169000)
 Metaspace       used 66827K, capacity 71486K, committed 71552K, reserved 1110016K
  class space    used 9296K, capacity 10059K, committed 10112K, reserved 1048576K
Event: 20.616 GC heap after
Heap after GC invocations=149 (full 4):
 def new generation   total 17920K, used 1145K [0x00000000e0000000, 0x00000000e1370000, 0x00000000eaaa0000)
  eden space 15936K,   0% used [0x00000000e0000000, 0x00000000e0000000, 0x00000000e0f90000)
  from space 1984K,  57% used [0x00000000e1180000, 0x00000000e129e5a8, 0x00000000e1370000)
  to   space 1984K,   0% used [0x00000000e0f90000, 0x00000000e0f90000, 0x00000000e1180000)
 tenured generation   total 39716K, used 35746K [0x00000000eaaa0000, 0x00000000ed169000, 0x0000000100000000)
   the space 39716K,  90% used [0x00000000eaaa0000, 0x00000000ecd88958, 0x00000000ecd88a00, 0x00000000ed169000)
 Metaspace       used 66827K, capacity 71486K, committed 71552K, reserved 1110016K
  class space    used 9296K, capacity 10059K, committed 10112K, reserved 1048576K
}
Event: 20.777 GC heap before
{Heap before GC invocations=149 (full 4):
 def new generation   total 17920K, used 17081K [0x00000000e0000000, 0x00000000e1370000, 0x00000000eaaa0000)
  eden space 15936K, 100% used [0x00000000e0000000, 0x00000000e0f90000, 0x00000000e0f90000)
  from space 1984K,  57% used [0x00000000e1180000, 0x00000000e129e5a8, 0x00000000e1370000)
  to   space 1984K,   0% used [0x00000000e0f90000, 0x00000000e0f90000, 0x00000000e1180000)
 tenured generation   total 39716K, used 35746K [0x00000000eaaa0000, 0x00000000ed169000, 0x0000000100000000)
   the space 39716K,  90% used [0x00000000eaaa0000, 0x00000000ecd88958, 0x00000000ecd88a00, 0x00000000ed169000)
 Metaspace       used 66881K, capacity 71486K, committed 71552K, reserved 1110016K
  class space    used 9296K, capacity 10059K, committed 10112K, reserved 1048576K
Event: 20.783 GC heap after
Heap after GC invocations=150 (full 4):
 def new generation   total 17920K, used 1132K [0x00000000e0000000, 0x00000000e1370000, 0x00000000eaaa0000)
  eden space 15936K,   0% used [0x00000000e0000000, 0x00000000e0000000, 0x00000000e0f90000)
  from space 1984K,  57% used [0x00000000e0f90000, 0x00000000e10ab2f8, 0x00000000e1180000)
  to   space 1984K,   0% used [0x00000000e1180000, 0x00000000e1180000, 0x00000000e1370000)
 tenured generation   total 39716K, used 36257K [0x00000000eaaa0000, 0x00000000ed169000, 0x0000000100000000)
   the space 39716K,  91% used [0x00000000eaaa0000, 0x00000000ece086d8, 0x00000000ece08800, 0x00000000ed169000)
 Metaspace       used 66881K, capacity 71486K, committed 71552K, reserved 1110016K
  class space    used 9296K, capacity 10059K, committed 10112K, reserved 1048576K
}
Event: 21.001 GC heap before
{Heap before GC invocations=150 (full 4):
 def new generation   total 17920K, used 17068K [0x00000000e0000000, 0x00000000e1370000, 0x00000000eaaa0000)
  eden space 15936K, 100% used [0x00000000e0000000, 0x00000000e0f90000, 0x00000000e0f90000)
  from space 1984K,  57% used [0x00000000e0f90000, 0x00000000e10ab2f8, 0x00000000e1180000)
  to   space 1984K,   0% used [0x00000000e1180000, 0x00000000e1180000, 0x00000000e1370000)
 tenured generation   total 39716K, used 36257K [0x00000000eaaa0000, 0x00000000ed169000, 0x0000000100000000)
   the space 39716K,  91% used [0x00000000eaaa0000, 0x00000000ece086d8, 0x00000000ece08800, 0x00000000ed169000)
 Metaspace       used 66976K, capacity 71564K, committed 71808K, reserved 1112064K
  class space    used 9305K, capacity 10062K, committed 10112K, reserved 1048576K
Event: 21.008 GC heap after
Heap after GC invocations=151 (full 4):
 def new generation   total 17920K, used 915K [0x00000000e0000000, 0x00000000e1370000, 0x00000000eaaa0000)
  eden space 15936K,   0% used [0x00000000e0000000, 0x00000000e0000000, 0x00000000e0f90000)
  from space 1984K,  46% used [0x00000000e1180000, 0x00000000e1264dd8, 0x00000000e1370000)
  to   space 1984K,   0% used [0x00000000e0f90000, 0x00000000e0f90000, 0x00000000e1180000)
 tenured generation   total 39716K, used 36871K [0x00000000eaaa0000, 0x00000000ed169000, 0x0000000100000000)
   the space 39716K,  92% used [0x00000000eaaa0000, 0x00000000ecea1ce0, 0x00000000ecea1e00, 0x00000000ed169000)
 Metaspace       used 66976K, capacity 71564K, committed 71808K, reserved 1112064K
  class space    used 9305K, capacity 10062K, committed 10112K, reserved 1048576K
}
Event: 21.203 GC heap before
{Heap before GC invocations=151 (full 4):
 def new generation   total 17920K, used 16851K [0x00000000e0000000, 0x00000000e1370000, 0x00000000eaaa0000)
  eden space 15936K, 100% used [0x00000000e0000000, 0x00000000e0f90000, 0x00000000e0f90000)
  from space 1984K,  46% used [0x00000000e1180000, 0x00000000e1264dd8, 0x00000000e1370000)
  to   space 1984K,   0% used [0x00000000e0f90000, 0x00000000e0f90000, 0x00000000e1180000)
 tenured generation   total 39716K, used 36871K [0x00000000eaaa0000, 0x00000000ed169000, 0x0000000100000000)
   the space 39716K,  92% used [0x00000000eaaa0000, 0x00000000ecea1ce0, 0x00000000ecea1e00, 0x00000000ed169000)
 Metaspace       used 67377K, capacity 71982K, committed 72064K, reserved 1112064K
  class space    used 9357K, capacity 10095K, committed 10112K, reserved 1048576K
Event: 21.209 GC heap after
Heap after GC invocations=152 (full 4):
 def new generation   total 17920K, used 1624K [0x00000000e0000000, 0x00000000e1370000, 0x00000000eaaa0000)
  eden space 15936K,   0% used [0x00000000e0000000, 0x00000000e0000000, 0x00000000e0f90000)
  from space 1984K,  81% used [0x00000000e0f90000, 0x00000000e11261a8, 0x00000000e1180000)
  to   space 1984K,   0% used [0x00000000e1180000, 0x00000000e1180000, 0x00000000e1370000)
 tenured generation   total 39716K, used 36871K [0x00000000eaaa0000, 0x00000000ed169000, 0x0000000100000000)
   the space 39716K,  92% used [0x00000000eaaa0000, 0x00000000ecea1ce0, 0x00000000ecea1e00, 0x00000000ed169000)
 Metaspace       used 67377K, capacity 71982K, committed 72064K, reserved 1112064K
  class space    used 9357K, capacity 10095K, committed 10112K, reserved 1048576K
}
Event: 21.334 GC heap before
{Heap before GC invocations=152 (full 4):
 def new generation   total 17920K, used 17560K [0x00000000e0000000, 0x00000000e1370000, 0x00000000eaaa0000)
  eden space 15936K, 100% used [0x00000000e0000000, 0x00000000e0f90000, 0x00000000e0f90000)
  from space 1984K,  81% used [0x00000000e0f90000, 0x00000000e11261a8, 0x00000000e1180000)
  to   space 1984K,   0% used [0x00000000e1180000, 0x00000000e1180000, 0x00000000e1370000)
 tenured generation   total 39716K, used 36871K [0x00000000eaaa0000, 0x00000000ed169000, 0x0000000100000000)
   the space 39716K,  92% used [0x00000000eaaa0000, 0x00000000ecea1ce0, 0x00000000ecea1e00, 0x00000000ed169000)
 Metaspace       used 67397K, capacity 72004K, committed 72064K, reserved 1112064K
  class space    used 9359K, capacity 10098K, committed 10112K, reserved 1048576K
Event: 21.341 GC heap after
Heap after GC invocations=153 (full 4):
 def new generation   total 17920K, used 1009K [0x00000000e0000000, 0x00000000e1370000, 0x00000000eaaa0000)
  eden space 15936K,   0% used [0x00000000e0000000, 0x00000000e0000000, 0x00000000e0f90000)
  from space 1984K,  50% used [0x00000000e1180000, 0x00000000e127c7b0, 0x00000000e1370000)
  to   space 1984K,   0% used [0x00000000e0f90000, 0x00000000e0f90000, 0x00000000e1180000)
 tenured generation   total 39716K, used 37761K [0x00000000eaaa0000, 0x00000000ed169000, 0x0000000100000000)
   the space 39716K,  95% used [0x00000000eaaa0000, 0x00000000ecf80438, 0x00000000ecf80600, 0x00000000ed169000)
 Metaspace       used 67397K, capacity 72004K, committed 72064K, reserved 1112064K
  class space    used 9359K, capacity 10098K, committed 10112K, reserved 1048576K
}
Event: 21.484 GC heap before
{Heap before GC invocations=153 (full 4):
 def new generation   total 17920K, used 16945K [0x00000000e0000000, 0x00000000e1370000, 0x00000000eaaa0000)
  eden space 15936K, 100% used [0x00000000e0000000, 0x00000000e0f90000, 0x00000000e0f90000)
  from space 1984K,  50% used [0x00000000e1180000, 0x00000000e127c7b0, 0x00000000e1370000)
  to   space 1984K,   0% used [0x00000000e0f90000, 0x00000000e0f90000, 0x00000000e1180000)
 tenured generation   total 39716K, used 37761K [0x00000000eaaa0000, 0x00000000ed169000, 0x0000000100000000)
   the space 39716K,  95% used [0x00000000eaaa0000, 0x00000000ecf80438, 0x00000000ecf80600, 0x00000000ed169000)
 Metaspace       used 67416K, capacity 72004K, committed 72064K, reserved 1112064K
  class space    used 9359K, capacity 10098K, committed 10112K, reserved 1048576K
Event: 21.493 GC heap after
Heap after GC invocations=154 (full 4):
 def new generation   total 17920K, used 1122K [0x00000000e0000000, 0x00000000e1370000, 0x00000000eaaa0000)
  eden space 15936K,   0% used [0x00000000e0000000, 0x00000000e0000000, 0x00000000e0f90000)
  from space 1984K,  56% used [0x00000000e0f90000, 0x00000000e10a8ac0, 0x00000000e1180000)
  to   space 1984K,   0% used [0x00000000e1180000, 0x00000000e1180000, 0x00000000e1370000)
 tenured generation   total 39716K, used 38168K [0x00000000eaaa0000, 0x00000000ed169000, 0x0000000100000000)
   the space 39716K,  96% used [0x00000000eaaa0000, 0x00000000ecfe6270, 0x00000000ecfe6400, 0x00000000ed169000)
 Metaspace       used 67416K, capacity 72004K, committed 72064K, reserved 1112064K
  class space    used 9359K, capacity 10098K, committed 10112K, reserved 1048576K
}
Event: 21.650 GC heap before
{Heap before GC invocations=154 (full 4):
 def new generation   total 17920K, used 17058K [0x00000000e0000000, 0x00000000e1370000, 0x00000000eaaa0000)
  eden space 15936K, 100% used [0x00000000e0000000, 0x00000000e0f90000, 0x00000000e0f90000)
  from space 1984K,  56% used [0x00000000e0f90000, 0x00000000e10a8ac0, 0x00000000e1180000)
  to   space 1984K,   0% used [0x00000000e1180000, 0x00000000e1180000, 0x00000000e1370000)
 tenured generation   total 39716K, used 38168K [0x00000000eaaa0000, 0x00000000ed169000, 0x0000000100000000)
   the space 39716K,  96% used [0x00000000eaaa0000, 0x00000000ecfe6270, 0x00000000ecfe6400, 0x00000000ed169000)
 Metaspace       used 67450K, capacity 72032K, committed 72064K, reserved 1112064K
  class space    used 9361K, capacity 10102K, committed 10112K, reserved 1048576K
Event: 21.656 GC heap after
Heap after GC invocations=155 (full 4):
 def new generation   total 17920K, used 1148K [0x00000000e0000000, 0x00000000e1370000, 0x00000000eaaa0000)
  eden space 15936K,   0% used [0x00000000e0000000, 0x00000000e0000000, 0x00000000e0f90000)
  from space 1984K,  57% used [0x00000000e1180000, 0x00000000e129f3f8, 0x00000000e1370000)
  to   space 1984K,   0% used [0x00000000e0f90000, 0x00000000e0f90000, 0x00000000e1180000)
 tenured generation   total 39716K, used 38742K [0x00000000eaaa0000, 0x00000000ed169000, 0x0000000100000000)
   the space 39716K,  97% used [0x00000000eaaa0000, 0x00000000ed075b10, 0x00000000ed075c00, 0x00000000ed169000)
 Metaspace       used 67450K, capacity 72032K, committed 72064K, reserved 1112064K
  class space    used 9361K, capacity 10102K, committed 10112K, reserved 1048576K
}
Event: 21.754 GC heap before
{Heap before GC invocations=155 (full 4):
 def new generation   total 17920K, used 17084K [0x00000000e0000000, 0x00000000e1370000, 0x00000000eaaa0000)
  eden space 15936K, 100% used [0x00000000e0000000, 0x00000000e0f90000, 0x00000000e0f90000)
  from space 1984K,  57% used [0x00000000e1180000, 0x00000000e129f3f8, 0x00000000e1370000)
  to   space 1984K,   0% used [0x00000000e0f90000, 0x00000000e0f90000, 0x00000000e1180000)
 tenured generation   total 39716K, used 38742K [0x00000000eaaa0000, 0x00000000ed169000, 0x0000000100000000)
   the space 39716K,  97% used [0x00000000eaaa0000, 0x00000000ed075b10, 0x00000000ed075c00, 0x00000000ed169000)
 Metaspace       used 67450K, capacity 72032K, committed 72064K, reserved 1112064K
  class space    used 9361K, capacity 10102K, committed 10112K, reserved 1048576K
Event: 21.760 GC heap after
Heap after GC invocations=156 (full 4):
 def new generation   total 17920K, used 871K [0x00000000e0000000, 0x00000000e1370000, 0x00000000eaaa0000)
  eden space 15936K,   0% used [0x00000000e0000000, 0x00000000e0000000, 0x00000000e0f90000)
  from space 1984K,  43% used [0x00000000e0f90000, 0x00000000e1069ce8, 0x00000000e1180000)
  to   space 1984K,   0% used [0x00000000e1180000, 0x00000000e1180000, 0x00000000e1370000)
 tenured generation   total 39716K, used 39261K [0x00000000eaaa0000, 0x00000000ed169000, 0x0000000100000000)
   the space 39716K,  98% used [0x00000000eaaa0000, 0x00000000ed0f7408, 0x00000000ed0f7600, 0x00000000ed169000)
 Metaspace       used 67450K, capacity 72032K, committed 72064K, reserved 1112064K
  class space    used 9361K, capacity 10102K, committed 10112K, reserved 1048576K
}
Event: 21.867 GC heap before
{Heap before GC invocations=156 (full 4):
 def new generation   total 17920K, used 16807K [0x00000000e0000000, 0x00000000e1370000, 0x00000000eaaa0000)
  eden space 15936K, 100% used [0x00000000e0000000, 0x00000000e0f90000, 0x00000000e0f90000)
  from space 1984K,  43% used [0x00000000e0f90000, 0x00000000e1069ce8, 0x00000000e1180000)
  to   space 1984K,   0% used [0x00000000e1180000, 0x00000000e1180000, 0x00000000e1370000)
 tenured generation   total 39716K, used 39261K [0x00000000eaaa0000, 0x00000000ed169000, 0x0000000100000000)
   the space 39716K,  98% used [0x00000000eaaa0000, 0x00000000ed0f7408, 0x00000000ed0f7600, 0x00000000ed169000)
 Metaspace       used 67454K, capacity 72032K, committed 72064K, reserved 1112064K
  class space    used 9361K, capacity 10102K, committed 10112K, reserved 1048576K
Event: 21.872 GC heap after
Heap after GC invocations=157 (full 4):
 def new generation   total 17920K, used 1212K [0x00000000e0000000, 0x00000000e1370000, 0x00000000eaaa0000)
  eden space 15936K,   0% used [0x00000000e0000000, 0x00000000e0000000, 0x00000000e0f90000)
  from space 1984K,  61% used [0x00000000e1180000, 0x00000000e12af028, 0x00000000e1370000)
  to   space 1984K,   0% used [0x00000000e0f90000, 0x00000000e0f90000, 0x00000000e1180000)
 tenured generation   total 39716K, used 39261K [0x00000000eaaa0000, 0x00000000ed169000, 0x0000000100000000)
   the space 39716K,  98% used [0x00000000eaaa0000, 0x00000000ed0f7408, 0x00000000ed0f7600, 0x00000000ed169000)
 Metaspace       used 67454K, capacity 72032K, committed 72064K, reserved 1112064K
  class space    used 9361K, capacity 10102K, committed 10112K, reserved 1048576K
}
Event: 22.001 GC heap before
{Heap before GC invocations=157 (full 4):
 def new generation   total 17920K, used 17148K [0x00000000e0000000, 0x00000000e1370000, 0x00000000eaaa0000)
  eden space 15936K, 100% used [0x00000000e0000000, 0x00000000e0f90000, 0x00000000e0f90000)
  from space 1984K,  61% used [0x00000000e1180000, 0x00000000e12af028, 0x00000000e1370000)
  to   space 1984K,   0% used [0x00000000e0f90000, 0x00000000e0f90000, 0x00000000e1180000)
 tenured generation   total 39716K, used 39261K [0x00000000eaaa0000, 0x00000000ed169000, 0x0000000100000000)
   the space 39716K,  98% used [0x00000000eaaa0000, 0x00000000ed0f7408, 0x00000000ed0f7600, 0x00000000ed169000)
 Metaspace       used 67465K, capacity 72036K, committed 72064K, reserved 1112064K
  class space    used 9361K, capacity 10102K, committed 10112K, reserved 1048576K

